::1 - guest [29/Aug/2018:10:39:32 -0480] "GET / HTTP/1.1" 200 994
::1 - guest [29/Aug/2018:10:39:32 -0480] "GET /content/global.css HTTP/1.1" 200 1507
::1 - guest [29/Aug/2018:10:39:32 -0480] "GET /content/brands.css HTTP/1.1" 200 648
::1 - guest [29/Aug/2018:10:39:32 -0480] "GET /content/fontawesome.css HTTP/1.1" 200 45557
::1 - guest [29/Aug/2018:10:39:32 -0480] "GET /script/global.js HTTP/1.1" 200 0
::1 - guest [29/Aug/2018:10:39:32 -0480] "GET /content/notosansscsliced.css HTTP/1.1" 200 251196
::1 - guest [29/Aug/2018:10:39:32 -0480] "GET /font/NotoSansSCSliced-Medium.100.woff2 HTTP/1.1" 200 636696
::1 - guest [29/Aug/2018:10:39:32 -0480] "GET /font/NotoSansSCSliced-Regular.100.woff2 HTTP/1.1" 200 631612
::1 - guest [29/Aug/2018:10:39:32 -0480] "GET /font/fa-brands-400.woff2 HTTP/1.1" 200 64144
::1 - guest [29/Aug/2018:10:39:32 -0480] "GET /font/NotoSansSCSliced-Regular.86.woff2 HTTP/1.1" 200 70092
::1 - guest [29/Aug/2018:10:39:36 -0480] "GET / HTTP/1.1" 200 994
::1 - guest [29/Aug/2018:10:39:36 -0480] "GET /content/global.css HTTP/1.1" 200 1507
::1 - guest [29/Aug/2018:10:39:36 -0480] "GET /content/brands.css HTTP/1.1" 200 648
::1 - guest [29/Aug/2018:10:39:36 -0480] "GET /content/fontawesome.css HTTP/1.1" 200 45557
::1 - guest [29/Aug/2018:10:39:36 -0480] "GET /script/global.js HTTP/1.1" 200 0
::1 - guest [29/Aug/2018:10:39:36 -0480] "GET /content/notosansscsliced.css HTTP/1.1" 200 251196
::1 - guest [29/Aug/2018:10:39:36 -0480] "GET /font/NotoSansSCSliced-Medium.100.woff2 HTTP/1.1" 200 636696
::1 - guest [29/Aug/2018:10:39:36 -0480] "GET /font/NotoSansSCSliced-Regular.100.woff2 HTTP/1.1" 200 631612
::1 - guest [29/Aug/2018:10:39:36 -0480] "GET /font/fa-brands-400.woff2 HTTP/1.1" 200 64144
::1 - guest [29/Aug/2018:10:39:36 -0480] "GET /font/NotoSansSCSliced-Regular.86.woff2 HTTP/1.1" 200 70092
::1 - guest [29/Aug/2018:10:39:47 -0480] "GET / HTTP/1.1" 200 994
::1 - guest [29/Aug/2018:10:39:47 -0480] "GET /content/global.css HTTP/1.1" 200 1507
::1 - guest [29/Aug/2018:10:39:47 -0480] "GET /content/brands.css HTTP/1.1" 200 648
::1 - guest [29/Aug/2018:10:39:47 -0480] "GET /content/fontawesome.css HTTP/1.1" 200 45557
::1 - guest [29/Aug/2018:10:39:47 -0480] "GET /script/global.js HTTP/1.1" 200 0
::1 - guest [29/Aug/2018:10:39:47 -0480] "GET /content/notosansscsliced.css HTTP/1.1" 200 251196
::1 - guest [29/Aug/2018:10:39:47 -0480] "GET /font/NotoSansSCSliced-Medium.100.woff2 HTTP/1.1" 200 636696
::1 - guest [29/Aug/2018:10:39:47 -0480] "GET /font/NotoSansSCSliced-Regular.100.woff2 HTTP/1.1" 200 631612
::1 - guest [29/Aug/2018:10:39:47 -0480] "GET /font/fa-brands-400.woff2 HTTP/1.1" 200 64144
::1 - guest [29/Aug/2018:10:39:47 -0480] "GET /font/NotoSansSCSliced-Regular.86.woff2 HTTP/1.1" 200 70092
::1 - guest [29/Aug/2018:10:40:02 -0480] "GET / HTTP/1.1" 200 994
::1 - guest [29/Aug/2018:10:40:02 -0480] "GET /content/global.css HTTP/1.1" 200 1507
::1 - guest [29/Aug/2018:10:40:02 -0480] "GET /content/brands.css HTTP/1.1" 200 648
::1 - guest [29/Aug/2018:10:40:02 -0480] "GET /content/fontawesome.css HTTP/1.1" 200 45557
::1 - guest [29/Aug/2018:10:40:02 -0480] "GET /script/global.js HTTP/1.1" 200 0
::1 - guest [29/Aug/2018:10:40:02 -0480] "GET /content/notosansscsliced.css HTTP/1.1" 200 251196
::1 - guest [29/Aug/2018:10:40:02 -0480] "GET /font/NotoSansSCSliced-Medium.100.woff2 HTTP/1.1" 200 636696
::1 - guest [29/Aug/2018:10:40:02 -0480] "GET /font/NotoSansSCSliced-Regular.100.woff2 HTTP/1.1" 200 631612
::1 - guest [29/Aug/2018:10:40:02 -0480] "GET /font/fa-brands-400.woff2 HTTP/1.1" 200 64144
::1 - guest [29/Aug/2018:10:40:02 -0480] "GET /font/NotoSansSCSliced-Regular.86.woff2 HTTP/1.1" 200 70092
::1 - guest [29/Aug/2018:13:09:32 -0480] "GET /robots.txt HTTP/1.1" 404 3458
::1 - guest [29/Aug/2018:13:09:32 -0480] "GET / HTTP/1.1" 200 1018
::1 - guest [29/Aug/2018:13:09:33 -0480] "GET /asset/home.m4v HTTP/1.1" 206 10485760
::1 - guest [29/Aug/2018:13:09:39 -0480] "GET /asset/home.m4v HTTP/1.1" 206 10485760
::1 - guest [29/Aug/2018:13:09:54 -0480] "GET /asset/home.m4v HTTP/1.1" 206 10485760
::1 - guest [29/Aug/2018:13:10:11 -0480] "GET /asset/home.m4v HTTP/1.1" 206 10485760
::1 - guest [29/Aug/2018:13:10:27 -0480] "GET /asset/home.m4v HTTP/1.1" 206 1250696
::1 - guest [29/Aug/2018:13:10:48 -0480] "GET /asset/home.m4v HTTP/1.1" 206 10485760
::1 - guest [29/Aug/2018:13:10:49 -0480] "GET /asset/home.m4v HTTP/1.1" 206 10485760
::1 - guest [29/Aug/2018:13:11:02 -0480] "GET /asset/home.m4v HTTP/1.1" 206 10485760
::1 - guest [29/Aug/2018:13:11:23 -0480] "GET /asset/home.m4v HTTP/1.1" 206 10392968
::1 - guest [29/Aug/2018:13:11:32 -0480] "GET /content/global.css HTTP/1.1" 200 1507
::1 - guest [29/Aug/2018:13:11:32 -0480] "GET /content/brands.css HTTP/1.1" 200 648
::1 - guest [29/Aug/2018:13:11:32 -0480] "GET /asset/home.png HTTP/1.1" 200 1237588
::1 - guest [29/Aug/2018:13:12:04 -0480] "GET /asset/home.m4v HTTP/1.1" 206 10485760
::1 - guest [29/Aug/2018:13:12:04 -0480] "GET /asset/home.m4v HTTP/1.1" 206 10485760
::1 - guest [29/Aug/2018:13:12:17 -0480] "GET /asset/home.m4v HTTP/1.1" 206 10485760
::1 - guest [29/Aug/2018:13:12:27 -0480] "GET /asset/home.m4v HTTP/1.1" 206 10485760
::1 - guest [29/Aug/2018:13:12:35 -0480] "GET /asset/home.m4v HTTP/1.1" 206 10485760
::1 - guest [29/Aug/2018:13:12:52 -0480] "GET /asset/home.m4v HTTP/1.1" 206 2299272
::1 - guest [29/Aug/2018:13:13:20 -0480] "GET /asset/home.m4v HTTP/1.1" 206 10485760
::1 - guest [29/Aug/2018:13:13:20 -0480] "GET /asset/home.m4v HTTP/1.1" 206 10485760
::1 - guest [29/Aug/2018:13:13:32 -0480] "GET /content/notosansscsliced.css HTTP/1.1" 200 251196
::1 - guest [29/Aug/2018:13:13:34 -0480] "GET /asset/home.m4v HTTP/1.1" 206 10485760
::1 - guest [29/Aug/2018:13:13:43 -0480] "GET /asset/home.m4v HTTP/1.1" 206 10485760
::1 - guest [29/Aug/2018:13:13:50 -0480] "GET /asset/home.m4v HTTP/1.1" 206 10485760
::1 - guest [29/Aug/2018:13:14:08 -0480] "GET /asset/home.m4v HTTP/1.1" 206 2332040
::1 - guest [29/Aug/2018:13:14:35 -0480] "GET /asset/home.m4v HTTP/1.1" 206 10485760
::1 - guest [29/Aug/2018:13:14:35 -0480] "GET /asset/home.m4v HTTP/1.1" 206 10485760
::1 - guest [29/Aug/2018:13:14:49 -0480] "GET /asset/home.m4v HTTP/1.1" 206 10485760
::1 - guest [29/Aug/2018:13:14:58 -0480] "GET /asset/home.m4v HTTP/1.1" 206 10485760
::1 - guest [29/Aug/2018:13:15:05 -0480] "GET /asset/home.m4v HTTP/1.1" 206 10485760
::1 - guest [29/Aug/2018:13:15:23 -0480] "GET /asset/home.m4v HTTP/1.1" 206 2594184
::1 - guest [29/Aug/2018:13:15:32 -0480] "GET /font/NotoSansSCSliced-Medium.100.woff2 HTTP/1.1" 200 636696
::1 - guest [29/Aug/2018:13:15:32 -0480] "GET /font/NotoSansSCSliced-Regular.100.woff HTTP/1.1" 404 3458
::1 - guest [29/Aug/2018:13:15:33 -0480] "GET /font/NotoSansSCSliced-Regular.100.otf HTTP/1.1" 404 3458
::1 - guest [29/Aug/2018:13:15:33 -0480] "GET /font/NotoSansSCSliced-Regular.14.woff2 HTTP/1.1" 404 3458
::1 - guest [29/Aug/2018:13:15:33 -0480] "GET /font/NotoSansSCSliced-Regular.86.woff HTTP/1.1" 404 3458
::1 - guest [29/Aug/2018:13:15:33 -0480] "GET /font/NotoSansSCSliced-Regular.14.woff HTTP/1.1" 404 3458
::1 - guest [29/Aug/2018:13:15:33 -0480] "GET /font/NotoSansSCSliced-Regular.86.otf HTTP/1.1" 404 3458
::1 - guest [29/Aug/2018:13:15:33 -0480] "GET /font/NotoSansSCSliced-Regular.14.otf HTTP/1.1" 404 3458
::1 - guest [29/Aug/2018:13:15:51 -0480] "GET /asset/home.m4v HTTP/1.1" 206 10485760
::1 - guest [29/Aug/2018:13:15:51 -0480] "GET /asset/home.m4v HTTP/1.1" 206 10485760
::1 - guest [29/Aug/2018:13:16:04 -0480] "GET /asset/home.m4v HTTP/1.1" 206 10485760
::1 - guest [29/Aug/2018:13:16:13 -0480] "GET /asset/home.m4v HTTP/1.1" 206 10485760
::1 - guest [29/Aug/2018:13:16:21 -0480] "GET /asset/home.m4v HTTP/1.1" 206 10485760
::1 - guest [29/Aug/2018:13:16:24 -0480] "GET / HTTP/1.1" 200 1003
::1 - guest [29/Aug/2018:13:16:24 -0480] "GET /content/global.css HTTP/1.1" 200 1507
::1 - guest [29/Aug/2018:13:16:24 -0480] "GET /content/brands.css HTTP/1.1" 200 648
::1 - guest [29/Aug/2018:13:16:24 -0480] "GET /content/fontawesome.css HTTP/1.1" 200 45557
::1 - guest [29/Aug/2018:13:16:24 -0480] "GET /asset/home.png HTTP/1.1" 200 1237588
::1 - guest [29/Aug/2018:13:16:24 -0480] "GET /script/global.js HTTP/1.1" 200 0
::1 - guest [29/Aug/2018:13:16:24 -0480] "GET /content/notosansscsliced.css HTTP/1.1" 200 251196
::1 - guest [29/Aug/2018:13:16:24 -0480] "GET /asset/home.m4v HTTP/1.1" 206 10485760
::1 - guest [29/Aug/2018:13:16:24 -0480] "GET /font/NotoSansSCSliced-Medium.100.woff2 HTTP/1.1" 200 636696
::1 - guest [29/Aug/2018:13:16:24 -0480] "GET /font/NotoSansSCSliced-Regular.100.woff2 HTTP/1.1" 200 631612
::1 - guest [29/Aug/2018:13:16:25 -0480] "GET /font/NotoSansSCSliced-Regular.86.woff2 HTTP/1.1" 200 70092
::1 - guest [29/Aug/2018:13:16:26 -0480] "GET /asset/home.png HTTP/1.1" 200 1237588
::1 - guest [29/Aug/2018:13:16:26 -0480] "GET /asset/home.m4v HTTP/1.1" 206 10485760
::1 - guest [29/Aug/2018:13:16:44 -0480] "GET / HTTP/1.1" 200 1003
::1 - guest [29/Aug/2018:13:16:44 -0480] "GET /content/global.css HTTP/1.1" 200 1507
::1 - guest [29/Aug/2018:13:16:44 -0480] "GET /content/brands.css HTTP/1.1" 200 648
::1 - guest [29/Aug/2018:13:16:44 -0480] "GET /content/fontawesome.css HTTP/1.1" 200 45557
::1 - guest [29/Aug/2018:13:16:44 -0480] "GET /asset/home.png HTTP/1.1" 200 1237588
::1 - guest [29/Aug/2018:13:16:44 -0480] "GET /script/global.js HTTP/1.1" 200 0
::1 - guest [29/Aug/2018:13:16:44 -0480] "GET /content/notosansscsliced.css HTTP/1.1" 200 251196
::1 - guest [29/Aug/2018:13:16:45 -0480] "GET /font/NotoSansSCSliced-Medium.100.woff2 HTTP/1.1" 200 636696
::1 - guest [29/Aug/2018:13:16:45 -0480] "GET /font/NotoSansSCSliced-Regular.100.woff2 HTTP/1.1" 200 631612
::1 - guest [29/Aug/2018:13:16:45 -0480] "GET /font/fa-brands-400.woff2 HTTP/1.1" 200 64144
::1 - guest [29/Aug/2018:13:16:45 -0480] "GET /font/NotoSansSCSliced-Regular.86.woff2 HTTP/1.1" 200 70092
::1 - guest [29/Aug/2018:13:16:46 -0480] "GET / HTTP/1.1" 200 1003
::1 - guest [29/Aug/2018:13:16:46 -0480] "GET /content/global.css HTTP/1.1" 200 1544
::1 - guest [29/Aug/2018:13:16:46 -0480] "GET /content/brands.css HTTP/1.1" 200 648
::1 - guest [29/Aug/2018:13:16:46 -0480] "GET /content/fontawesome.css HTTP/1.1" 200 45557
::1 - guest [29/Aug/2018:13:16:46 -0480] "GET /asset/home.png HTTP/1.1" 200 1237588
::1 - guest [29/Aug/2018:13:16:46 -0480] "GET /script/global.js HTTP/1.1" 200 0
::1 - guest [29/Aug/2018:13:16:46 -0480] "GET /content/notosansscsliced.css HTTP/1.1" 200 251196
::1 - guest [29/Aug/2018:13:16:47 -0480] "GET /font/NotoSansSCSliced-Medium.100.woff2 HTTP/1.1" 200 636696
::1 - guest [29/Aug/2018:13:16:47 -0480] "GET /font/NotoSansSCSliced-Regular.100.woff2 HTTP/1.1" 200 631612
::1 - guest [29/Aug/2018:13:16:47 -0480] "GET /font/fa-brands-400.woff2 HTTP/1.1" 200 64144
::1 - guest [29/Aug/2018:13:16:47 -0480] "GET /font/NotoSansSCSliced-Regular.86.woff2 HTTP/1.1" 200 70092
::1 - guest [29/Aug/2018:13:17:13 -0480] "GET /asset/home.m4v HTTP/1.1" 206 10485760
::1 - guest [29/Aug/2018:13:17:21 -0480] "GET / HTTP/1.1" 200 1003
::1 - guest [29/Aug/2018:13:17:21 -0480] "GET /content/global.css HTTP/1.1" 200 1544
::1 - guest [29/Aug/2018:13:17:21 -0480] "GET /content/brands.css HTTP/1.1" 200 648
::1 - guest [29/Aug/2018:13:17:21 -0480] "GET /content/fontawesome.css HTTP/1.1" 200 45557
::1 - guest [29/Aug/2018:13:17:21 -0480] "GET /asset/home.png HTTP/1.1" 200 1237588
::1 - guest [29/Aug/2018:13:17:21 -0480] "GET /script/global.js HTTP/1.1" 200 0
::1 - guest [29/Aug/2018:13:17:22 -0480] "GET /content/notosansscsliced.css HTTP/1.1" 200 251196
::1 - guest [29/Aug/2018:13:17:22 -0480] "GET /asset/home.m4v HTTP/1.1" 206 10485760
::1 - guest [29/Aug/2018:13:17:22 -0480] "GET /font/NotoSansSCSliced-Medium.100.woff2 HTTP/1.1" 200 636696
::1 - guest [29/Aug/2018:13:17:22 -0480] "GET /font/NotoSansSCSliced-Regular.100.woff2 HTTP/1.1" 200 631612
::1 - guest [29/Aug/2018:13:17:22 -0480] "GET /font/fa-brands-400.woff2 HTTP/1.1" 200 64144
::1 - guest [29/Aug/2018:13:17:22 -0480] "GET /font/NotoSansSCSliced-Regular.86.woff2 HTTP/1.1" 200 70092
::1 - guest [29/Aug/2018:13:17:25 -0480] "GET /asset/home.m4v HTTP/1.1" 206 10485760
::1 - guest [29/Aug/2018:13:17:51 -0480] "GET /asset/home.m4v HTTP/1.1" 206 10485760
::1 - guest [29/Aug/2018:13:18:07 -0480] "GET /asset/home.m4v HTTP/1.1" 206 4035976
::1 - guest [29/Aug/2018:13:18:39 -0480] "GET /asset/home.m4v HTTP/1.1" 206 10485760
::1 - guest [29/Aug/2018:13:18:39 -0480] "GET /asset/home.m4v HTTP/1.1" 206 10485760
::1 - guest [29/Aug/2018:13:18:54 -0480] "GET /asset/home.m4v HTTP/1.1" 206 10485760
::1 - guest [29/Aug/2018:13:19:02 -0480] "GET /asset/home.m4v HTTP/1.1" 206 10485760
::1 - guest [29/Aug/2018:13:19:11 -0480] "GET /asset/home.m4v HTTP/1.1" 206 10485760
::1 - guest [29/Aug/2018:13:19:16 -0480] "GET / HTTP/1.1" 200 1003
::1 - guest [29/Aug/2018:13:19:16 -0480] "GET /content/global.css HTTP/1.1" 200 1544
::1 - guest [29/Aug/2018:13:19:16 -0480] "GET /content/brands.css HTTP/1.1" 200 648
::1 - guest [29/Aug/2018:13:19:16 -0480] "GET /content/fontawesome.css HTTP/1.1" 200 45557
::1 - guest [29/Aug/2018:13:19:16 -0480] "GET /asset/home.png HTTP/1.1" 200 1237588
::1 - guest [29/Aug/2018:13:19:16 -0480] "GET /script/global.js HTTP/1.1" 200 0
::1 - guest [29/Aug/2018:13:19:16 -0480] "GET /content/notosansscsliced.css HTTP/1.1" 200 251196
::1 - guest [29/Aug/2018:13:19:16 -0480] "GET /font/NotoSansSCSliced-Medium.100.woff2 HTTP/1.1" 200 636696
::1 - guest [29/Aug/2018:13:19:16 -0480] "GET /font/NotoSansSCSliced-Regular.100.woff2 HTTP/1.1" 200 631612
::1 - guest [29/Aug/2018:13:19:16 -0480] "GET /font/fa-brands-400.woff2 HTTP/1.1" 200 64144
::1 - guest [29/Aug/2018:13:19:16 -0480] "GET /font/NotoSansSCSliced-Regular.86.woff2 HTTP/1.1" 200 70092
::1 - guest [29/Aug/2018:13:19:17 -0480] "GET /asset/home.m4v HTTP/1.1" 206 10485760
::1 - guest [29/Aug/2018:13:19:18 -0480] "GET /asset/home.m4v HTTP/1.1" 206 10485760
::1 - guest [29/Aug/2018:13:19:43 -0480] "GET /asset/home.m4v HTTP/1.1" 206 10485760
::1 - guest [29/Aug/2018:13:20:00 -0480] "GET /asset/home.m4v HTTP/1.1" 206 4625800
::1 - guest [29/Aug/2018:13:20:33 -0480] "GET /asset/home.m4v HTTP/1.1" 206 10485760
::1 - guest [29/Aug/2018:13:20:33 -0480] "GET /asset/home.m4v HTTP/1.1" 206 10485760
::1 - guest [29/Aug/2018:13:20:36 -0480] "GET / HTTP/1.1" 200 1003
::1 - guest [29/Aug/2018:13:20:37 -0480] "GET /content/brands.css HTTP/1.1" 200 648
::1 - guest [29/Aug/2018:13:20:37 -0480] "GET /content/fontawesome.css HTTP/1.1" 200 45557
::1 - guest [29/Aug/2018:13:20:37 -0480] "GET /script/global.js HTTP/1.1" 200 0
::1 - guest [29/Aug/2018:13:20:37 -0480] "GET /asset/home.png HTTP/1.1" 200 1237588
::1 - guest [29/Aug/2018:13:20:37 -0480] "GET /content/global.css HTTP/1.1" 200 1699
::1 - guest [29/Aug/2018:13:20:38 -0480] "GET /content/notosansscsliced.css HTTP/1.1" 200 251196
::1 - guest [29/Aug/2018:13:20:38 -0480] "GET /font/NotoSansSCSliced-Medium.100.woff2 HTTP/1.1" 200 636696
::1 - guest [29/Aug/2018:13:20:38 -0480] "GET /font/NotoSansSCSliced-Regular.100.woff2 HTTP/1.1" 200 631612
::1 - guest [29/Aug/2018:13:20:38 -0480] "GET /font/fa-brands-400.woff2 HTTP/1.1" 200 64144
::1 - guest [29/Aug/2018:13:20:38 -0480] "GET /font/NotoSansSCSliced-Regular.86.woff2 HTTP/1.1" 200 70092
::1 - guest [29/Aug/2018:13:20:39 -0480] "GET /asset/home.png HTTP/1.1" 200 1237588
::1 - guest [29/Aug/2018:13:20:42 -0480] "GET / HTTP/1.1" 200 1003
::1 - guest [29/Aug/2018:13:20:42 -0480] "GET /content/global.css HTTP/1.1" 200 1699
::1 - guest [29/Aug/2018:13:20:42 -0480] "GET /content/brands.css HTTP/1.1" 200 648
::1 - guest [29/Aug/2018:13:20:42 -0480] "GET /content/fontawesome.css HTTP/1.1" 200 45557
::1 - guest [29/Aug/2018:13:20:42 -0480] "GET /asset/home.png HTTP/1.1" 200 1237588
::1 - guest [29/Aug/2018:13:20:42 -0480] "GET /script/global.js HTTP/1.1" 200 0
::1 - guest [29/Aug/2018:13:20:43 -0480] "GET /content/notosansscsliced.css HTTP/1.1" 200 251196
::1 - guest [29/Aug/2018:13:20:43 -0480] "GET /font/NotoSansSCSliced-Medium.100.woff2 HTTP/1.1" 200 636696
::1 - guest [29/Aug/2018:13:20:43 -0480] "GET /font/NotoSansSCSliced-Regular.100.woff2 HTTP/1.1" 200 631612
::1 - guest [29/Aug/2018:13:20:43 -0480] "GET /font/fa-brands-400.woff2 HTTP/1.1" 200 64144
::1 - guest [29/Aug/2018:13:20:43 -0480] "GET /font/NotoSansSCSliced-Regular.86.woff2 HTTP/1.1" 200 70092
::1 - guest [29/Aug/2018:13:20:45 -0480] "GET /asset/home.png HTTP/1.1" 200 1237588
::1 - guest [29/Aug/2018:13:20:49 -0480] "GET /asset/home.m4v HTTP/1.1" 206 10485760
::1 - guest [29/Aug/2018:13:20:59 -0480] "GET / HTTP/1.1" 200 1003
::1 - guest [29/Aug/2018:13:20:59 -0480] "GET /content/global.css HTTP/1.1" 200 1699
::1 - guest [29/Aug/2018:13:20:59 -0480] "GET /content/brands.css HTTP/1.1" 200 648
::1 - guest [29/Aug/2018:13:20:59 -0480] "GET /content/fontawesome.css HTTP/1.1" 200 45557
::1 - guest [29/Aug/2018:13:20:59 -0480] "GET /asset/home.png HTTP/1.1" 200 1237588
::1 - guest [29/Aug/2018:13:20:59 -0480] "GET /script/global.js HTTP/1.1" 200 0
::1 - guest [29/Aug/2018:13:20:59 -0480] "GET /content/notosansscsliced.css HTTP/1.1" 200 251196
::1 - guest [29/Aug/2018:13:20:59 -0480] "GET / HTTP/1.1" 200 1003
::1 - guest [29/Aug/2018:13:20:59 -0480] "GET /content/global.css HTTP/1.1" 200 1698
::1 - guest [29/Aug/2018:13:20:59 -0480] "GET /content/brands.css HTTP/1.1" 200 648
::1 - guest [29/Aug/2018:13:20:59 -0480] "GET /content/fontawesome.css HTTP/1.1" 200 45557
::1 - guest [29/Aug/2018:13:20:59 -0480] "GET /asset/home.png HTTP/1.1" 200 1237588
::1 - guest [29/Aug/2018:13:20:59 -0480] "GET /script/global.js HTTP/1.1" 200 0
::1 - guest [29/Aug/2018:13:20:59 -0480] "GET /content/notosansscsliced.css HTTP/1.1" 200 251196
::1 - guest [29/Aug/2018:13:21:00 -0480] "GET /font/NotoSansSCSliced-Medium.100.woff2 HTTP/1.1" 200 636696
::1 - guest [29/Aug/2018:13:21:00 -0480] "GET /font/NotoSansSCSliced-Regular.100.woff2 HTTP/1.1" 200 631612
::1 - guest [29/Aug/2018:13:21:00 -0480] "GET /font/fa-brands-400.woff2 HTTP/1.1" 200 64144
::1 - guest [29/Aug/2018:13:21:00 -0480] "GET /font/NotoSansSCSliced-Regular.86.woff2 HTTP/1.1" 200 70092
::1 - guest [29/Aug/2018:13:21:01 -0480] "GET /asset/home.m4v HTTP/1.1" 206 10485760
::1 - guest [29/Aug/2018:13:21:11 -0480] "GET / HTTP/1.1" 200 1003
::1 - guest [29/Aug/2018:13:21:11 -0480] "GET /content/global.css HTTP/1.1" 200 1698
::1 - guest [29/Aug/2018:13:21:11 -0480] "GET /content/brands.css HTTP/1.1" 200 648
::1 - guest [29/Aug/2018:13:21:11 -0480] "GET /content/fontawesome.css HTTP/1.1" 200 45557
::1 - guest [29/Aug/2018:13:21:11 -0480] "GET /asset/home.png HTTP/1.1" 200 1237588
::1 - guest [29/Aug/2018:13:21:11 -0480] "GET /script/global.js HTTP/1.1" 200 0
::1 - guest [29/Aug/2018:13:21:11 -0480] "GET /content/notosansscsliced.css HTTP/1.1" 200 251196
::1 - guest [29/Aug/2018:13:21:11 -0480] "GET /asset/home.m4v HTTP/1.1" 206 10485760
::1 - guest [29/Aug/2018:13:21:12 -0480] "GET /font/NotoSansSCSliced-Medium.100.woff2 HTTP/1.1" 200 636696
::1 - guest [29/Aug/2018:13:21:12 -0480] "GET /font/NotoSansSCSliced-Regular.100.woff2 HTTP/1.1" 200 631612
::1 - guest [29/Aug/2018:13:21:12 -0480] "GET /font/fa-brands-400.woff2 HTTP/1.1" 200 64144
::1 - guest [29/Aug/2018:13:21:12 -0480] "GET /font/NotoSansSCSliced-Regular.86.woff2 HTTP/1.1" 200 70092
::1 - guest [29/Aug/2018:13:21:14 -0480] "GET / HTTP/1.1" 200 1003
::1 - guest [29/Aug/2018:13:21:14 -0480] "GET /content/global.css HTTP/1.1" 200 1698
::1 - guest [29/Aug/2018:13:21:14 -0480] "GET /content/brands.css HTTP/1.1" 200 648
::1 - guest [29/Aug/2018:13:21:14 -0480] "GET /content/fontawesome.css HTTP/1.1" 200 45557
::1 - guest [29/Aug/2018:13:21:14 -0480] "GET /asset/home.png HTTP/1.1" 200 1237588
::1 - guest [29/Aug/2018:13:21:14 -0480] "GET /script/global.js HTTP/1.1" 200 0
::1 - guest [29/Aug/2018:13:21:14 -0480] "GET /content/notosansscsliced.css HTTP/1.1" 200 251196
::1 - guest [29/Aug/2018:13:21:15 -0480] "GET /font/NotoSansSCSliced-Medium.100.woff2 HTTP/1.1" 200 636696
::1 - guest [29/Aug/2018:13:21:15 -0480] "GET /font/NotoSansSCSliced-Regular.100.woff2 HTTP/1.1" 200 631612
::1 - guest [29/Aug/2018:13:21:15 -0480] "GET /font/fa-brands-400.woff2 HTTP/1.1" 200 64144
::1 - guest [29/Aug/2018:13:21:15 -0480] "GET /font/NotoSansSCSliced-Regular.86.woff2 HTTP/1.1" 200 70092
::1 - guest [29/Aug/2018:13:21:37 -0480] "GET /asset/home.m4v HTTP/1.1" 206 10485760
::1 - guest [29/Aug/2018:13:21:55 -0480] "GET /asset/home.m4v HTTP/1.1" 206 6493576
::1 - guest [29/Aug/2018:13:23:38 -0480] "GET /asset/home.m4v HTTP/1.1" 206 2069896
::1 - guest [29/Aug/2018:13:23:39 -0480] "GET / HTTP/1.1" 200 1003
::1 - guest [29/Aug/2018:13:23:39 -0480] "GET /content/global.css HTTP/1.1" 200 1698
::1 - guest [29/Aug/2018:13:23:39 -0480] "GET /content/brands.css HTTP/1.1" 200 648
::1 - guest [29/Aug/2018:13:23:39 -0480] "GET /content/fontawesome.css HTTP/1.1" 200 45557
::1 - guest [29/Aug/2018:13:23:39 -0480] "GET /asset/home.png HTTP/1.1" 200 1237588
::1 - guest [29/Aug/2018:13:23:39 -0480] "GET /script/global.js HTTP/1.1" 200 0
::1 - guest [29/Aug/2018:13:23:39 -0480] "GET /content/notosansscsliced.css HTTP/1.1" 200 251196
::1 - guest [29/Aug/2018:13:23:39 -0480] "GET /asset/home.m4v HTTP/1.1" 206 10485760
::1 - guest [29/Aug/2018:13:23:40 -0480] "GET /font/NotoSansSCSliced-Medium.100.woff2 HTTP/1.1" 200 636696
::1 - guest [29/Aug/2018:13:23:40 -0480] "GET /font/NotoSansSCSliced-Regular.100.woff2 HTTP/1.1" 200 631612
::1 - guest [29/Aug/2018:13:23:40 -0480] "GET /font/fa-brands-400.woff2 HTTP/1.1" 200 64144
::1 - guest [29/Aug/2018:13:23:40 -0480] "GET /font/NotoSansSCSliced-Regular.86.woff2 HTTP/1.1" 200 70092
::1 - guest [29/Aug/2018:13:23:41 -0480] "GET /asset/home.m4v HTTP/1.1" 206 10485760
::1 - guest [29/Aug/2018:13:23:54 -0480] "GET /asset/home.m4v HTTP/1.1" 206 10485760
::1 - guest [29/Aug/2018:13:25:12 -0480] "GET / HTTP/1.1" 200 1003
::1 - guest [29/Aug/2018:13:25:12 -0480] "GET /content/global.css HTTP/1.1" 200 1874
::1 - guest [29/Aug/2018:13:25:12 -0480] "GET /content/brands.css HTTP/1.1" 200 648
::1 - guest [29/Aug/2018:13:25:12 -0480] "GET /content/fontawesome.css HTTP/1.1" 200 45557
::1 - guest [29/Aug/2018:13:25:12 -0480] "GET /asset/home.png HTTP/1.1" 200 1237588
::1 - guest [29/Aug/2018:13:25:12 -0480] "GET /script/global.js HTTP/1.1" 200 0
::1 - guest [29/Aug/2018:13:25:12 -0480] "GET /content/notosansscsliced.css HTTP/1.1" 200 251196
::1 - guest [29/Aug/2018:13:25:13 -0480] "GET /font/NotoSansSCSliced-Medium.100.woff2 HTTP/1.1" 200 636696
::1 - guest [29/Aug/2018:13:25:13 -0480] "GET /font/NotoSansSCSliced-Regular.100.woff2 HTTP/1.1" 200 631612
::1 - guest [29/Aug/2018:13:25:13 -0480] "GET /font/fa-brands-400.woff2 HTTP/1.1" 200 64144
::1 - guest [29/Aug/2018:13:25:13 -0480] "GET /font/NotoSansSCSliced-Regular.86.woff2 HTTP/1.1" 200 70092
::1 - guest [29/Aug/2018:13:25:13 -0480] "GET /asset/home.m4v HTTP/1.1" 206 10485760
::1 - guest [29/Aug/2018:13:25:15 -0480] "GET /asset/home.m4v HTTP/1.1" 206 10485760
::1 - guest [29/Aug/2018:13:25:16 -0480] "GET / HTTP/1.1" 200 1003
::1 - guest [29/Aug/2018:13:25:16 -0480] "GET /content/global.css HTTP/1.1" 200 1930
::1 - guest [29/Aug/2018:13:25:16 -0480] "GET /content/brands.css HTTP/1.1" 200 648
::1 - guest [29/Aug/2018:13:25:16 -0480] "GET /content/fontawesome.css HTTP/1.1" 200 45557
::1 - guest [29/Aug/2018:13:25:16 -0480] "GET /asset/home.png HTTP/1.1" 200 1237588
::1 - guest [29/Aug/2018:13:25:16 -0480] "GET /script/global.js HTTP/1.1" 200 0
::1 - guest [29/Aug/2018:13:25:16 -0480] "GET /content/notosansscsliced.css HTTP/1.1" 200 251196
::1 - guest [29/Aug/2018:13:25:17 -0480] "GET /asset/home.m4v HTTP/1.1" 206 10485760
::1 - guest [29/Aug/2018:13:25:17 -0480] "GET /font/NotoSansSCSliced-Medium.100.woff2 HTTP/1.1" 200 636696
::1 - guest [29/Aug/2018:13:25:17 -0480] "GET /font/NotoSansSCSliced-Regular.100.woff2 HTTP/1.1" 200 631612
::1 - guest [29/Aug/2018:13:25:17 -0480] "GET /font/fa-brands-400.woff2 HTTP/1.1" 200 64144
::1 - guest [29/Aug/2018:13:25:17 -0480] "GET /font/NotoSansSCSliced-Regular.86.woff2 HTTP/1.1" 200 70092
::1 - guest [29/Aug/2018:13:25:20 -0480] "GET /asset/home.m4v HTTP/1.1" 206 10485760
::1 - guest [29/Aug/2018:13:25:53 -0480] "GET / HTTP/1.1" 200 1003
::1 - guest [29/Aug/2018:13:25:53 -0480] "GET /content/global.css HTTP/1.1" 200 1930
::1 - guest [29/Aug/2018:13:25:53 -0480] "GET /content/brands.css HTTP/1.1" 200 648
::1 - guest [29/Aug/2018:13:25:53 -0480] "GET /content/fontawesome.css HTTP/1.1" 200 45557
::1 - guest [29/Aug/2018:13:25:53 -0480] "GET /asset/home.png HTTP/1.1" 200 1237588
::1 - guest [29/Aug/2018:13:25:53 -0480] "GET /script/global.js HTTP/1.1" 200 0
::1 - guest [29/Aug/2018:13:25:54 -0480] "GET /content/notosansscsliced.css HTTP/1.1" 200 251196
::1 - guest [29/Aug/2018:13:25:54 -0480] "GET /font/NotoSansSCSliced-Medium.100.woff2 HTTP/1.1" 200 636696
::1 - guest [29/Aug/2018:13:25:54 -0480] "GET /font/NotoSansSCSliced-Regular.100.woff2 HTTP/1.1" 200 631612
::1 - guest [29/Aug/2018:13:25:54 -0480] "GET /font/fa-brands-400.woff2 HTTP/1.1" 200 64144
::1 - guest [29/Aug/2018:13:25:54 -0480] "GET /font/NotoSansSCSliced-Regular.86.woff2 HTTP/1.1" 200 70092
::1 - guest [29/Aug/2018:13:25:55 -0480] "GET /asset/home.m4v HTTP/1.1" 206 10485760
::1 - guest [29/Aug/2018:13:25:55 -0480] "GET /robots.txt HTTP/1.1" 404 3458
::1 - guest [29/Aug/2018:13:25:55 -0480] "GET / HTTP/1.1" 200 1003
::1 - guest [29/Aug/2018:13:25:55 -0480] "GET /content/global.css HTTP/1.1" 200 2029
::1 - guest [29/Aug/2018:13:25:55 -0480] "GET /content/brands.css HTTP/1.1" 200 648
::1 - guest [29/Aug/2018:13:25:55 -0480] "GET /content/fontawesome.css HTTP/1.1" 200 45557
::1 - guest [29/Aug/2018:13:25:55 -0480] "GET /asset/home.png HTTP/1.1" 200 1237588
::1 - guest [29/Aug/2018:13:25:55 -0480] "GET /script/global.js HTTP/1.1" 200 0
::1 - guest [29/Aug/2018:13:25:56 -0480] "GET /content/notosansscsliced.css HTTP/1.1" 200 251196
::1 - guest [29/Aug/2018:13:25:56 -0480] "GET /font/NotoSansSCSliced-Medium.100.woff2 HTTP/1.1" 200 636696
::1 - guest [29/Aug/2018:13:25:56 -0480] "GET /font/NotoSansSCSliced-Regular.100.woff2 HTTP/1.1" 200 631612
::1 - guest [29/Aug/2018:13:25:56 -0480] "GET /font/fa-brands-400.woff2 HTTP/1.1" 200 64144
::1 - guest [29/Aug/2018:13:25:56 -0480] "GET /font/NotoSansSCSliced-Regular.86.woff2 HTTP/1.1" 200 70092
::1 - guest [29/Aug/2018:13:26:02 -0480] "GET /asset/home.png HTTP/1.1" 200 1237588
::1 - guest [29/Aug/2018:13:26:19 -0480] "GET /asset/home.m4v HTTP/1.1" 206 10485760
::1 - guest [29/Aug/2018:13:26:28 -0480] "GET / HTTP/1.1" 200 1003
::1 - guest [29/Aug/2018:13:26:28 -0480] "GET /content/global.css HTTP/1.1" 200 2029
::1 - guest [29/Aug/2018:13:26:28 -0480] "GET /content/brands.css HTTP/1.1" 200 648
::1 - guest [29/Aug/2018:13:26:28 -0480] "GET /content/fontawesome.css HTTP/1.1" 200 45557
::1 - guest [29/Aug/2018:13:26:28 -0480] "GET /asset/home.png HTTP/1.1" 200 1237588
::1 - guest [29/Aug/2018:13:26:28 -0480] "GET /script/global.js HTTP/1.1" 200 0
::1 - guest [29/Aug/2018:13:26:29 -0480] "GET /content/notosansscsliced.css HTTP/1.1" 200 251196
::1 - guest [29/Aug/2018:13:26:29 -0480] "GET /font/NotoSansSCSliced-Medium.100.woff2 HTTP/1.1" 200 636696
::1 - guest [29/Aug/2018:13:26:29 -0480] "GET /font/NotoSansSCSliced-Regular.100.woff2 HTTP/1.1" 200 631612
::1 - guest [29/Aug/2018:13:26:29 -0480] "GET /font/fa-brands-400.woff2 HTTP/1.1" 200 64144
::1 - guest [29/Aug/2018:13:26:29 -0480] "GET /font/NotoSansSCSliced-Regular.86.woff2 HTTP/1.1" 200 70092
::1 - guest [29/Aug/2018:13:26:30 -0480] "GET /asset/home.m4v HTTP/1.1" 206 10485760
::1 - guest [29/Aug/2018:13:26:31 -0480] "GET /asset/home.m4v HTTP/1.1" 206 10485760
::1 - guest [29/Aug/2018:13:26:34 -0480] "GET / HTTP/1.1" 200 1003
::1 - guest [29/Aug/2018:13:26:34 -0480] "GET /content/global.css HTTP/1.1" 200 2051
::1 - guest [29/Aug/2018:13:26:34 -0480] "GET /content/brands.css HTTP/1.1" 200 648
::1 - guest [29/Aug/2018:13:26:34 -0480] "GET /content/fontawesome.css HTTP/1.1" 200 45557
::1 - guest [29/Aug/2018:13:26:34 -0480] "GET /asset/home.png HTTP/1.1" 200 1237588
::1 - guest [29/Aug/2018:13:26:34 -0480] "GET /script/global.js HTTP/1.1" 200 0
::1 - guest [29/Aug/2018:13:26:34 -0480] "GET /content/notosansscsliced.css HTTP/1.1" 200 251196
::1 - guest [29/Aug/2018:13:26:35 -0480] "GET /font/NotoSansSCSliced-Medium.100.woff2 HTTP/1.1" 200 636696
::1 - guest [29/Aug/2018:13:26:35 -0480] "GET /font/NotoSansSCSliced-Regular.100.woff2 HTTP/1.1" 200 631612
::1 - guest [29/Aug/2018:13:26:35 -0480] "GET /font/fa-brands-400.woff2 HTTP/1.1" 200 64144
::1 - guest [29/Aug/2018:13:26:35 -0480] "GET /font/NotoSansSCSliced-Regular.86.woff2 HTTP/1.1" 200 70092
::1 - guest [29/Aug/2018:13:27:01 -0480] "GET /asset/home.m4v HTTP/1.1" 206 10485760
::1 - guest [29/Aug/2018:13:27:19 -0480] "GET /asset/home.m4v HTTP/1.1" 206 4560264
::1 - guest [29/Aug/2018:13:27:50 -0480] "GET /asset/home.m4v HTTP/1.1" 206 10485760
::1 - guest [29/Aug/2018:13:27:50 -0480] "GET /asset/home.m4v HTTP/1.1" 206 10485760
::1 - guest [29/Aug/2018:13:27:51 -0480] "GET / HTTP/1.1" 200 1003
::1 - guest [29/Aug/2018:13:27:51 -0480] "GET /content/global.css HTTP/1.1" 200 2051
::1 - guest [29/Aug/2018:13:27:51 -0480] "GET /content/brands.css HTTP/1.1" 200 648
::1 - guest [29/Aug/2018:13:27:51 -0480] "GET /content/fontawesome.css HTTP/1.1" 200 45557
::1 - guest [29/Aug/2018:13:27:51 -0480] "GET /asset/home.png HTTP/1.1" 200 1237588
::1 - guest [29/Aug/2018:13:27:51 -0480] "GET /script/global.js HTTP/1.1" 200 0
::1 - guest [29/Aug/2018:13:27:51 -0480] "GET /content/notosansscsliced.css HTTP/1.1" 200 251196
::1 - guest [29/Aug/2018:13:27:52 -0480] "GET /font/NotoSansSCSliced-Medium.100.woff2 HTTP/1.1" 200 636696
::1 - guest [29/Aug/2018:13:27:52 -0480] "GET /font/NotoSansSCSliced-Regular.100.woff2 HTTP/1.1" 200 631612
::1 - guest [29/Aug/2018:13:27:52 -0480] "GET /font/fa-brands-400.woff2 HTTP/1.1" 200 64144
::1 - guest [29/Aug/2018:13:27:52 -0480] "GET /font/NotoSansSCSliced-Regular.86.woff2 HTTP/1.1" 200 70092
::1 - guest [29/Aug/2018:13:27:52 -0480] "GET /favicon.ico HTTP/1.1" 404 3458
::1 - guest [29/Aug/2018:13:27:53 -0480] "GET /asset/home.m4v HTTP/1.1" 206 10485760
::1 - guest [29/Aug/2018:13:27:55 -0480] "GET / HTTP/1.1" 200 1003
::1 - guest [29/Aug/2018:13:27:55 -0480] "GET /content/global.css HTTP/1.1" 200 2100
::1 - guest [29/Aug/2018:13:27:55 -0480] "GET /content/brands.css HTTP/1.1" 200 648
::1 - guest [29/Aug/2018:13:27:55 -0480] "GET /content/fontawesome.css HTTP/1.1" 200 45557
::1 - guest [29/Aug/2018:13:27:55 -0480] "GET /script/global.js HTTP/1.1" 200 0
::1 - guest [29/Aug/2018:13:27:55 -0480] "GET /asset/home.png HTTP/1.1" 200 1237588
::1 - guest [29/Aug/2018:13:27:55 -0480] "GET /content/notosansscsliced.css HTTP/1.1" 200 251196
::1 - guest [29/Aug/2018:13:27:55 -0480] "GET /font/NotoSansSCSliced-Medium.100.woff2 HTTP/1.1" 200 636696
::1 - guest [29/Aug/2018:13:27:55 -0480] "GET /font/NotoSansSCSliced-Regular.100.woff2 HTTP/1.1" 200 631612
::1 - guest [29/Aug/2018:13:27:55 -0480] "GET /font/fa-brands-400.woff2 HTTP/1.1" 200 64144
::1 - guest [29/Aug/2018:13:27:55 -0480] "GET /font/NotoSansSCSliced-Regular.86.woff2 HTTP/1.1" 200 70092
::1 - guest [29/Aug/2018:13:27:56 -0480] "GET /favicon.ico HTTP/1.1" 404 3458
::1 - guest [29/Aug/2018:13:27:59 -0480] "GET /asset/home.m4v HTTP/1.1" 206 10485760
::1 - guest [29/Aug/2018:13:29:05 -0480] "GET /asset/home.m4v HTTP/1.1" 206 10485760
::1 - guest [29/Aug/2018:13:29:08 -0480] "GET /content/global.css HTTP/1.1" 200 2100
::1 - guest [29/Aug/2018:13:29:08 -0480] "GET /content/notosansscsliced.css HTTP/1.1" 200 251196
::1 - guest [29/Aug/2018:13:29:08 -0480] "GET /content/brands.css HTTP/1.1" 200 648
::1 - guest [29/Aug/2018:13:29:08 -0480] "GET /content/fontawesome.css HTTP/1.1" 200 45557
::1 - guest [29/Aug/2018:13:29:16 -0480] "GET /asset/home.m4v HTTP/1.1" 206 10485760
::1 - guest [29/Aug/2018:13:29:34 -0480] "GET /asset/home.m4v HTTP/1.1" 206 8852872
::1 - guest [29/Aug/2018:13:29:42 -0480] "GET / HTTP/1.1" 200 1003
::1 - guest [29/Aug/2018:13:29:42 -0480] "GET /content/global.css HTTP/1.1" 200 2100
::1 - guest [29/Aug/2018:13:29:42 -0480] "GET /content/brands.css HTTP/1.1" 200 648
::1 - guest [29/Aug/2018:13:29:42 -0480] "GET /content/fontawesome.css HTTP/1.1" 200 45557
::1 - guest [29/Aug/2018:13:29:42 -0480] "GET /asset/home.png HTTP/1.1" 200 1237588
::1 - guest [29/Aug/2018:13:29:42 -0480] "GET /script/global.js HTTP/1.1" 200 0
::1 - guest [29/Aug/2018:13:29:42 -0480] "GET /content/notosansscsliced.css HTTP/1.1" 200 251196
::1 - guest [29/Aug/2018:13:29:42 -0480] "GET /font/NotoSansSCSliced-Medium.100.woff2 HTTP/1.1" 200 636696
::1 - guest [29/Aug/2018:13:29:42 -0480] "GET /font/NotoSansSCSliced-Regular.100.woff2 HTTP/1.1" 200 631612
::1 - guest [29/Aug/2018:13:29:42 -0480] "GET /font/fa-brands-400.woff2 HTTP/1.1" 200 64144
::1 - guest [29/Aug/2018:13:29:42 -0480] "GET /font/NotoSansSCSliced-Regular.86.woff2 HTTP/1.1" 200 70092
::1 - guest [29/Aug/2018:13:29:43 -0480] "GET /asset/home.m4v HTTP/1.1" 206 10485760
::1 - guest [29/Aug/2018:13:29:44 -0480] "GET /asset/home.m4v HTTP/1.1" 206 10485760
::1 - guest [29/Aug/2018:13:29:44 -0480] "GET / HTTP/1.1" 200 1003
::1 - guest [29/Aug/2018:13:29:44 -0480] "GET /content/global.css HTTP/1.1" 200 2199
::1 - guest [29/Aug/2018:13:29:44 -0480] "GET /content/brands.css HTTP/1.1" 200 648
::1 - guest [29/Aug/2018:13:29:44 -0480] "GET /content/fontawesome.css HTTP/1.1" 200 45557
::1 - guest [29/Aug/2018:13:29:44 -0480] "GET /asset/home.png HTTP/1.1" 200 1237588
::1 - guest [29/Aug/2018:13:29:44 -0480] "GET /script/global.js HTTP/1.1" 200 0
::1 - guest [29/Aug/2018:13:29:44 -0480] "GET /content/notosansscsliced.css HTTP/1.1" 200 251196
::1 - guest [29/Aug/2018:13:29:45 -0480] "GET /font/NotoSansSCSliced-Medium.100.woff2 HTTP/1.1" 200 636696
::1 - guest [29/Aug/2018:13:29:45 -0480] "GET /font/NotoSansSCSliced-Regular.100.woff2 HTTP/1.1" 200 631612
::1 - guest [29/Aug/2018:13:29:45 -0480] "GET /font/fa-brands-400.woff2 HTTP/1.1" 200 64144
::1 - guest [29/Aug/2018:13:29:45 -0480] "GET /font/NotoSansSCSliced-Regular.86.woff2 HTTP/1.1" 200 70092
::1 - guest [29/Aug/2018:13:29:46 -0480] "GET /asset/home.m4v HTTP/1.1" 206 10485760
::1 - guest [29/Aug/2018:13:30:11 -0480] "GET /asset/home.m4v HTTP/1.1" 206 10485760
::1 - guest [29/Aug/2018:13:30:15 -0480] "GET / HTTP/1.1" 200 1003
::1 - guest [29/Aug/2018:13:30:15 -0480] "GET /content/global.css HTTP/1.1" 200 2199
::1 - guest [29/Aug/2018:13:30:15 -0480] "GET /content/brands.css HTTP/1.1" 200 648
::1 - guest [29/Aug/2018:13:30:15 -0480] "GET /content/fontawesome.css HTTP/1.1" 200 45557
::1 - guest [29/Aug/2018:13:30:15 -0480] "GET /asset/home.png HTTP/1.1" 200 1237588
::1 - guest [29/Aug/2018:13:30:15 -0480] "GET /script/global.js HTTP/1.1" 200 0
::1 - guest [29/Aug/2018:13:30:16 -0480] "GET /content/notosansscsliced.css HTTP/1.1" 200 251196
::1 - guest [29/Aug/2018:13:30:16 -0480] "GET /font/NotoSansSCSliced-Medium.100.woff2 HTTP/1.1" 200 636696
::1 - guest [29/Aug/2018:13:30:16 -0480] "GET /font/NotoSansSCSliced-Regular.100.woff2 HTTP/1.1" 200 631612
::1 - guest [29/Aug/2018:13:30:16 -0480] "GET /font/fa-brands-400.woff2 HTTP/1.1" 200 64144
::1 - guest [29/Aug/2018:13:30:16 -0480] "GET /font/NotoSansSCSliced-Regular.86.woff2 HTTP/1.1" 200 70092
::1 - guest [29/Aug/2018:13:30:17 -0480] "GET /asset/home.m4v HTTP/1.1" 206 10485760
::1 - guest [29/Aug/2018:13:30:17 -0480] "GET /asset/home.m4v HTTP/1.1" 206 10485760
::1 - guest [29/Aug/2018:13:30:20 -0480] "GET / HTTP/1.1" 200 1003
::1 - guest [29/Aug/2018:13:30:20 -0480] "GET /content/global.css HTTP/1.1" 200 2190
::1 - guest [29/Aug/2018:13:30:20 -0480] "GET /content/brands.css HTTP/1.1" 200 648
::1 - guest [29/Aug/2018:13:30:20 -0480] "GET /content/fontawesome.css HTTP/1.1" 200 45557
::1 - guest [29/Aug/2018:13:30:20 -0480] "GET /asset/home.png HTTP/1.1" 200 1237588
::1 - guest [29/Aug/2018:13:30:20 -0480] "GET /script/global.js HTTP/1.1" 200 0
::1 - guest [29/Aug/2018:13:30:21 -0480] "GET /content/notosansscsliced.css HTTP/1.1" 200 251196
::1 - guest [29/Aug/2018:13:30:21 -0480] "GET /font/NotoSansSCSliced-Medium.100.woff2 HTTP/1.1" 200 636696
::1 - guest [29/Aug/2018:13:30:21 -0480] "GET /font/NotoSansSCSliced-Regular.100.woff2 HTTP/1.1" 200 631612
::1 - guest [29/Aug/2018:13:30:21 -0480] "GET /font/fa-brands-400.woff2 HTTP/1.1" 200 64144
::1 - guest [29/Aug/2018:13:30:21 -0480] "GET /font/NotoSansSCSliced-Regular.86.woff2 HTTP/1.1" 200 70092
::1 - guest [29/Aug/2018:13:30:47 -0480] "GET /asset/home.m4v HTTP/1.1" 206 10485760
::1 - guest [29/Aug/2018:13:31:05 -0480] "GET /asset/home.m4v HTTP/1.1" 206 4887944
::1 - guest [29/Aug/2018:13:31:36 -0480] "GET /asset/home.m4v HTTP/1.1" 206 10485760
::1 - guest [29/Aug/2018:13:31:37 -0480] "GET /asset/home.m4v HTTP/1.1" 206 10485760
::1 - guest [29/Aug/2018:13:31:52 -0480] "GET /asset/home.m4v HTTP/1.1" 206 10485760
::1 - guest [29/Aug/2018:13:32:00 -0480] "GET /asset/home.m4v HTTP/1.1" 206 10485760
::1 - guest [29/Aug/2018:13:32:06 -0480] "GET /asset/home.m4v HTTP/1.1" 206 10485760
::1 - guest [29/Aug/2018:13:32:23 -0480] "GET /asset/home.m4v HTTP/1.1" 206 2889096
::1 - guest [29/Aug/2018:13:32:52 -0480] "GET /asset/home.m4v HTTP/1.1" 206 10485760
::1 - guest [29/Aug/2018:13:32:52 -0480] "GET /asset/home.m4v HTTP/1.1" 206 10485760
::1 - guest [29/Aug/2018:13:33:07 -0480] "GET /asset/home.m4v HTTP/1.1" 206 10485760
::1 - guest [29/Aug/2018:13:33:15 -0480] "GET /asset/home.m4v HTTP/1.1" 206 10485760
::1 - guest [29/Aug/2018:13:33:23 -0480] "GET /asset/home.m4v HTTP/1.1" 206 10485760
::1 - guest [29/Aug/2018:13:33:40 -0480] "GET /asset/home.m4v HTTP/1.1" 206 2135432
::1 - guest [29/Aug/2018:13:34:07 -0480] "GET /asset/home.m4v HTTP/1.1" 206 10485760
::1 - guest [29/Aug/2018:13:34:08 -0480] "GET /asset/home.m4v HTTP/1.1" 206 10485760
::1 - guest [29/Aug/2018:13:34:20 -0480] "GET /asset/home.m4v HTTP/1.1" 206 10485760
::1 - guest [29/Aug/2018:13:34:30 -0480] "GET /asset/home.m4v HTTP/1.1" 206 10485760
::1 - guest [29/Aug/2018:13:34:38 -0480] "GET /asset/home.m4v HTTP/1.1" 206 10485760
::1 - guest [29/Aug/2018:13:34:55 -0480] "GET /asset/home.m4v HTTP/1.1" 206 2364808
::1 - guest [29/Aug/2018:13:35:23 -0480] "GET /asset/home.m4v HTTP/1.1" 206 10485760
::1 - guest [29/Aug/2018:13:35:23 -0480] "GET /asset/home.m4v HTTP/1.1" 206 10485760
::1 - guest [29/Aug/2018:13:35:38 -0480] "GET /asset/home.m4v HTTP/1.1" 206 10485760
::1 - guest [29/Aug/2018:13:35:46 -0480] "GET /asset/home.m4v HTTP/1.1" 206 10485760
::1 - guest [29/Aug/2018:13:35:53 -0480] "GET /asset/home.m4v HTTP/1.1" 206 10485760
::1 - guest [29/Aug/2018:13:36:11 -0480] "GET /asset/home.m4v HTTP/1.1" 206 2561416
::1 - guest [29/Aug/2018:13:36:38 -0480] "GET /asset/home.m4v HTTP/1.1" 206 10485760
::1 - guest [29/Aug/2018:13:36:38 -0480] "GET /asset/home.m4v HTTP/1.1" 206 10485760
::1 - guest [29/Aug/2018:13:36:52 -0480] "GET /content/global.css HTTP/1.1" 200 2190
::1 - guest [29/Aug/2018:13:36:52 -0480] "GET /content/notosansscsliced.css HTTP/1.1" 200 251196
::1 - guest [29/Aug/2018:13:36:52 -0480] "GET /content/brands.css HTTP/1.1" 200 648
::1 - guest [29/Aug/2018:13:36:52 -0480] "GET /content/fontawesome.css HTTP/1.1" 200 45557
::1 - guest [29/Aug/2018:13:36:53 -0480] "GET /asset/home.m4v HTTP/1.1" 206 10485760
::1 - guest [29/Aug/2018:13:36:55 -0480] "GET / HTTP/1.1" 200 1003
::1 - guest [29/Aug/2018:13:36:55 -0480] "GET /content/global.css HTTP/1.1" 200 2190
::1 - guest [29/Aug/2018:13:36:55 -0480] "GET /content/brands.css HTTP/1.1" 200 648
::1 - guest [29/Aug/2018:13:36:55 -0480] "GET /content/fontawesome.css HTTP/1.1" 200 45557
::1 - guest [29/Aug/2018:13:36:55 -0480] "GET /asset/home.png HTTP/1.1" 200 1237588
::1 - guest [29/Aug/2018:13:36:55 -0480] "GET /script/global.js HTTP/1.1" 200 0
::1 - guest [29/Aug/2018:13:36:55 -0480] "GET /content/notosansscsliced.css HTTP/1.1" 200 251196
::1 - guest [29/Aug/2018:13:36:56 -0480] "GET /font/NotoSansSCSliced-Medium.100.woff2 HTTP/1.1" 200 636696
::1 - guest [29/Aug/2018:13:36:56 -0480] "GET /font/fa-brands-400.woff2 HTTP/1.1" 200 64144
::1 - guest [29/Aug/2018:13:36:56 -0480] "GET /font/NotoSansSCSliced-Regular.100.woff2 HTTP/1.1" 200 631612
::1 - guest [29/Aug/2018:13:36:56 -0480] "GET /font/NotoSansSCSliced-Regular.86.woff2 HTTP/1.1" 200 70092
::1 - guest [29/Aug/2018:13:36:57 -0480] "GET /asset/home.m4v HTTP/1.1" 206 10485760
::1 - guest [29/Aug/2018:13:36:57 -0480] "GET /asset/home.png HTTP/1.1" 200 1237588
::1 - guest [29/Aug/2018:13:37:19 -0480] "GET /asset/home.m4v HTTP/1.1" 206 10485760
::1 - guest [29/Aug/2018:13:37:37 -0480] "GET /asset/home.m4v HTTP/1.1" 206 6493576
::1 - guest [29/Aug/2018:13:38:11 -0480] "GET /asset/home.m4v HTTP/1.1" 206 10485760
::1 - guest [29/Aug/2018:13:38:12 -0480] "GET /asset/home.m4v HTTP/1.1" 206 10485760
::1 - guest [29/Aug/2018:13:38:27 -0480] "GET /asset/home.m4v HTTP/1.1" 206 10485760
::1 - guest [29/Aug/2018:13:38:34 -0480] "GET /asset/home.m4v HTTP/1.1" 206 10485760
::1 - guest [29/Aug/2018:13:38:40 -0480] "GET /asset/home.m4v HTTP/1.1" 206 10485760
::1 - guest [29/Aug/2018:13:39:00 -0480] "GET /asset/home.m4v HTTP/1.1" 206 2135432
::1 - guest [29/Aug/2018:13:39:27 -0480] "GET /asset/home.m4v HTTP/1.1" 206 10485760
::1 - guest [29/Aug/2018:13:39:27 -0480] "GET /asset/home.m4v HTTP/1.1" 206 10485760
::1 - guest [29/Aug/2018:13:39:40 -0480] "GET /asset/home.m4v HTTP/1.1" 206 10485760
::1 - guest [29/Aug/2018:13:39:50 -0480] "GET /asset/home.m4v HTTP/1.1" 206 10485760
::1 - guest [29/Aug/2018:13:39:57 -0480] "GET /asset/home.m4v HTTP/1.1" 206 10485760
::1 - guest [29/Aug/2018:13:40:15 -0480] "GET /asset/home.m4v HTTP/1.1" 206 2397576
::1 - guest [29/Aug/2018:13:40:42 -0480] "GET /asset/home.m4v HTTP/1.1" 206 10485760
::1 - guest [29/Aug/2018:13:40:42 -0480] "GET /asset/home.m4v HTTP/1.1" 206 10485760
::1 - guest [29/Aug/2018:13:40:55 -0480] "GET /asset/home.m4v HTTP/1.1" 206 10485760
::1 - guest [29/Aug/2018:13:41:05 -0480] "GET /asset/home.m4v HTTP/1.1" 206 10485760
::1 - guest [29/Aug/2018:13:41:08 -0480] "GET / HTTP/1.1" 200 1003
::1 - guest [29/Aug/2018:13:41:08 -0480] "GET /content/global.css HTTP/1.1" 200 2190
::1 - guest [29/Aug/2018:13:41:08 -0480] "GET /content/brands.css HTTP/1.1" 200 648
::1 - guest [29/Aug/2018:13:41:08 -0480] "GET /content/fontawesome.css HTTP/1.1" 200 45557
::1 - guest [29/Aug/2018:13:41:08 -0480] "GET /asset/home.png HTTP/1.1" 200 1237588
::1 - guest [29/Aug/2018:13:41:08 -0480] "GET /script/global.js HTTP/1.1" 200 0
::1 - guest [29/Aug/2018:13:41:09 -0480] "GET /content/notosansscsliced.css HTTP/1.1" 200 251196
::1 - guest [29/Aug/2018:13:41:09 -0480] "GET /asset/home.m4v HTTP/1.1" 206 10485760
::1 - guest [29/Aug/2018:13:41:09 -0480] "GET /font/NotoSansSCSliced-Medium.100.woff2 HTTP/1.1" 200 636696
::1 - guest [29/Aug/2018:13:41:09 -0480] "GET /font/NotoSansSCSliced-Regular.100.woff2 HTTP/1.1" 200 631612
::1 - guest [29/Aug/2018:13:41:09 -0480] "GET /font/fa-brands-400.woff2 HTTP/1.1" 200 64144
::1 - guest [29/Aug/2018:13:41:09 -0480] "GET /font/NotoSansSCSliced-Regular.86.woff2 HTTP/1.1" 200 70092
::1 - guest [29/Aug/2018:13:41:13 -0480] "GET / HTTP/1.1" 200 1003
::1 - guest [29/Aug/2018:13:41:13 -0480] "GET /content/global.css HTTP/1.1" 200 2257
::1 - guest [29/Aug/2018:13:41:13 -0480] "GET /content/brands.css HTTP/1.1" 200 648
::1 - guest [29/Aug/2018:13:41:13 -0480] "GET /content/fontawesome.css HTTP/1.1" 200 45557
::1 - guest [29/Aug/2018:13:41:13 -0480] "GET /script/global.js HTTP/1.1" 200 0
::1 - guest [29/Aug/2018:13:41:13 -0480] "GET /asset/home.png HTTP/1.1" 200 1237588
::1 - guest [29/Aug/2018:13:41:14 -0480] "GET /content/notosansscsliced.css HTTP/1.1" 200 251196
::1 - guest [29/Aug/2018:13:41:14 -0480] "GET /font/NotoSansSCSliced-Medium.100.woff2 HTTP/1.1" 200 636696
::1 - guest [29/Aug/2018:13:41:14 -0480] "GET /font/NotoSansSCSliced-Regular.100.woff2 HTTP/1.1" 200 631612
::1 - guest [29/Aug/2018:13:41:14 -0480] "GET /font/fa-brands-400.woff2 HTTP/1.1" 200 64144
::1 - guest [29/Aug/2018:13:41:14 -0480] "GET /font/NotoSansSCSliced-Regular.86.woff2 HTTP/1.1" 200 70092
::1 - guest [29/Aug/2018:13:41:37 -0480] "GET /asset/home.m4v HTTP/1.1" 206 10485760
::1 - guest [29/Aug/2018:13:41:55 -0480] "GET /asset/home.m4v HTTP/1.1" 206 6493576
::1 - guest [29/Aug/2018:13:42:20 -0480] "GET / HTTP/1.1" 200 1003
::1 - guest [29/Aug/2018:13:42:20 -0480] "GET /content/global.css HTTP/1.1" 200 2257
::1 - guest [29/Aug/2018:13:42:20 -0480] "GET /content/brands.css HTTP/1.1" 200 648
::1 - guest [29/Aug/2018:13:42:20 -0480] "GET /content/fontawesome.css HTTP/1.1" 200 45557
::1 - guest [29/Aug/2018:13:42:20 -0480] "GET /asset/home.png HTTP/1.1" 200 1237588
::1 - guest [29/Aug/2018:13:42:20 -0480] "GET /script/global.js HTTP/1.1" 200 0
::1 - guest [29/Aug/2018:13:42:20 -0480] "GET /content/notosansscsliced.css HTTP/1.1" 200 251196
::1 - guest [29/Aug/2018:13:42:20 -0480] "GET /asset/home.m4v HTTP/1.1" 206 10485760
::1 - guest [29/Aug/2018:13:42:21 -0480] "GET /font/NotoSansSCSliced-Medium.100.woff2 HTTP/1.1" 200 636696
::1 - guest [29/Aug/2018:13:42:21 -0480] "GET /font/NotoSansSCSliced-Regular.100.woff2 HTTP/1.1" 200 631612
::1 - guest [29/Aug/2018:13:42:21 -0480] "GET /font/fa-brands-400.woff2 HTTP/1.1" 200 64144
::1 - guest [29/Aug/2018:13:42:21 -0480] "GET /font/NotoSansSCSliced-Regular.86.woff2 HTTP/1.1" 200 70092
::1 - guest [29/Aug/2018:13:42:22 -0480] "GET /asset/home.m4v HTTP/1.1" 206 10485760
::1 - guest [29/Aug/2018:13:42:23 -0480] "GET / HTTP/1.1" 200 1003
::1 - guest [29/Aug/2018:13:42:23 -0480] "GET /content/global.css HTTP/1.1" 200 2337
::1 - guest [29/Aug/2018:13:42:23 -0480] "GET /content/brands.css HTTP/1.1" 200 648
::1 - guest [29/Aug/2018:13:42:23 -0480] "GET /content/fontawesome.css HTTP/1.1" 200 45557
::1 - guest [29/Aug/2018:13:42:23 -0480] "GET /asset/home.png HTTP/1.1" 200 1237588
::1 - guest [29/Aug/2018:13:42:23 -0480] "GET /script/global.js HTTP/1.1" 200 0
::1 - guest [29/Aug/2018:13:42:24 -0480] "GET /content/notosansscsliced.css HTTP/1.1" 200 251196
::1 - guest [29/Aug/2018:13:42:24 -0480] "GET /font/NotoSansSCSliced-Medium.100.woff2 HTTP/1.1" 200 636696
::1 - guest [29/Aug/2018:13:42:24 -0480] "GET /font/NotoSansSCSliced-Regular.100.woff2 HTTP/1.1" 200 631612
::1 - guest [29/Aug/2018:13:42:24 -0480] "GET /font/fa-brands-400.woff2 HTTP/1.1" 200 64144
::1 - guest [29/Aug/2018:13:42:24 -0480] "GET /font/NotoSansSCSliced-Regular.86.woff2 HTTP/1.1" 200 70092
::1 - guest [29/Aug/2018:13:42:27 -0480] "GET /asset/home.m4v HTTP/1.1" 206 10485760
::1 - guest [29/Aug/2018:13:42:47 -0480] "GET /asset/home.m4v HTTP/1.1" 206 10485760
::1 - guest [29/Aug/2018:13:42:54 -0480] "GET /asset/home.m4v HTTP/1.1" 206 10485760
::1 - guest [29/Aug/2018:13:43:12 -0480] "GET /asset/home.m4v HTTP/1.1" 206 2528648
::1 - guest [29/Aug/2018:13:43:28 -0480] "GET / HTTP/1.1" 200 1003
::1 - guest [29/Aug/2018:13:43:29 -0480] "GET /content/global.css HTTP/1.1" 200 2337
::1 - guest [29/Aug/2018:13:43:29 -0480] "GET /content/brands.css HTTP/1.1" 200 648
::1 - guest [29/Aug/2018:13:43:29 -0480] "GET /content/fontawesome.css HTTP/1.1" 200 45557
::1 - guest [29/Aug/2018:13:43:29 -0480] "GET /asset/home.png HTTP/1.1" 200 1237588
::1 - guest [29/Aug/2018:13:43:29 -0480] "GET /script/global.js HTTP/1.1" 200 0
::1 - guest [29/Aug/2018:13:43:29 -0480] "GET /content/notosansscsliced.css HTTP/1.1" 200 251196
::1 - guest [29/Aug/2018:13:43:29 -0480] "GET /font/NotoSansSCSliced-Medium.100.woff2 HTTP/1.1" 200 636696
::1 - guest [29/Aug/2018:13:43:29 -0480] "GET /font/NotoSansSCSliced-Regular.100.woff2 HTTP/1.1" 200 631612
::1 - guest [29/Aug/2018:13:43:29 -0480] "GET /font/fa-brands-400.woff2 HTTP/1.1" 200 64144
::1 - guest [29/Aug/2018:13:43:29 -0480] "GET /font/NotoSansSCSliced-Regular.86.woff2 HTTP/1.1" 200 70092
::1 - guest [29/Aug/2018:13:43:30 -0480] "GET /asset/home.m4v HTTP/1.1" 206 10485760
::1 - guest [29/Aug/2018:13:43:30 -0480] "GET /asset/home.m4v HTTP/1.1" 206 10485760
::1 - guest [29/Aug/2018:13:43:44 -0480] "GET /asset/home.m4v HTTP/1.1" 206 10485760
::1 - guest [29/Aug/2018:13:43:50 -0480] "GET / HTTP/1.1" 200 1003
::1 - guest [29/Aug/2018:13:43:50 -0480] "GET /content/global.css HTTP/1.1" 200 2327
::1 - guest [29/Aug/2018:13:43:50 -0480] "GET /content/brands.css HTTP/1.1" 200 648
::1 - guest [29/Aug/2018:13:43:50 -0480] "GET /content/fontawesome.css HTTP/1.1" 200 45557
::1 - guest [29/Aug/2018:13:43:50 -0480] "GET /asset/home.png HTTP/1.1" 200 1237588
::1 - guest [29/Aug/2018:13:43:50 -0480] "GET /script/global.js HTTP/1.1" 200 0
::1 - guest [29/Aug/2018:13:43:50 -0480] "GET /content/notosansscsliced.css HTTP/1.1" 200 251196
::1 - guest [29/Aug/2018:13:43:51 -0480] "GET /font/NotoSansSCSliced-Medium.100.woff2 HTTP/1.1" 200 636696
::1 - guest [29/Aug/2018:13:43:51 -0480] "GET /font/fa-brands-400.woff2 HTTP/1.1" 200 64144
::1 - guest [29/Aug/2018:13:43:51 -0480] "GET /font/NotoSansSCSliced-Regular.100.woff2 HTTP/1.1" 200 631612
::1 - guest [29/Aug/2018:13:43:51 -0480] "GET /font/NotoSansSCSliced-Regular.86.woff2 HTTP/1.1" 200 70092
::1 - guest [29/Aug/2018:13:43:51 -0480] "GET /asset/home.m4v HTTP/1.1" 206 10485760
::1 - guest [29/Aug/2018:13:44:08 -0480] "GET / HTTP/1.1" 200 1003
::1 - guest [29/Aug/2018:13:44:08 -0480] "GET /content/global.css HTTP/1.1" 200 2333
::1 - guest [29/Aug/2018:13:44:08 -0480] "GET /content/brands.css HTTP/1.1" 200 648
::1 - guest [29/Aug/2018:13:44:08 -0480] "GET /content/fontawesome.css HTTP/1.1" 200 45557
::1 - guest [29/Aug/2018:13:44:09 -0480] "GET /asset/home.png HTTP/1.1" 200 1237588
::1 - guest [29/Aug/2018:13:44:09 -0480] "GET /script/global.js HTTP/1.1" 200 0
::1 - guest [29/Aug/2018:13:44:09 -0480] "GET /content/notosansscsliced.css HTTP/1.1" 200 251196
::1 - guest [29/Aug/2018:13:44:09 -0480] "GET /asset/home.m4v HTTP/1.1" 206 10485760
::1 - guest [29/Aug/2018:13:44:09 -0480] "GET /font/NotoSansSCSliced-Medium.100.woff2 HTTP/1.1" 200 636696
::1 - guest [29/Aug/2018:13:44:09 -0480] "GET /font/NotoSansSCSliced-Regular.100.woff2 HTTP/1.1" 200 631612
::1 - guest [29/Aug/2018:13:44:09 -0480] "GET /font/fa-brands-400.woff2 HTTP/1.1" 200 64144
::1 - guest [29/Aug/2018:13:44:09 -0480] "GET /font/NotoSansSCSliced-Regular.86.woff2 HTTP/1.1" 200 70092
::1 - guest [29/Aug/2018:13:44:10 -0480] "GET /asset/home.m4v HTTP/1.1" 206 10485760
::1 - guest [29/Aug/2018:13:44:32 -0480] "GET /asset/home.m4v HTTP/1.1" 206 10485760
::1 - guest [29/Aug/2018:13:44:50 -0480] "GET /asset/home.m4v HTTP/1.1" 206 6493576
::1 - guest [29/Aug/2018:13:45:25 -0480] "GET /asset/home.m4v HTTP/1.1" 206 10485760
::1 - guest [29/Aug/2018:13:45:25 -0480] "GET /asset/home.m4v HTTP/1.1" 206 10485760
::1 - guest [29/Aug/2018:13:45:25 -0480] "GET / HTTP/1.1" 200 1003
::1 - guest [29/Aug/2018:13:45:25 -0480] "GET /content/global.css HTTP/1.1" 200 2333
::1 - guest [29/Aug/2018:13:45:25 -0480] "GET /content/brands.css HTTP/1.1" 200 648
::1 - guest [29/Aug/2018:13:45:25 -0480] "GET /content/fontawesome.css HTTP/1.1" 200 45557
::1 - guest [29/Aug/2018:13:45:25 -0480] "GET /asset/home.png HTTP/1.1" 200 1237588
::1 - guest [29/Aug/2018:13:45:25 -0480] "GET /script/global.js HTTP/1.1" 200 0
::1 - guest [29/Aug/2018:13:45:25 -0480] "GET /content/notosansscsliced.css HTTP/1.1" 200 251196
::1 - guest [29/Aug/2018:13:45:26 -0480] "GET /font/NotoSansSCSliced-Medium.100.woff2 HTTP/1.1" 200 636696
::1 - guest [29/Aug/2018:13:45:26 -0480] "GET /font/NotoSansSCSliced-Regular.100.woff2 HTTP/1.1" 200 631612
::1 - guest [29/Aug/2018:13:45:26 -0480] "GET /font/fa-brands-400.woff2 HTTP/1.1" 200 64144
::1 - guest [29/Aug/2018:13:45:26 -0480] "GET /font/NotoSansSCSliced-Regular.86.woff2 HTTP/1.1" 200 70092
::1 - guest [29/Aug/2018:13:45:30 -0480] "GET /asset/home.m4v HTTP/1.1" 206 10485760
::1 - guest [29/Aug/2018:13:45:49 -0480] "GET /asset/home.m4v HTTP/1.1" 206 10485760
::1 - guest [29/Aug/2018:13:45:55 -0480] "GET /asset/home.m4v HTTP/1.1" 206 10485760
::1 - guest [29/Aug/2018:13:46:13 -0480] "GET /asset/home.m4v HTTP/1.1" 206 2954632
::1 - guest [29/Aug/2018:13:46:41 -0480] "GET /asset/home.m4v HTTP/1.1" 206 10485760
::1 - guest [29/Aug/2018:13:46:42 -0480] "GET /asset/home.m4v HTTP/1.1" 206 10485760
::1 - guest [29/Aug/2018:13:46:52 -0480] "GET / HTTP/1.1" 200 1003
::1 - guest [29/Aug/2018:13:46:52 -0480] "GET /content/global.css HTTP/1.1" 200 2378
::1 - guest [29/Aug/2018:13:46:52 -0480] "GET /content/brands.css HTTP/1.1" 200 648
::1 - guest [29/Aug/2018:13:46:52 -0480] "GET /content/fontawesome.css HTTP/1.1" 200 45557
::1 - guest [29/Aug/2018:13:46:52 -0480] "GET /asset/home.png HTTP/1.1" 200 1237588
::1 - guest [29/Aug/2018:13:46:52 -0480] "GET /script/global.js HTTP/1.1" 200 0
::1 - guest [29/Aug/2018:13:46:52 -0480] "GET /content/notosansscsliced.css HTTP/1.1" 200 251196
::1 - guest [29/Aug/2018:13:46:52 -0480] "GET /asset/home.m4v HTTP/1.1" 206 10485760
::1 - guest [29/Aug/2018:13:46:52 -0480] "GET /font/NotoSansSCSliced-Medium.100.woff2 HTTP/1.1" 200 636696
::1 - guest [29/Aug/2018:13:46:52 -0480] "GET /font/NotoSansSCSliced-Regular.100.woff2 HTTP/1.1" 200 631612
::1 - guest [29/Aug/2018:13:46:53 -0480] "GET /font/fa-brands-400.woff2 HTTP/1.1" 200 64144
::1 - guest [29/Aug/2018:13:46:53 -0480] "GET /font/NotoSansSCSliced-Regular.86.woff2 HTTP/1.1" 200 70092
::1 - guest [29/Aug/2018:13:47:00 -0480] "GET / HTTP/1.1" 200 1003
::1 - guest [29/Aug/2018:13:47:00 -0480] "GET /content/global.css HTTP/1.1" 200 2443
::1 - guest [29/Aug/2018:13:47:00 -0480] "GET /content/brands.css HTTP/1.1" 200 648
::1 - guest [29/Aug/2018:13:47:00 -0480] "GET /content/fontawesome.css HTTP/1.1" 200 45557
::1 - guest [29/Aug/2018:13:47:00 -0480] "GET /asset/home.png HTTP/1.1" 200 1237588
::1 - guest [29/Aug/2018:13:47:00 -0480] "GET /script/global.js HTTP/1.1" 200 0
::1 - guest [29/Aug/2018:13:47:00 -0480] "GET /content/notosansscsliced.css HTTP/1.1" 200 251196
::1 - guest [29/Aug/2018:13:47:00 -0480] "GET /font/NotoSansSCSliced-Medium.100.woff2 HTTP/1.1" 200 636696
::1 - guest [29/Aug/2018:13:47:00 -0480] "GET /font/NotoSansSCSliced-Regular.100.woff2 HTTP/1.1" 200 631612
::1 - guest [29/Aug/2018:13:47:00 -0480] "GET /font/fa-brands-400.woff2 HTTP/1.1" 200 64144
::1 - guest [29/Aug/2018:13:47:00 -0480] "GET /font/NotoSansSCSliced-Regular.86.woff2 HTTP/1.1" 200 70092
::1 - guest [29/Aug/2018:13:47:12 -0480] "GET /asset/home.m4v HTTP/1.1" 206 10485760
::1 - guest [29/Aug/2018:13:47:18 -0480] "GET /asset/home.m4v HTTP/1.1" 206 10485760
::1 - guest [29/Aug/2018:13:47:23 -0480] "GET /asset/home.m4v HTTP/1.1" 206 10485760
::1 - guest [29/Aug/2018:13:47:41 -0480] "GET /asset/home.m4v HTTP/1.1" 206 6493576
::1 - guest [29/Aug/2018:13:48:16 -0480] "GET /asset/home.m4v HTTP/1.1" 206 10485760
::1 - guest [29/Aug/2018:13:48:16 -0480] "GET /asset/home.m4v HTTP/1.1" 206 10485760
::1 - guest [29/Aug/2018:13:48:31 -0480] "GET /asset/home.m4v HTTP/1.1" 206 10485760
::1 - guest [29/Aug/2018:13:48:39 -0480] "GET /asset/home.m4v HTTP/1.1" 206 10485760
::1 - guest [29/Aug/2018:13:48:46 -0480] "GET /asset/home.m4v HTTP/1.1" 206 10485760
::1 - guest [29/Aug/2018:13:48:51 -0480] "GET / HTTP/1.1" 200 1003
::1 - guest [29/Aug/2018:13:48:52 -0480] "GET /content/global.css HTTP/1.1" 200 2443
::1 - guest [29/Aug/2018:13:48:52 -0480] "GET /content/brands.css HTTP/1.1" 200 648
::1 - guest [29/Aug/2018:13:48:52 -0480] "GET /content/fontawesome.css HTTP/1.1" 200 45557
::1 - guest [29/Aug/2018:13:48:52 -0480] "GET /asset/home.png HTTP/1.1" 200 1237588
::1 - guest [29/Aug/2018:13:48:52 -0480] "GET /script/global.js HTTP/1.1" 200 0
::1 - guest [29/Aug/2018:13:48:52 -0480] "GET /content/notosansscsliced.css HTTP/1.1" 200 251196
::1 - guest [29/Aug/2018:13:48:52 -0480] "GET /font/NotoSansSCSliced-Medium.100.woff2 HTTP/1.1" 200 636696
::1 - guest [29/Aug/2018:13:48:52 -0480] "GET /font/NotoSansSCSliced-Regular.100.woff2 HTTP/1.1" 200 631612
::1 - guest [29/Aug/2018:13:48:52 -0480] "GET /font/fa-brands-400.woff2 HTTP/1.1" 200 64144
::1 - guest [29/Aug/2018:13:48:52 -0480] "GET /font/NotoSansSCSliced-Regular.86.woff2 HTTP/1.1" 200 70092
::1 - guest [29/Aug/2018:13:48:53 -0480] "GET /asset/home.m4v HTTP/1.1" 206 10485760
::1 - guest [29/Aug/2018:13:48:54 -0480] "GET /asset/home.m4v HTTP/1.1" 206 10485760
::1 - guest [29/Aug/2018:13:48:55 -0480] "GET / HTTP/1.1" 200 1003
::1 - guest [29/Aug/2018:13:48:55 -0480] "GET /content/global.css HTTP/1.1" 200 2500
::1 - guest [29/Aug/2018:13:48:55 -0480] "GET /content/brands.css HTTP/1.1" 200 648
::1 - guest [29/Aug/2018:13:48:55 -0480] "GET /content/fontawesome.css HTTP/1.1" 200 45557
::1 - guest [29/Aug/2018:13:48:55 -0480] "GET /script/global.js HTTP/1.1" 200 0
::1 - guest [29/Aug/2018:13:48:55 -0480] "GET /asset/home.png HTTP/1.1" 200 1237588
::1 - guest [29/Aug/2018:13:48:55 -0480] "GET /content/notosansscsliced.css HTTP/1.1" 200 251196
::1 - guest [29/Aug/2018:13:48:55 -0480] "GET /font/NotoSansSCSliced-Medium.100.woff2 HTTP/1.1" 200 636696
::1 - guest [29/Aug/2018:13:48:55 -0480] "GET /font/NotoSansSCSliced-Regular.100.woff2 HTTP/1.1" 200 631612
::1 - guest [29/Aug/2018:13:48:55 -0480] "GET /font/fa-brands-400.woff2 HTTP/1.1" 200 64144
::1 - guest [29/Aug/2018:13:48:55 -0480] "GET /font/NotoSansSCSliced-Regular.86.woff2 HTTP/1.1" 200 70092
::1 - guest [29/Aug/2018:13:49:22 -0480] "GET /asset/home.m4v HTTP/1.1" 206 10485760
::1 - guest [29/Aug/2018:13:49:26 -0480] "GET / HTTP/1.1" 200 1003
::1 - guest [29/Aug/2018:13:49:26 -0480] "GET /content/global.css HTTP/1.1" 200 2500
::1 - guest [29/Aug/2018:13:49:26 -0480] "GET /content/brands.css HTTP/1.1" 200 648
::1 - guest [29/Aug/2018:13:49:26 -0480] "GET /content/fontawesome.css HTTP/1.1" 200 45557
::1 - guest [29/Aug/2018:13:49:26 -0480] "GET /asset/home.png HTTP/1.1" 200 1237588
::1 - guest [29/Aug/2018:13:49:26 -0480] "GET /script/global.js HTTP/1.1" 200 0
::1 - guest [29/Aug/2018:13:49:26 -0480] "GET /robots.txt HTTP/1.1" 404 3458
::1 - guest [29/Aug/2018:13:49:26 -0480] "GET /content/notosansscsliced.css HTTP/1.1" 200 251196
::1 - guest [29/Aug/2018:13:49:26 -0480] "GET / HTTP/1.1" 200 1003
::1 - guest [29/Aug/2018:13:49:26 -0480] "GET /content/global.css HTTP/1.1" 200 2595
::1 - guest [29/Aug/2018:13:49:26 -0480] "GET /content/brands.css HTTP/1.1" 200 648
::1 - guest [29/Aug/2018:13:49:26 -0480] "GET /content/fontawesome.css HTTP/1.1" 200 45557
::1 - guest [29/Aug/2018:13:49:26 -0480] "GET /asset/home.png HTTP/1.1" 200 1237588
::1 - guest [29/Aug/2018:13:49:26 -0480] "GET /script/global.js HTTP/1.1" 200 0
::1 - guest [29/Aug/2018:13:49:27 -0480] "GET /content/notosansscsliced.css HTTP/1.1" 200 251196
::1 - guest [29/Aug/2018:13:49:27 -0480] "GET /font/NotoSansSCSliced-Medium.100.woff2 HTTP/1.1" 200 636696
::1 - guest [29/Aug/2018:13:49:27 -0480] "GET /font/NotoSansSCSliced-Regular.100.woff2 HTTP/1.1" 200 631612
::1 - guest [29/Aug/2018:13:49:27 -0480] "GET /font/fa-brands-400.woff2 HTTP/1.1" 200 64144
::1 - guest [29/Aug/2018:13:49:27 -0480] "GET /font/NotoSansSCSliced-Regular.86.woff2 HTTP/1.1" 200 70092
::1 - guest [29/Aug/2018:13:49:27 -0480] "GET /asset/home.m4v HTTP/1.1" 206 10485760
::1 - guest [29/Aug/2018:13:49:52 -0480] "GET /asset/home.m4v HTTP/1.1" 206 10485760
::1 - guest [29/Aug/2018:13:50:09 -0480] "GET /asset/home.m4v HTTP/1.1" 206 5903752
::1 - guest [29/Aug/2018:13:50:10 -0480] "GET / HTTP/1.1" 200 1003
::1 - guest [29/Aug/2018:13:50:10 -0480] "GET /content/global.css HTTP/1.1" 200 2595
::1 - guest [29/Aug/2018:13:50:10 -0480] "GET /content/brands.css HTTP/1.1" 200 648
::1 - guest [29/Aug/2018:13:50:10 -0480] "GET /content/fontawesome.css HTTP/1.1" 200 45557
::1 - guest [29/Aug/2018:13:50:10 -0480] "GET /asset/home.png HTTP/1.1" 200 1237588
::1 - guest [29/Aug/2018:13:50:10 -0480] "GET /script/global.js HTTP/1.1" 200 0
::1 - guest [29/Aug/2018:13:50:11 -0480] "GET /content/notosansscsliced.css HTTP/1.1" 200 251196
::1 - guest [29/Aug/2018:13:50:11 -0480] "GET /font/NotoSansSCSliced-Medium.100.woff2 HTTP/1.1" 200 636696
::1 - guest [29/Aug/2018:13:50:11 -0480] "GET /font/NotoSansSCSliced-Regular.100.woff2 HTTP/1.1" 200 631612
::1 - guest [29/Aug/2018:13:50:11 -0480] "GET /font/fa-brands-400.woff2 HTTP/1.1" 200 64144
::1 - guest [29/Aug/2018:13:50:11 -0480] "GET /font/NotoSansSCSliced-Regular.86.woff2 HTTP/1.1" 200 70092
::1 - guest [29/Aug/2018:13:50:11 -0480] "GET /asset/home.m4v HTTP/1.1" 206 10485760
::1 - guest [29/Aug/2018:13:50:12 -0480] "GET /asset/home.m4v HTTP/1.1" 206 10485760
::1 - guest [29/Aug/2018:13:50:37 -0480] "GET /asset/home.m4v HTTP/1.1" 206 10485760
::1 - guest [29/Aug/2018:13:50:55 -0480] "GET /asset/home.m4v HTTP/1.1" 206 4625800
::1 - guest [29/Aug/2018:13:51:27 -0480] "GET /asset/home.m4v HTTP/1.1" 206 10485760
::1 - guest [29/Aug/2018:13:51:27 -0480] "GET /asset/home.m4v HTTP/1.1" 206 10485760
::1 - guest [29/Aug/2018:13:51:40 -0480] "GET /asset/home.m4v HTTP/1.1" 206 10485760
::1 - guest [29/Aug/2018:13:51:50 -0480] "GET /asset/home.m4v HTTP/1.1" 206 10485760
::1 - guest [29/Aug/2018:13:51:52 -0480] "GET / HTTP/1.1" 200 1003
::1 - guest [29/Aug/2018:13:51:52 -0480] "GET /content/global.css HTTP/1.1" 200 2595
::1 - guest [29/Aug/2018:13:51:52 -0480] "GET /content/brands.css HTTP/1.1" 200 648
::1 - guest [29/Aug/2018:13:51:52 -0480] "GET /content/fontawesome.css HTTP/1.1" 200 45557
::1 - guest [29/Aug/2018:13:51:52 -0480] "GET /asset/home.png HTTP/1.1" 200 1237588
::1 - guest [29/Aug/2018:13:51:52 -0480] "GET /script/global.js HTTP/1.1" 200 0
::1 - guest [29/Aug/2018:13:51:52 -0480] "GET /content/notosansscsliced.css HTTP/1.1" 200 251196
::1 - guest [29/Aug/2018:13:51:53 -0480] "GET /font/NotoSansSCSliced-Medium.100.woff2 HTTP/1.1" 200 636696
::1 - guest [29/Aug/2018:13:51:53 -0480] "GET /font/NotoSansSCSliced-Regular.100.woff2 HTTP/1.1" 200 631612
::1 - guest [29/Aug/2018:13:51:53 -0480] "GET /font/fa-brands-400.woff2 HTTP/1.1" 200 64144
::1 - guest [29/Aug/2018:13:51:53 -0480] "GET /font/NotoSansSCSliced-Regular.86.woff2 HTTP/1.1" 200 70092
::1 - guest [29/Aug/2018:13:51:54 -0480] "GET /asset/home.m4v HTTP/1.1" 206 10485760
::1 - guest [29/Aug/2018:13:51:56 -0480] "GET / HTTP/1.1" 200 1003
::1 - guest [29/Aug/2018:13:51:56 -0480] "GET /content/global.css HTTP/1.1" 200 2815
::1 - guest [29/Aug/2018:13:51:56 -0480] "GET /content/brands.css HTTP/1.1" 200 648
::1 - guest [29/Aug/2018:13:51:56 -0480] "GET /content/fontawesome.css HTTP/1.1" 200 45557
::1 - guest [29/Aug/2018:13:51:56 -0480] "GET /script/global.js HTTP/1.1" 200 0
::1 - guest [29/Aug/2018:13:51:56 -0480] "GET /asset/home.png HTTP/1.1" 200 1237588
::1 - guest [29/Aug/2018:13:51:56 -0480] "GET /content/notosansscsliced.css HTTP/1.1" 200 251196
::1 - guest [29/Aug/2018:13:51:57 -0480] "GET /font/NotoSansSCSliced-Medium.100.woff2 HTTP/1.1" 200 636696
::1 - guest [29/Aug/2018:13:51:57 -0480] "GET /font/NotoSansSCSliced-Regular.100.woff2 HTTP/1.1" 200 631612
::1 - guest [29/Aug/2018:13:51:57 -0480] "GET /font/fa-brands-400.woff2 HTTP/1.1" 200 64144
::1 - guest [29/Aug/2018:13:51:57 -0480] "GET /font/NotoSansSCSliced-Regular.86.woff2 HTTP/1.1" 200 70092
::1 - guest [29/Aug/2018:13:52:21 -0480] "GET /asset/home.m4v HTTP/1.1" 206 10485760
::1 - guest [29/Aug/2018:13:52:34 -0480] "GET / HTTP/1.1" 200 1003
::1 - guest [29/Aug/2018:13:52:34 -0480] "GET /content/global.css HTTP/1.1" 200 2815
::1 - guest [29/Aug/2018:13:52:34 -0480] "GET /content/brands.css HTTP/1.1" 200 648
::1 - guest [29/Aug/2018:13:52:34 -0480] "GET /content/fontawesome.css HTTP/1.1" 200 45557
::1 - guest [29/Aug/2018:13:52:34 -0480] "GET /asset/home.png HTTP/1.1" 200 1237588
::1 - guest [29/Aug/2018:13:52:34 -0480] "GET /script/global.js HTTP/1.1" 200 0
::1 - guest [29/Aug/2018:13:52:34 -0480] "GET /content/notosansscsliced.css HTTP/1.1" 200 251196
::1 - guest [29/Aug/2018:13:52:35 -0480] "GET /font/NotoSansSCSliced-Medium.100.woff2 HTTP/1.1" 200 636696
::1 - guest [29/Aug/2018:13:52:35 -0480] "GET /font/NotoSansSCSliced-Regular.100.woff2 HTTP/1.1" 200 631612
::1 - guest [29/Aug/2018:13:52:35 -0480] "GET /font/fa-brands-400.woff2 HTTP/1.1" 200 64144
::1 - guest [29/Aug/2018:13:52:35 -0480] "GET /font/NotoSansSCSliced-Regular.86.woff2 HTTP/1.1" 200 70092
::1 - guest [29/Aug/2018:13:52:35 -0480] "GET /asset/home.m4v HTTP/1.1" 206 10485760
::1 - guest [29/Aug/2018:13:52:36 -0480] "GET /asset/home.m4v HTTP/1.1" 206 10485760
::1 - guest [29/Aug/2018:13:52:36 -0480] "GET / HTTP/1.1" 200 1003
::1 - guest [29/Aug/2018:13:52:36 -0480] "GET /content/global.css HTTP/1.1" 200 2820
::1 - guest [29/Aug/2018:13:52:36 -0480] "GET /content/brands.css HTTP/1.1" 200 648
::1 - guest [29/Aug/2018:13:52:36 -0480] "GET /content/fontawesome.css HTTP/1.1" 200 45557
::1 - guest [29/Aug/2018:13:52:36 -0480] "GET /asset/home.png HTTP/1.1" 200 1237588
::1 - guest [29/Aug/2018:13:52:36 -0480] "GET /script/global.js HTTP/1.1" 200 0
::1 - guest [29/Aug/2018:13:52:37 -0480] "GET /content/notosansscsliced.css HTTP/1.1" 200 251196
::1 - guest [29/Aug/2018:13:52:37 -0480] "GET /font/NotoSansSCSliced-Medium.100.woff2 HTTP/1.1" 200 636696
::1 - guest [29/Aug/2018:13:52:37 -0480] "GET /font/NotoSansSCSliced-Regular.100.woff2 HTTP/1.1" 200 631612
::1 - guest [29/Aug/2018:13:52:37 -0480] "GET /font/fa-brands-400.woff2 HTTP/1.1" 200 64144
::1 - guest [29/Aug/2018:13:52:37 -0480] "GET /font/NotoSansSCSliced-Regular.86.woff2 HTTP/1.1" 200 70092
::1 - guest [29/Aug/2018:13:53:03 -0480] "GET /asset/home.m4v HTTP/1.1" 206 10485760
::1 - guest [29/Aug/2018:13:53:21 -0480] "GET /asset/home.m4v HTTP/1.1" 206 4887944
::1 - guest [29/Aug/2018:13:53:23 -0480] "GET / HTTP/1.1" 200 1003
::1 - guest [29/Aug/2018:13:53:23 -0480] "GET /content/global.css HTTP/1.1" 200 2820
::1 - guest [29/Aug/2018:13:53:23 -0480] "GET /content/brands.css HTTP/1.1" 200 648
::1 - guest [29/Aug/2018:13:53:23 -0480] "GET /content/fontawesome.css HTTP/1.1" 200 45557
::1 - guest [29/Aug/2018:13:53:23 -0480] "GET /asset/home.png HTTP/1.1" 200 1237588
::1 - guest [29/Aug/2018:13:53:23 -0480] "GET /script/global.js HTTP/1.1" 200 0
::1 - guest [29/Aug/2018:13:53:23 -0480] "GET /content/notosansscsliced.css HTTP/1.1" 200 251196
::1 - guest [29/Aug/2018:13:53:24 -0480] "GET /font/NotoSansSCSliced-Medium.100.woff2 HTTP/1.1" 200 636696
::1 - guest [29/Aug/2018:13:53:24 -0480] "GET /font/NotoSansSCSliced-Regular.100.woff2 HTTP/1.1" 200 631612
::1 - guest [29/Aug/2018:13:53:24 -0480] "GET /font/fa-brands-400.woff2 HTTP/1.1" 200 64144
::1 - guest [29/Aug/2018:13:53:24 -0480] "GET /font/NotoSansSCSliced-Regular.86.woff2 HTTP/1.1" 200 70092
::1 - guest [29/Aug/2018:13:53:25 -0480] "GET /asset/home.m4v HTTP/1.1" 206 10485760
::1 - guest [29/Aug/2018:13:53:25 -0480] "GET /asset/home.m4v HTTP/1.1" 206 10485760
::1 - guest [29/Aug/2018:13:53:25 -0480] "GET / HTTP/1.1" 200 1003
::1 - guest [29/Aug/2018:13:53:25 -0480] "GET /content/global.css HTTP/1.1" 200 2918
::1 - guest [29/Aug/2018:13:53:25 -0480] "GET /content/brands.css HTTP/1.1" 200 648
::1 - guest [29/Aug/2018:13:53:25 -0480] "GET /content/fontawesome.css HTTP/1.1" 200 45557
::1 - guest [29/Aug/2018:13:53:25 -0480] "GET /asset/home.png HTTP/1.1" 200 1237588
::1 - guest [29/Aug/2018:13:53:25 -0480] "GET /script/global.js HTTP/1.1" 200 0
::1 - guest [29/Aug/2018:13:53:25 -0480] "GET /content/notosansscsliced.css HTTP/1.1" 200 251196
::1 - guest [29/Aug/2018:13:53:26 -0480] "GET /font/NotoSansSCSliced-Medium.100.woff2 HTTP/1.1" 200 636696
::1 - guest [29/Aug/2018:13:53:26 -0480] "GET /font/NotoSansSCSliced-Regular.100.woff2 HTTP/1.1" 200 631612
::1 - guest [29/Aug/2018:13:53:26 -0480] "GET /font/fa-brands-400.woff2 HTTP/1.1" 200 64144
::1 - guest [29/Aug/2018:13:53:26 -0480] "GET /font/NotoSansSCSliced-Regular.86.woff2 HTTP/1.1" 200 70092
::1 - guest [29/Aug/2018:13:53:29 -0480] "GET /asset/home.m4v HTTP/1.1" 206 10485760
::1 - guest [29/Aug/2018:13:53:29 -0480] "GET / HTTP/1.1" 200 1003
::1 - guest [29/Aug/2018:13:53:29 -0480] "GET /content/global.css HTTP/1.1" 200 2918
::1 - guest [29/Aug/2018:13:53:29 -0480] "GET /content/brands.css HTTP/1.1" 200 648
::1 - guest [29/Aug/2018:13:53:29 -0480] "GET /content/fontawesome.css HTTP/1.1" 200 45557
::1 - guest [29/Aug/2018:13:53:29 -0480] "GET /script/global.js HTTP/1.1" 200 0
::1 - guest [29/Aug/2018:13:53:29 -0480] "GET /asset/home.png HTTP/1.1" 200 1237588
::1 - guest [29/Aug/2018:13:53:29 -0480] "GET /content/notosansscsliced.css HTTP/1.1" 200 251196
::1 - guest [29/Aug/2018:13:53:29 -0480] "GET /font/NotoSansSCSliced-Medium.100.woff2 HTTP/1.1" 200 636696
::1 - guest [29/Aug/2018:13:53:29 -0480] "GET /font/NotoSansSCSliced-Regular.100.woff2 HTTP/1.1" 200 631612
::1 - guest [29/Aug/2018:13:53:29 -0480] "GET /font/fa-brands-400.woff2 HTTP/1.1" 200 64144
::1 - guest [29/Aug/2018:13:53:29 -0480] "GET /font/NotoSansSCSliced-Regular.86.woff2 HTTP/1.1" 200 70092
::1 - guest [29/Aug/2018:13:53:34 -0480] "GET /asset/home.m4v HTTP/1.1" 206 10485760
::1 - guest [29/Aug/2018:13:53:53 -0480] "GET /asset/home.m4v HTTP/1.1" 206 10485760
::1 - guest [29/Aug/2018:13:54:03 -0480] "GET / HTTP/1.1" 200 1003
::1 - guest [29/Aug/2018:13:54:03 -0480] "GET /content/global.css HTTP/1.1" 200 2918
::1 - guest [29/Aug/2018:13:54:03 -0480] "GET /content/brands.css HTTP/1.1" 200 648
::1 - guest [29/Aug/2018:13:54:03 -0480] "GET /content/fontawesome.css HTTP/1.1" 200 45557
::1 - guest [29/Aug/2018:13:54:03 -0480] "GET /asset/home.png HTTP/1.1" 200 1237588
::1 - guest [29/Aug/2018:13:54:03 -0480] "GET /script/global.js HTTP/1.1" 200 0
::1 - guest [29/Aug/2018:13:54:04 -0480] "GET /content/notosansscsliced.css HTTP/1.1" 200 251196
