::1 - guest [29/Aug/2018:13:54:04 -0480] "GET /font/NotoSansSCSliced-Medium.100.woff2 HTTP/1.1" 200 636696
::1 - guest [29/Aug/2018:13:54:04 -0480] "GET /font/NotoSansSCSliced-Regular.100.woff2 HTTP/1.1" 200 631612
::1 - guest [29/Aug/2018:13:54:04 -0480] "GET /font/fa-brands-400.woff2 HTTP/1.1" 200 64144
::1 - guest [29/Aug/2018:13:54:04 -0480] "GET /font/NotoSansSCSliced-Regular.86.woff2 HTTP/1.1" 200 70092
::1 - guest [29/Aug/2018:13:54:05 -0480] "GET / HTTP/1.1" 200 1003
::1 - guest [29/Aug/2018:13:54:06 -0480] "GET /content/global.css HTTP/1.1" 200 2927
::1 - guest [29/Aug/2018:13:54:06 -0480] "GET /content/brands.css HTTP/1.1" 200 648
::1 - guest [29/Aug/2018:13:54:06 -0480] "GET /content/fontawesome.css HTTP/1.1" 200 45557
::1 - guest [29/Aug/2018:13:54:06 -0480] "GET /asset/home.png HTTP/1.1" 200 1237588
::1 - guest [29/Aug/2018:13:54:06 -0480] "GET /script/global.js HTTP/1.1" 200 0
::1 - guest [29/Aug/2018:13:54:07 -0480] "GET /content/notosansscsliced.css HTTP/1.1" 200 251196
::1 - guest [29/Aug/2018:13:54:07 -0480] "GET /font/NotoSansSCSliced-Medium.100.woff2 HTTP/1.1" 200 636696
::1 - guest [29/Aug/2018:13:54:07 -0480] "GET /font/NotoSansSCSliced-Regular.100.woff2 HTTP/1.1" 200 631612
::1 - guest [29/Aug/2018:13:54:07 -0480] "GET /font/fa-brands-400.woff2 HTTP/1.1" 200 64144
::1 - guest [29/Aug/2018:13:54:07 -0480] "GET /font/NotoSansSCSliced-Regular.86.woff2 HTTP/1.1" 200 70092
::1 - guest [29/Aug/2018:13:54:07 -0480] "GET /asset/home.m4v HTTP/1.1" 206 10485760
::1 - guest [29/Aug/2018:13:54:33 -0480] "GET /asset/home.m4v HTTP/1.1" 206 10485760
::1 - guest [29/Aug/2018:13:54:51 -0480] "GET /asset/home.m4v HTTP/1.1" 206 4887944
::1 - guest [29/Aug/2018:13:55:23 -0480] "GET /asset/home.m4v HTTP/1.1" 206 10485760
::1 - guest [29/Aug/2018:13:55:23 -0480] "GET /asset/home.m4v HTTP/1.1" 206 10485760
::1 - guest [29/Aug/2018:13:55:38 -0480] "GET /asset/home.m4v HTTP/1.1" 206 10485760
::1 - guest [29/Aug/2018:13:55:43 -0480] "GET / HTTP/1.1" 200 1003
::1 - guest [29/Aug/2018:13:55:43 -0480] "GET /content/global.css HTTP/1.1" 200 2927
::1 - guest [29/Aug/2018:13:55:43 -0480] "GET /content/brands.css HTTP/1.1" 200 648
::1 - guest [29/Aug/2018:13:55:43 -0480] "GET /content/fontawesome.css HTTP/1.1" 200 45557
::1 - guest [29/Aug/2018:13:55:43 -0480] "GET /asset/home.png HTTP/1.1" 200 1237588
::1 - guest [29/Aug/2018:13:55:43 -0480] "GET /script/global.js HTTP/1.1" 200 0
::1 - guest [29/Aug/2018:13:55:43 -0480] "GET /content/notosansscsliced.css HTTP/1.1" 200 251196
::1 - guest [29/Aug/2018:13:55:43 -0480] "GET /asset/home.m4v HTTP/1.1" 206 10485760
::1 - guest [29/Aug/2018:13:55:43 -0480] "GET /font/NotoSansSCSliced-Medium.100.woff2 HTTP/1.1" 200 636696
::1 - guest [29/Aug/2018:13:55:43 -0480] "GET /font/NotoSansSCSliced-Regular.100.woff2 HTTP/1.1" 200 631612
::1 - guest [29/Aug/2018:13:55:43 -0480] "GET /font/fa-brands-400.woff2 HTTP/1.1" 200 64144
::1 - guest [29/Aug/2018:13:55:43 -0480] "GET /font/NotoSansSCSliced-Regular.86.woff2 HTTP/1.1" 200 70092
::1 - guest [29/Aug/2018:13:56:07 -0480] "GET /asset/home.m4v HTTP/1.1" 206 10485760
::1 - guest [29/Aug/2018:13:56:24 -0480] "GET /asset/home.m4v HTTP/1.1" 206 6493576
::1 - guest [29/Aug/2018:13:56:30 -0480] "GET / HTTP/1.1" 200 1003
::1 - guest [29/Aug/2018:13:56:30 -0480] "GET /content/global.css HTTP/1.1" 200 3042
::1 - guest [29/Aug/2018:13:56:30 -0480] "GET /content/brands.css HTTP/1.1" 200 648
::1 - guest [29/Aug/2018:13:56:30 -0480] "GET /content/fontawesome.css HTTP/1.1" 200 45557
::1 - guest [29/Aug/2018:13:56:30 -0480] "GET /asset/home.png HTTP/1.1" 200 1237588
::1 - guest [29/Aug/2018:13:56:30 -0480] "GET /script/global.js HTTP/1.1" 200 0
::1 - guest [29/Aug/2018:13:56:30 -0480] "GET /content/notosansscsliced.css HTTP/1.1" 200 251196
::1 - guest [29/Aug/2018:13:56:31 -0480] "GET /font/NotoSansSCSliced-Medium.100.woff2 HTTP/1.1" 200 636696
::1 - guest [29/Aug/2018:13:56:31 -0480] "GET /font/NotoSansSCSliced-Regular.100.woff2 HTTP/1.1" 200 631612
::1 - guest [29/Aug/2018:13:56:31 -0480] "GET /font/fa-brands-400.woff2 HTTP/1.1" 200 64144
::1 - guest [29/Aug/2018:13:56:31 -0480] "GET /font/NotoSansSCSliced-Regular.86.woff2 HTTP/1.1" 200 70092
::1 - guest [29/Aug/2018:13:56:31 -0480] "GET /asset/home.m4v HTTP/1.1" 206 10485760
::1 - guest [29/Aug/2018:13:56:32 -0480] "GET / HTTP/1.1" 200 1003
::1 - guest [29/Aug/2018:13:56:32 -0480] "GET /content/global.css HTTP/1.1" 200 3219
::1 - guest [29/Aug/2018:13:56:32 -0480] "GET /content/brands.css HTTP/1.1" 200 648
::1 - guest [29/Aug/2018:13:56:32 -0480] "GET /content/fontawesome.css HTTP/1.1" 200 45557
::1 - guest [29/Aug/2018:13:56:32 -0480] "GET /asset/home.png HTTP/1.1" 200 1237588
::1 - guest [29/Aug/2018:13:56:32 -0480] "GET /script/global.js HTTP/1.1" 200 0
::1 - guest [29/Aug/2018:13:56:32 -0480] "GET /content/notosansscsliced.css HTTP/1.1" 200 251196
::1 - guest [29/Aug/2018:13:56:32 -0480] "GET /asset/home.m4v HTTP/1.1" 206 10485760
::1 - guest [29/Aug/2018:13:56:32 -0480] "GET /font/NotoSansSCSliced-Medium.100.woff2 HTTP/1.1" 200 636696
::1 - guest [29/Aug/2018:13:56:32 -0480] "GET /font/NotoSansSCSliced-Regular.100.woff2 HTTP/1.1" 200 631612
::1 - guest [29/Aug/2018:13:56:32 -0480] "GET /font/fa-brands-400.woff2 HTTP/1.1" 200 64144
::1 - guest [29/Aug/2018:13:56:32 -0480] "GET /font/NotoSansSCSliced-Regular.86.woff2 HTTP/1.1" 200 70092
::1 - guest [29/Aug/2018:13:56:34 -0480] "GET /asset/home.m4v HTTP/1.1" 206 10485760
::1 - guest [29/Aug/2018:13:56:59 -0480] "GET /asset/home.m4v HTTP/1.1" 206 10485760
::1 - guest [29/Aug/2018:13:57:17 -0480] "GET /asset/home.m4v HTTP/1.1" 206 4330888
::1 - guest [29/Aug/2018:13:57:48 -0480] "GET /asset/home.m4v HTTP/1.1" 206 10485760
::1 - guest [29/Aug/2018:13:57:48 -0480] "GET /asset/home.m4v HTTP/1.1" 206 10485760
::1 - guest [29/Aug/2018:13:58:01 -0480] "GET /asset/home.m4v HTTP/1.1" 206 10485760
::1 - guest [29/Aug/2018:13:58:11 -0480] "GET /asset/home.m4v HTTP/1.1" 206 10485760
::1 - guest [29/Aug/2018:13:58:19 -0480] "GET /asset/home.m4v HTTP/1.1" 206 10485760
::1 - guest [29/Aug/2018:13:58:36 -0480] "GET /asset/home.m4v HTTP/1.1" 206 2299272
::1 - guest [29/Aug/2018:13:59:01 -0480] "GET / HTTP/1.1" 200 1003
::1 - guest [29/Aug/2018:13:59:01 -0480] "GET /content/global.css HTTP/1.1" 200 3219
::1 - guest [29/Aug/2018:13:59:01 -0480] "GET /content/brands.css HTTP/1.1" 200 648
::1 - guest [29/Aug/2018:13:59:01 -0480] "GET /content/fontawesome.css HTTP/1.1" 200 45557
::1 - guest [29/Aug/2018:13:59:01 -0480] "GET /script/global.js HTTP/1.1" 200 0
::1 - guest [29/Aug/2018:13:59:01 -0480] "GET /asset/home.png HTTP/1.1" 200 1237588
::1 - guest [29/Aug/2018:13:59:02 -0480] "GET /content/notosansscsliced.css HTTP/1.1" 200 251196
::1 - guest [29/Aug/2018:13:59:02 -0480] "GET /font/NotoSansSCSliced-Medium.100.woff2 HTTP/1.1" 200 636696
::1 - guest [29/Aug/2018:13:59:02 -0480] "GET /font/NotoSansSCSliced-Regular.100.woff2 HTTP/1.1" 200 631612
::1 - guest [29/Aug/2018:13:59:02 -0480] "GET /font/fa-brands-400.woff2 HTTP/1.1" 200 64144
::1 - guest [29/Aug/2018:13:59:02 -0480] "GET /font/NotoSansSCSliced-Regular.86.woff2 HTTP/1.1" 200 70092
::1 - guest [29/Aug/2018:13:59:02 -0480] "GET /asset/home.m4v HTTP/1.1" 206 10485760
::1 - guest [29/Aug/2018:13:59:03 -0480] "GET /asset/home.m4v HTTP/1.1" 206 10485760
::1 - guest [29/Aug/2018:13:59:04 -0480] "GET / HTTP/1.1" 200 1003
::1 - guest [29/Aug/2018:13:59:04 -0480] "GET /content/global.css HTTP/1.1" 200 3414
::1 - guest [29/Aug/2018:13:59:04 -0480] "GET /content/brands.css HTTP/1.1" 200 648
::1 - guest [29/Aug/2018:13:59:04 -0480] "GET /content/fontawesome.css HTTP/1.1" 200 45557
::1 - guest [29/Aug/2018:13:59:04 -0480] "GET /asset/home.png HTTP/1.1" 200 1237588
::1 - guest [29/Aug/2018:13:59:04 -0480] "GET /script/global.js HTTP/1.1" 200 0
::1 - guest [29/Aug/2018:13:59:04 -0480] "GET /content/notosansscsliced.css HTTP/1.1" 200 251196
::1 - guest [29/Aug/2018:13:59:05 -0480] "GET /font/NotoSansSCSliced-Medium.100.woff2 HTTP/1.1" 200 636696
::1 - guest [29/Aug/2018:13:59:05 -0480] "GET /font/NotoSansSCSliced-Regular.100.woff2 HTTP/1.1" 200 631612
::1 - guest [29/Aug/2018:13:59:05 -0480] "GET /font/fa-brands-400.woff2 HTTP/1.1" 200 64144
::1 - guest [29/Aug/2018:13:59:05 -0480] "GET /font/NotoSansSCSliced-Regular.86.woff2 HTTP/1.1" 200 70092
::1 - guest [29/Aug/2018:13:59:10 -0480] "GET /asset/home.m4v HTTP/1.1" 206 10485760
::1 - guest [29/Aug/2018:13:59:20 -0480] "GET / HTTP/1.1" 200 1003
::1 - guest [29/Aug/2018:13:59:20 -0480] "GET /content/global.css HTTP/1.1" 200 3414
::1 - guest [29/Aug/2018:13:59:20 -0480] "GET /content/brands.css HTTP/1.1" 200 648
::1 - guest [29/Aug/2018:13:59:20 -0480] "GET /content/fontawesome.css HTTP/1.1" 200 45557
::1 - guest [29/Aug/2018:13:59:20 -0480] "GET /asset/home.png HTTP/1.1" 200 1237588
::1 - guest [29/Aug/2018:13:59:20 -0480] "GET /script/global.js HTTP/1.1" 200 0
::1 - guest [29/Aug/2018:13:59:20 -0480] "GET /content/notosansscsliced.css HTTP/1.1" 200 251196
::1 - guest [29/Aug/2018:13:59:21 -0480] "GET /font/NotoSansSCSliced-Medium.100.woff2 HTTP/1.1" 200 636696
::1 - guest [29/Aug/2018:13:59:21 -0480] "GET /font/NotoSansSCSliced-Regular.100.woff2 HTTP/1.1" 200 631612
::1 - guest [29/Aug/2018:13:59:21 -0480] "GET /font/fa-brands-400.woff2 HTTP/1.1" 200 64144
::1 - guest [29/Aug/2018:13:59:21 -0480] "GET /font/NotoSansSCSliced-Regular.86.woff2 HTTP/1.1" 200 70092
::1 - guest [29/Aug/2018:13:59:22 -0480] "GET /asset/home.m4v HTTP/1.1" 206 10485760
::1 - guest [29/Aug/2018:13:59:22 -0480] "GET / HTTP/1.1" 200 1003
::1 - guest [29/Aug/2018:13:59:23 -0480] "GET /content/global.css HTTP/1.1" 200 3437
::1 - guest [29/Aug/2018:13:59:23 -0480] "GET /content/brands.css HTTP/1.1" 200 648
::1 - guest [29/Aug/2018:13:59:23 -0480] "GET /content/fontawesome.css HTTP/1.1" 200 45557
::1 - guest [29/Aug/2018:13:59:23 -0480] "GET /asset/home.png HTTP/1.1" 200 1237588
::1 - guest [29/Aug/2018:13:59:23 -0480] "GET /script/global.js HTTP/1.1" 200 0
::1 - guest [29/Aug/2018:13:59:23 -0480] "GET /content/notosansscsliced.css HTTP/1.1" 200 251196
::1 - guest [29/Aug/2018:13:59:24 -0480] "GET /font/NotoSansSCSliced-Medium.100.woff2 HTTP/1.1" 200 636696
::1 - guest [29/Aug/2018:13:59:24 -0480] "GET /font/NotoSansSCSliced-Regular.100.woff2 HTTP/1.1" 200 631612
::1 - guest [29/Aug/2018:13:59:24 -0480] "GET /font/fa-brands-400.woff2 HTTP/1.1" 200 64144
::1 - guest [29/Aug/2018:13:59:24 -0480] "GET /font/NotoSansSCSliced-Regular.86.woff2 HTTP/1.1" 200 70092
::1 - guest [29/Aug/2018:13:59:38 -0480] "GET / HTTP/1.1" 200 1003
::1 - guest [29/Aug/2018:13:59:38 -0480] "GET /content/global.css HTTP/1.1" 200 3437
::1 - guest [29/Aug/2018:13:59:38 -0480] "GET /content/brands.css HTTP/1.1" 200 648
::1 - guest [29/Aug/2018:13:59:38 -0480] "GET /content/fontawesome.css HTTP/1.1" 200 45557
::1 - guest [29/Aug/2018:13:59:38 -0480] "GET /asset/home.png HTTP/1.1" 200 1237588
::1 - guest [29/Aug/2018:13:59:38 -0480] "GET /script/global.js HTTP/1.1" 200 0
::1 - guest [29/Aug/2018:13:59:38 -0480] "GET /content/notosansscsliced.css HTTP/1.1" 200 251196
::1 - guest [29/Aug/2018:13:59:38 -0480] "GET /font/NotoSansSCSliced-Medium.100.woff2 HTTP/1.1" 200 636696
::1 - guest [29/Aug/2018:13:59:38 -0480] "GET /font/NotoSansSCSliced-Regular.100.woff2 HTTP/1.1" 200 631612
::1 - guest [29/Aug/2018:13:59:39 -0480] "GET /font/fa-brands-400.woff2 HTTP/1.1" 200 64144
::1 - guest [29/Aug/2018:13:59:39 -0480] "GET /font/NotoSansSCSliced-Regular.86.woff2 HTTP/1.1" 200 70092
::1 - guest [29/Aug/2018:13:59:39 -0480] "GET / HTTP/1.1" 200 1003
::1 - guest [29/Aug/2018:13:59:40 -0480] "GET /content/global.css HTTP/1.1" 200 3458
::1 - guest [29/Aug/2018:13:59:40 -0480] "GET /content/brands.css HTTP/1.1" 200 648
::1 - guest [29/Aug/2018:13:59:40 -0480] "GET /content/fontawesome.css HTTP/1.1" 200 45557
::1 - guest [29/Aug/2018:13:59:40 -0480] "GET /asset/home.png HTTP/1.1" 200 1237588
::1 - guest [29/Aug/2018:13:59:40 -0480] "GET /script/global.js HTTP/1.1" 200 0
::1 - guest [29/Aug/2018:13:59:40 -0480] "GET /content/notosansscsliced.css HTTP/1.1" 200 251196
::1 - guest [29/Aug/2018:13:59:40 -0480] "GET /font/NotoSansSCSliced-Medium.100.woff2 HTTP/1.1" 200 636696
::1 - guest [29/Aug/2018:13:59:40 -0480] "GET /font/NotoSansSCSliced-Regular.100.woff2 HTTP/1.1" 200 631612
::1 - guest [29/Aug/2018:13:59:40 -0480] "GET /font/fa-brands-400.woff2 HTTP/1.1" 200 64144
::1 - guest [29/Aug/2018:13:59:40 -0480] "GET /font/NotoSansSCSliced-Regular.86.woff2 HTTP/1.1" 200 70092
::1 - guest [29/Aug/2018:14:00:04 -0480] "GET /asset/home.m4v HTTP/1.1" 206 10485760
::1 - guest [29/Aug/2018:14:00:04 -0480] "GET /asset/home.png HTTP/1.1" 200 1237588
::1 - guest [29/Aug/2018:14:00:22 -0480] "GET /asset/home.m4v HTTP/1.1" 206 6493576
::1 - guest [29/Aug/2018:14:00:56 -0480] "GET /asset/home.m4v HTTP/1.1" 206 10485760
::1 - guest [29/Aug/2018:14:00:56 -0480] "GET /asset/home.m4v HTTP/1.1" 206 10485760
::1 - guest [29/Aug/2018:14:01:10 -0480] "GET /asset/home.m4v HTTP/1.1" 206 10485760
::1 - guest [29/Aug/2018:14:01:19 -0480] "GET /asset/home.m4v HTTP/1.1" 206 10485760
::1 - guest [29/Aug/2018:14:01:25 -0480] "GET /asset/home.m4v HTTP/1.1" 206 10485760
::1 - guest [29/Aug/2018:14:01:43 -0480] "GET /asset/home.m4v HTTP/1.1" 206 2954632
::1 - guest [29/Aug/2018:14:02:12 -0480] "GET /asset/home.m4v HTTP/1.1" 206 10485760
::1 - guest [29/Aug/2018:14:02:12 -0480] "GET /asset/home.m4v HTTP/1.1" 206 10485760
::1 - guest [29/Aug/2018:14:02:25 -0480] "GET /asset/home.m4v HTTP/1.1" 206 10485760
::1 - guest [29/Aug/2018:14:02:35 -0480] "GET /asset/home.m4v HTTP/1.1" 206 10485760
::1 - guest [29/Aug/2018:14:02:41 -0480] "GET /asset/home.m4v HTTP/1.1" 206 10485760
::1 - guest [29/Aug/2018:14:02:59 -0480] "GET /asset/home.m4v HTTP/1.1" 206 2954632
::1 - guest [29/Aug/2018:14:03:27 -0480] "GET /asset/home.m4v HTTP/1.1" 206 10485760
::1 - guest [29/Aug/2018:14:03:27 -0480] "GET /asset/home.m4v HTTP/1.1" 206 10485760
::1 - guest [29/Aug/2018:14:03:42 -0480] "GET / HTTP/1.1" 200 1003
::1 - guest [29/Aug/2018:14:03:42 -0480] "GET /content/global.css HTTP/1.1" 200 3458
::1 - guest [29/Aug/2018:14:03:42 -0480] "GET /content/brands.css HTTP/1.1" 200 648
::1 - guest [29/Aug/2018:14:03:42 -0480] "GET /content/fontawesome.css HTTP/1.1" 200 45557
::1 - guest [29/Aug/2018:14:03:42 -0480] "GET /script/global.js HTTP/1.1" 200 0
::1 - guest [29/Aug/2018:14:03:42 -0480] "GET /asset/home.png HTTP/1.1" 200 1237588
::1 - guest [29/Aug/2018:14:03:42 -0480] "GET /content/notosansscsliced.css HTTP/1.1" 200 251196
::1 - guest [29/Aug/2018:14:03:42 -0480] "GET /asset/home.m4v HTTP/1.1" 206 10485760
::1 - guest [29/Aug/2018:14:03:42 -0480] "GET /font/NotoSansSCSliced-Medium.100.woff2 HTTP/1.1" 200 636696
::1 - guest [29/Aug/2018:14:03:42 -0480] "GET /font/NotoSansSCSliced-Regular.100.woff2 HTTP/1.1" 200 631612
::1 - guest [29/Aug/2018:14:03:42 -0480] "GET /font/fa-brands-400.woff2 HTTP/1.1" 200 64144
::1 - guest [29/Aug/2018:14:03:42 -0480] "GET /font/NotoSansSCSliced-Regular.86.woff2 HTTP/1.1" 200 70092
::1 - guest [29/Aug/2018:14:03:58 -0480] "GET /asset/home.m4v HTTP/1.1" 206 10485760
::1 - guest [29/Aug/2018:14:04:06 -0480] "GET /asset/home.m4v HTTP/1.1" 206 10485760
::1 - guest [29/Aug/2018:14:04:23 -0480] "GET /asset/home.m4v HTTP/1.1" 206 6493576
::1 - guest [29/Aug/2018:14:04:41 -0480] "GET / HTTP/1.1" 200 1003
::1 - guest [29/Aug/2018:14:04:41 -0480] "GET /content/global.css HTTP/1.1" 200 3458
::1 - guest [29/Aug/2018:14:04:41 -0480] "GET /content/brands.css HTTP/1.1" 200 648
::1 - guest [29/Aug/2018:14:04:41 -0480] "GET /content/fontawesome.css HTTP/1.1" 200 45557
::1 - guest [29/Aug/2018:14:04:41 -0480] "GET /asset/home.png HTTP/1.1" 200 1237588
::1 - guest [29/Aug/2018:14:04:41 -0480] "GET /script/global.js HTTP/1.1" 200 256
::1 - guest [29/Aug/2018:14:04:41 -0480] "GET /content/notosansscsliced.css HTTP/1.1" 200 251196
::1 - guest [29/Aug/2018:14:04:42 -0480] "GET /font/NotoSansSCSliced-Medium.100.woff2 HTTP/1.1" 200 636696
::1 - guest [29/Aug/2018:14:04:42 -0480] "GET /font/NotoSansSCSliced-Regular.100.woff2 HTTP/1.1" 200 631612
::1 - guest [29/Aug/2018:14:04:42 -0480] "GET /font/fa-brands-400.woff2 HTTP/1.1" 200 64144
::1 - guest [29/Aug/2018:14:04:42 -0480] "GET /font/NotoSansSCSliced-Regular.86.woff2 HTTP/1.1" 200 70092
::1 - guest [29/Aug/2018:14:04:43 -0480] "GET /asset/home.m4v HTTP/1.1" 206 10485760
::1 - guest [29/Aug/2018:14:04:43 -0480] "GET /asset/home.m4v HTTP/1.1" 206 10485760
::1 - guest [29/Aug/2018:14:04:50 -0480] "GET / HTTP/1.1" 200 1003
::1 - guest [29/Aug/2018:14:04:50 -0480] "GET /content/global.css HTTP/1.1" 200 3458
::1 - guest [29/Aug/2018:14:04:50 -0480] "GET /content/brands.css HTTP/1.1" 200 648
::1 - guest [29/Aug/2018:14:04:50 -0480] "GET /content/fontawesome.css HTTP/1.1" 200 45557
::1 - guest [29/Aug/2018:14:04:50 -0480] "GET /script/global.js HTTP/1.1" 200 271
::1 - guest [29/Aug/2018:14:04:50 -0480] "GET /asset/home.png HTTP/1.1" 200 1237588
::1 - guest [29/Aug/2018:14:04:50 -0480] "GET /content/notosansscsliced.css HTTP/1.1" 200 251196
::1 - guest [29/Aug/2018:14:04:51 -0480] "GET /font/NotoSansSCSliced-Medium.100.woff2 HTTP/1.1" 200 636696
::1 - guest [29/Aug/2018:14:04:51 -0480] "GET /font/NotoSansSCSliced-Regular.100.woff2 HTTP/1.1" 200 631612
::1 - guest [29/Aug/2018:14:04:51 -0480] "GET /font/fa-brands-400.woff2 HTTP/1.1" 200 64144
::1 - guest [29/Aug/2018:14:04:51 -0480] "GET /font/NotoSansSCSliced-Regular.86.woff2 HTTP/1.1" 200 70092
::1 - guest [29/Aug/2018:14:05:23 -0480] "GET / HTTP/1.1" 200 1003
::1 - guest [29/Aug/2018:14:05:23 -0480] "GET /content/global.css HTTP/1.1" 200 3458
::1 - guest [29/Aug/2018:14:05:23 -0480] "GET /content/brands.css HTTP/1.1" 200 648
::1 - guest [29/Aug/2018:14:05:23 -0480] "GET /content/fontawesome.css HTTP/1.1" 200 45557
::1 - guest [29/Aug/2018:14:05:23 -0480] "GET /asset/home.png HTTP/1.1" 200 1237588
::1 - guest [29/Aug/2018:14:05:23 -0480] "GET /script/global.js HTTP/1.1" 200 271
::1 - guest [29/Aug/2018:14:05:24 -0480] "GET /content/notosansscsliced.css HTTP/1.1" 200 251196
::1 - guest [29/Aug/2018:14:05:24 -0480] "GET / HTTP/1.1" 200 1003
::1 - guest [29/Aug/2018:14:05:24 -0480] "GET /font/NotoSansSCSliced-Medium.100.woff2 HTTP/1.1" 200 636696
::1 - guest [29/Aug/2018:14:05:24 -0480] "GET /font/NotoSansSCSliced-Regular.100.woff2 HTTP/1.1" 200 631612
::1 - guest [29/Aug/2018:14:05:24 -0480] "GET /font/fa-brands-400.woff2 HTTP/1.1" 200 64144
::1 - guest [29/Aug/2018:14:05:24 -0480] "GET /font/NotoSansSCSliced-Regular.86.woff2 HTTP/1.1" 200 70092
::1 - guest [29/Aug/2018:14:05:24 -0480] "GET /content/global.css HTTP/1.1" 200 3458
::1 - guest [29/Aug/2018:14:05:24 -0480] "GET /content/brands.css HTTP/1.1" 200 648
::1 - guest [29/Aug/2018:14:05:24 -0480] "GET /content/fontawesome.css HTTP/1.1" 200 45557
::1 - guest [29/Aug/2018:14:05:24 -0480] "GET /asset/home.png HTTP/1.1" 200 1237588
::1 - guest [29/Aug/2018:14:05:24 -0480] "GET /script/global.js HTTP/1.1" 200 283
::1 - guest [29/Aug/2018:14:05:25 -0480] "GET /content/notosansscsliced.css HTTP/1.1" 200 251196
::1 - guest [29/Aug/2018:14:05:25 -0480] "GET / HTTP/1.1" 200 1003
::1 - guest [29/Aug/2018:14:05:25 -0480] "GET /content/global.css HTTP/1.1" 200 3458
::1 - guest [29/Aug/2018:14:05:25 -0480] "GET /content/brands.css HTTP/1.1" 200 648
::1 - guest [29/Aug/2018:14:05:25 -0480] "GET /content/fontawesome.css HTTP/1.1" 200 45557
::1 - guest [29/Aug/2018:14:05:25 -0480] "GET /asset/home.png HTTP/1.1" 200 1237588
::1 - guest [29/Aug/2018:14:05:25 -0480] "GET /script/global.js HTTP/1.1" 200 283
::1 - guest [29/Aug/2018:14:05:25 -0480] "GET /content/notosansscsliced.css HTTP/1.1" 200 251196
::1 - guest [29/Aug/2018:14:05:25 -0480] "GET /font/NotoSansSCSliced-Medium.100.woff2 HTTP/1.1" 200 636696
::1 - guest [29/Aug/2018:14:05:25 -0480] "GET /font/NotoSansSCSliced-Regular.100.woff2 HTTP/1.1" 200 631612
::1 - guest [29/Aug/2018:14:05:25 -0480] "GET /font/fa-brands-400.woff2 HTTP/1.1" 200 64144
::1 - guest [29/Aug/2018:14:05:25 -0480] "GET /font/NotoSansSCSliced-Regular.86.woff2 HTTP/1.1" 200 70092
::1 - guest [29/Aug/2018:14:05:35 -0480] "GET /asset/home.m4v HTTP/1.1" 206 10485760
::1 - guest [29/Aug/2018:14:05:36 -0480] "GET /robots.txt HTTP/1.1" 404 3458
::1 - guest [29/Aug/2018:14:05:36 -0480] "GET / HTTP/1.1" 200 1003
::1 - guest [29/Aug/2018:14:05:36 -0480] "GET /content/global.css HTTP/1.1" 200 3458
::1 - guest [29/Aug/2018:14:05:36 -0480] "GET /content/brands.css HTTP/1.1" 200 648
::1 - guest [29/Aug/2018:14:05:36 -0480] "GET /content/fontawesome.css HTTP/1.1" 200 45557
::1 - guest [29/Aug/2018:14:05:36 -0480] "GET /asset/home.png HTTP/1.1" 200 1237588
::1 - guest [29/Aug/2018:14:05:36 -0480] "GET /script/global.js HTTP/1.1" 200 283
::1 - guest [29/Aug/2018:14:05:36 -0480] "GET /content/notosansscsliced.css HTTP/1.1" 200 251196
::1 - guest [29/Aug/2018:14:05:36 -0480] "GET /asset/home.m4v HTTP/1.1" 206 10485760
::1 - guest [29/Aug/2018:14:05:37 -0480] "GET /font/NotoSansSCSliced-Medium.100.woff2 HTTP/1.1" 200 636696
::1 - guest [29/Aug/2018:14:05:37 -0480] "GET /font/NotoSansSCSliced-Regular.100.woff2 HTTP/1.1" 200 631612
::1 - guest [29/Aug/2018:14:05:37 -0480] "GET /font/fa-brands-400.woff2 HTTP/1.1" 200 64144
::1 - guest [29/Aug/2018:14:05:37 -0480] "GET /font/NotoSansSCSliced-Regular.86.woff2 HTTP/1.1" 200 70092
::1 - guest [29/Aug/2018:14:07:12 -0480] "GET / HTTP/1.1" 200 1003
::1 - guest [29/Aug/2018:14:07:12 -0480] "GET /content/global.css HTTP/1.1" 200 3458
::1 - guest [29/Aug/2018:14:07:12 -0480] "GET /content/brands.css HTTP/1.1" 200 648
::1 - guest [29/Aug/2018:14:07:12 -0480] "GET /content/fontawesome.css HTTP/1.1" 200 45557
::1 - guest [29/Aug/2018:14:07:12 -0480] "GET /script/global.js HTTP/1.1" 200 283
::1 - guest [29/Aug/2018:14:07:12 -0480] "GET /asset/home.png HTTP/1.1" 200 1237588
::1 - guest [29/Aug/2018:14:07:13 -0480] "GET /content/notosansscsliced.css HTTP/1.1" 200 251196
::1 - guest [29/Aug/2018:14:07:13 -0480] "GET /asset/home.m4v HTTP/1.1" 206 10485760
::1 - guest [29/Aug/2018:14:07:13 -0480] "GET /font/NotoSansSCSliced-Medium.100.woff2 HTTP/1.1" 200 636696
::1 - guest [29/Aug/2018:14:07:13 -0480] "GET /font/NotoSansSCSliced-Regular.100.woff2 HTTP/1.1" 200 631612
::1 - guest [29/Aug/2018:14:07:13 -0480] "GET /font/fa-brands-400.woff2 HTTP/1.1" 200 64144
::1 - guest [29/Aug/2018:14:07:13 -0480] "GET /font/NotoSansSCSliced-Regular.86.woff2 HTTP/1.1" 200 70092
::1 - guest [29/Aug/2018:14:07:15 -0480] "GET / HTTP/1.1" 200 1003
::1 - guest [29/Aug/2018:14:07:15 -0480] "GET /content/global.css HTTP/1.1" 200 3458
::1 - guest [29/Aug/2018:14:07:15 -0480] "GET /content/brands.css HTTP/1.1" 200 648
::1 - guest [29/Aug/2018:14:07:15 -0480] "GET /content/fontawesome.css HTTP/1.1" 200 45557
::1 - guest [29/Aug/2018:14:07:15 -0480] "GET /asset/home.png HTTP/1.1" 200 1237588
::1 - guest [29/Aug/2018:14:07:15 -0480] "GET /script/global.js HTTP/1.1" 200 257
::1 - guest [29/Aug/2018:14:07:15 -0480] "GET /content/notosansscsliced.css HTTP/1.1" 200 251196
::1 - guest [29/Aug/2018:14:07:16 -0480] "GET /font/NotoSansSCSliced-Medium.100.woff2 HTTP/1.1" 200 636696
::1 - guest [29/Aug/2018:14:07:16 -0480] "GET /font/NotoSansSCSliced-Regular.100.woff2 HTTP/1.1" 200 631612
::1 - guest [29/Aug/2018:14:07:16 -0480] "GET /font/fa-brands-400.woff2 HTTP/1.1" 200 64144
::1 - guest [29/Aug/2018:14:07:16 -0480] "GET /font/NotoSansSCSliced-Regular.86.woff2 HTTP/1.1" 200 70092
::1 - guest [29/Aug/2018:14:07:22 -0480] "GET /asset/home.m4v HTTP/1.1" 206 10485760
::1 - guest [29/Aug/2018:14:07:39 -0480] "GET / HTTP/1.1" 200 1003
::1 - guest [29/Aug/2018:14:07:39 -0480] "GET /content/global.css HTTP/1.1" 200 3458
::1 - guest [29/Aug/2018:14:07:39 -0480] "GET /content/brands.css HTTP/1.1" 200 648
::1 - guest [29/Aug/2018:14:07:39 -0480] "GET /content/fontawesome.css HTTP/1.1" 200 45557
::1 - guest [29/Aug/2018:14:07:39 -0480] "GET /script/global.js HTTP/1.1" 200 257
::1 - guest [29/Aug/2018:14:07:39 -0480] "GET /asset/home.png HTTP/1.1" 200 1237588
::1 - guest [29/Aug/2018:14:07:39 -0480] "GET /content/notosansscsliced.css HTTP/1.1" 200 251196
::1 - guest [29/Aug/2018:14:07:39 -0480] "GET /asset/home.m4v HTTP/1.1" 206 10485760
::1 - guest [29/Aug/2018:14:07:39 -0480] "GET /font/NotoSansSCSliced-Medium.100.woff2 HTTP/1.1" 200 636696
::1 - guest [29/Aug/2018:14:07:39 -0480] "GET /font/NotoSansSCSliced-Regular.100.woff2 HTTP/1.1" 200 631612
::1 - guest [29/Aug/2018:14:07:39 -0480] "GET /font/fa-brands-400.woff2 HTTP/1.1" 200 64144
::1 - guest [29/Aug/2018:14:07:39 -0480] "GET /font/NotoSansSCSliced-Regular.86.woff2 HTTP/1.1" 200 70092
::1 - guest [29/Aug/2018:14:07:58 -0480] "GET / HTTP/1.1" 200 1003
::1 - guest [29/Aug/2018:14:07:58 -0480] "GET /content/global.css HTTP/1.1" 200 3458
::1 - guest [29/Aug/2018:14:07:58 -0480] "GET /content/brands.css HTTP/1.1" 200 648
::1 - guest [29/Aug/2018:14:07:58 -0480] "GET /content/fontawesome.css HTTP/1.1" 200 45557
::1 - guest [29/Aug/2018:14:07:58 -0480] "GET /asset/home.png HTTP/1.1" 200 1237588
::1 - guest [29/Aug/2018:14:07:58 -0480] "GET /script/global.js HTTP/1.1" 200 257
::1 - guest [29/Aug/2018:14:07:59 -0480] "GET /content/notosansscsliced.css HTTP/1.1" 200 251196
::1 - guest [29/Aug/2018:14:07:59 -0480] "GET /font/NotoSansSCSliced-Medium.100.woff2 HTTP/1.1" 200 636696
::1 - guest [29/Aug/2018:14:07:59 -0480] "GET /font/NotoSansSCSliced-Regular.100.woff2 HTTP/1.1" 200 631612
::1 - guest [29/Aug/2018:14:07:59 -0480] "GET /font/fa-brands-400.woff2 HTTP/1.1" 200 64144
::1 - guest [29/Aug/2018:14:07:59 -0480] "GET /font/NotoSansSCSliced-Regular.86.woff2 HTTP/1.1" 200 70092
::1 - guest [29/Aug/2018:14:08:01 -0480] "GET / HTTP/1.1" 200 1003
::1 - guest [29/Aug/2018:14:08:01 -0480] "GET /content/global.css HTTP/1.1" 200 3458
::1 - guest [29/Aug/2018:14:08:01 -0480] "GET /content/brands.css HTTP/1.1" 200 648
::1 - guest [29/Aug/2018:14:08:01 -0480] "GET /content/fontawesome.css HTTP/1.1" 200 45557
::1 - guest [29/Aug/2018:14:08:01 -0480] "GET /asset/home.png HTTP/1.1" 200 1237588
::1 - guest [29/Aug/2018:14:08:01 -0480] "GET /script/global.js HTTP/1.1" 200 242
::1 - guest [29/Aug/2018:14:08:02 -0480] "GET /content/notosansscsliced.css HTTP/1.1" 200 251196
::1 - guest [29/Aug/2018:14:08:02 -0480] "GET /font/NotoSansSCSliced-Medium.100.woff2 HTTP/1.1" 200 636696
::1 - guest [29/Aug/2018:14:08:02 -0480] "GET /font/NotoSansSCSliced-Regular.100.woff2 HTTP/1.1" 200 631612
::1 - guest [29/Aug/2018:14:08:02 -0480] "GET /font/fa-brands-400.woff2 HTTP/1.1" 200 64144
::1 - guest [29/Aug/2018:14:08:02 -0480] "GET /font/NotoSansSCSliced-Regular.86.woff2 HTTP/1.1" 200 70092
::1 - guest [29/Aug/2018:14:25:24 -0480] "GET /asset/home.m4v HTTP/1.1" 206 10485760
::1 - guest [29/Aug/2018:14:25:25 -0480] "GET /asset/home.m4v HTTP/1.1" 206 10485760
::1 - guest [29/Aug/2018:14:25:38 -0480] "GET /asset/home.m4v HTTP/1.1" 206 10485760
::1 - guest [29/Aug/2018:14:25:56 -0480] "GET /asset/home.m4v HTTP/1.1" 206 8361352
::1 - guest [29/Aug/2018:14:26:34 -0480] "GET /asset/home.m4v HTTP/1.1" 206 10485760
::1 - guest [29/Aug/2018:14:26:34 -0480] "GET /asset/home.m4v HTTP/1.1" 206 10485760
::1 - guest [29/Aug/2018:14:26:49 -0480] "GET /asset/home.m4v HTTP/1.1" 206 10485760
::1 - guest [29/Aug/2018:14:26:57 -0480] "GET /asset/home.m4v HTTP/1.1" 206 10485760
::1 - guest [29/Aug/2018:14:27:04 -0480] "GET /asset/home.m4v HTTP/1.1" 206 10485760
::1 - guest [29/Aug/2018:14:27:22 -0480] "GET /asset/home.m4v HTTP/1.1" 206 2528648
::1 - guest [29/Aug/2018:14:27:33 -0480] "GET / HTTP/1.1" 200 1003
::1 - guest [29/Aug/2018:14:27:33 -0480] "GET /content/global.css HTTP/1.1" 200 3458
::1 - guest [29/Aug/2018:14:27:33 -0480] "GET /content/brands.css HTTP/1.1" 200 648
::1 - guest [29/Aug/2018:14:27:33 -0480] "GET /content/fontawesome.css HTTP/1.1" 200 45557
::1 - guest [29/Aug/2018:14:27:33 -0480] "GET /asset/home.png HTTP/1.1" 200 1237588
::1 - guest [29/Aug/2018:14:27:33 -0480] "GET /script/global.js HTTP/1.1" 200 242
::1 - guest [29/Aug/2018:14:27:33 -0480] "GET /content/notosansscsliced.css HTTP/1.1" 200 251196
::1 - guest [29/Aug/2018:14:27:33 -0480] "GET /asset/home.m4v HTTP/1.1" 206 10485760
::1 - guest [29/Aug/2018:14:27:33 -0480] "GET /font/NotoSansSCSliced-Medium.100.woff2 HTTP/1.1" 200 636696
::1 - guest [29/Aug/2018:14:27:33 -0480] "GET /font/NotoSansSCSliced-Regular.100.woff2 HTTP/1.1" 200 631612
::1 - guest [29/Aug/2018:14:27:33 -0480] "GET /font/fa-brands-400.woff2 HTTP/1.1" 200 64144
::1 - guest [29/Aug/2018:14:27:33 -0480] "GET /font/NotoSansSCSliced-Regular.86.woff2 HTTP/1.1" 200 70092
::1 - guest [29/Aug/2018:14:27:35 -0480] "GET /asset/home.m4v HTTP/1.1" 206 10485760
::1 - guest [29/Aug/2018:14:27:35 -0480] "GET / HTTP/1.1" 200 1003
::1 - guest [29/Aug/2018:14:27:36 -0480] "GET /content/global.css HTTP/1.1" 200 3795
::1 - guest [29/Aug/2018:14:27:36 -0480] "GET /content/brands.css HTTP/1.1" 200 648
::1 - guest [29/Aug/2018:14:27:36 -0480] "GET /content/fontawesome.css HTTP/1.1" 200 45557
::1 - guest [29/Aug/2018:14:27:36 -0480] "GET /asset/home.png HTTP/1.1" 200 1237588
::1 - guest [29/Aug/2018:14:27:36 -0480] "GET /script/global.js HTTP/1.1" 200 242
::1 - guest [29/Aug/2018:14:27:36 -0480] "GET /content/notosansscsliced.css HTTP/1.1" 200 251196
::1 - guest [29/Aug/2018:14:27:36 -0480] "GET /font/NotoSansSCSliced-Medium.100.woff2 HTTP/1.1" 200 636696
::1 - guest [29/Aug/2018:14:27:36 -0480] "GET /font/fa-brands-400.woff2 HTTP/1.1" 200 64144
::1 - guest [29/Aug/2018:14:27:36 -0480] "GET /font/NotoSansSCSliced-Regular.100.woff2 HTTP/1.1" 200 631612
::1 - guest [29/Aug/2018:14:27:36 -0480] "GET /font/NotoSansSCSliced-Regular.86.woff2 HTTP/1.1" 200 70092
::1 - guest [29/Aug/2018:14:27:41 -0480] "GET /asset/home.m4v HTTP/1.1" 206 10485760
::1 - guest [29/Aug/2018:14:27:59 -0480] "GET /asset/home.m4v HTTP/1.1" 206 10485760
::1 - guest [29/Aug/2018:14:28:07 -0480] "GET /asset/home.m4v HTTP/1.1" 206 10485760
::1 - guest [29/Aug/2018:14:28:25 -0480] "GET /asset/home.m4v HTTP/1.1" 206 2299272
::1 - guest [29/Aug/2018:14:28:52 -0480] "GET /asset/home.m4v HTTP/1.1" 206 10485760
::1 - guest [29/Aug/2018:14:28:52 -0480] "GET /asset/home.m4v HTTP/1.1" 206 10485760
::1 - guest [29/Aug/2018:14:29:05 -0480] "GET /asset/home.m4v HTTP/1.1" 206 10485760
::1 - guest [29/Aug/2018:14:29:15 -0480] "GET /asset/home.m4v HTTP/1.1" 206 10485760
::1 - guest [29/Aug/2018:14:29:23 -0480] "GET /asset/home.m4v HTTP/1.1" 206 10485760
::1 - guest [29/Aug/2018:14:29:25 -0480] "GET / HTTP/1.1" 200 1003
::1 - guest [29/Aug/2018:14:29:25 -0480] "GET /content/global.css HTTP/1.1" 200 3795
::1 - guest [29/Aug/2018:14:29:25 -0480] "GET /content/brands.css HTTP/1.1" 200 648
::1 - guest [29/Aug/2018:14:29:25 -0480] "GET /content/fontawesome.css HTTP/1.1" 200 45557
::1 - guest [29/Aug/2018:14:29:25 -0480] "GET /asset/home.png HTTP/1.1" 200 1237588
::1 - guest [29/Aug/2018:14:29:25 -0480] "GET /script/global.js HTTP/1.1" 200 242
::1 - guest [29/Aug/2018:14:29:25 -0480] "GET /content/notosansscsliced.css HTTP/1.1" 200 251196
::1 - guest [29/Aug/2018:14:29:26 -0480] "GET /font/NotoSansSCSliced-Medium.100.woff2 HTTP/1.1" 200 636696
::1 - guest [29/Aug/2018:14:29:26 -0480] "GET /font/NotoSansSCSliced-Regular.100.woff2 HTTP/1.1" 200 631612
::1 - guest [29/Aug/2018:14:29:26 -0480] "GET /font/fa-brands-400.woff2 HTTP/1.1" 200 64144
::1 - guest [29/Aug/2018:14:29:26 -0480] "GET /font/NotoSansSCSliced-Regular.86.woff2 HTTP/1.1" 200 70092
::1 - guest [29/Aug/2018:14:29:27 -0480] "GET / HTTP/1.1" 200 1003
::1 - guest [29/Aug/2018:14:29:27 -0480] "GET /content/global.css HTTP/1.1" 200 3814
::1 - guest [29/Aug/2018:14:29:27 -0480] "GET /content/brands.css HTTP/1.1" 200 648
::1 - guest [29/Aug/2018:14:29:27 -0480] "GET /content/fontawesome.css HTTP/1.1" 200 45557
::1 - guest [29/Aug/2018:14:29:27 -0480] "GET /script/global.js HTTP/1.1" 200 242
::1 - guest [29/Aug/2018:14:29:27 -0480] "GET /asset/home.png HTTP/1.1" 200 1237588
::1 - guest [29/Aug/2018:14:29:27 -0480] "GET /content/notosansscsliced.css HTTP/1.1" 200 251196
::1 - guest [29/Aug/2018:14:29:27 -0480] "GET /font/NotoSansSCSliced-Medium.100.woff2 HTTP/1.1" 200 636696
::1 - guest [29/Aug/2018:14:29:28 -0480] "GET /font/NotoSansSCSliced-Regular.100.woff2 HTTP/1.1" 200 631612
::1 - guest [29/Aug/2018:14:29:28 -0480] "GET /font/fa-brands-400.woff2 HTTP/1.1" 200 64144
::1 - guest [29/Aug/2018:14:29:28 -0480] "GET /font/NotoSansSCSliced-Regular.86.woff2 HTTP/1.1" 200 70092
::1 - guest [29/Aug/2018:14:29:29 -0480] "GET /asset/home.m4v HTTP/1.1" 206 10485760
::1 - guest [29/Aug/2018:14:29:53 -0480] "GET /asset/home.m4v HTTP/1.1" 206 10485760
::1 - guest [29/Aug/2018:14:30:11 -0480] "GET /asset/home.m4v HTTP/1.1" 206 5379464
::1 - guest [29/Aug/2018:14:30:22 -0480] "GET / HTTP/1.1" 200 1003
::1 - guest [29/Aug/2018:14:30:22 -0480] "GET /content/global.css HTTP/1.1" 200 3814
::1 - guest [29/Aug/2018:14:30:22 -0480] "GET /content/brands.css HTTP/1.1" 200 648
::1 - guest [29/Aug/2018:14:30:22 -0480] "GET /content/fontawesome.css HTTP/1.1" 200 45557
::1 - guest [29/Aug/2018:14:30:22 -0480] "GET /asset/home.png HTTP/1.1" 200 1237588
::1 - guest [29/Aug/2018:14:30:22 -0480] "GET /script/global.js HTTP/1.1" 200 242
::1 - guest [29/Aug/2018:14:30:22 -0480] "GET /content/notosansscsliced.css HTTP/1.1" 200 251196
::1 - guest [29/Aug/2018:14:30:23 -0480] "GET /asset/home.m4v HTTP/1.1" 206 10485760
::1 - guest [29/Aug/2018:14:30:23 -0480] "GET /font/NotoSansSCSliced-Medium.100.woff2 HTTP/1.1" 200 636696
::1 - guest [29/Aug/2018:14:30:23 -0480] "GET /font/NotoSansSCSliced-Regular.100.woff2 HTTP/1.1" 200 631612
::1 - guest [29/Aug/2018:14:30:23 -0480] "GET /font/fa-brands-400.woff2 HTTP/1.1" 200 64144
::1 - guest [29/Aug/2018:14:30:23 -0480] "GET /font/NotoSansSCSliced-Regular.86.woff2 HTTP/1.1" 200 70092
::1 - guest [29/Aug/2018:14:30:24 -0480] "GET /asset/home.m4v HTTP/1.1" 206 10485760
::1 - guest [29/Aug/2018:14:30:37 -0480] "GET / HTTP/1.1" 200 1003
::1 - guest [29/Aug/2018:14:30:37 -0480] "GET /content/global.css HTTP/1.1" 200 3867
::1 - guest [29/Aug/2018:14:30:37 -0480] "GET /content/brands.css HTTP/1.1" 200 648
::1 - guest [29/Aug/2018:14:30:37 -0480] "GET /content/fontawesome.css HTTP/1.1" 200 45557
::1 - guest [29/Aug/2018:14:30:37 -0480] "GET /asset/home.png HTTP/1.1" 200 1237588
::1 - guest [29/Aug/2018:14:30:37 -0480] "GET /script/global.js HTTP/1.1" 200 242
::1 - guest [29/Aug/2018:14:30:38 -0480] "GET /content/notosansscsliced.css HTTP/1.1" 200 251196
::1 - guest [29/Aug/2018:14:30:38 -0480] "GET / HTTP/1.1" 200 1003
::1 - guest [29/Aug/2018:14:30:38 -0480] "GET /font/NotoSansSCSliced-Medium.100.woff2 HTTP/1.1" 200 636696
::1 - guest [29/Aug/2018:14:30:38 -0480] "GET /font/NotoSansSCSliced-Regular.100.woff2 HTTP/1.1" 200 631612
::1 - guest [29/Aug/2018:14:30:38 -0480] "GET /font/fa-brands-400.woff2 HTTP/1.1" 200 64144
::1 - guest [29/Aug/2018:14:30:38 -0480] "GET /font/NotoSansSCSliced-Regular.86.woff2 HTTP/1.1" 200 70092
::1 - guest [29/Aug/2018:14:30:38 -0480] "GET /font/NotoSansSCSliced-Regular.86.woff HTTP/1.1" 404 3458
::1 - guest [29/Aug/2018:14:30:38 -0480] "GET /font/NotoSansSCSliced-Regular.100.woff HTTP/1.1" 404 3458
::1 - guest [29/Aug/2018:14:30:39 -0480] "GET /content/global.css HTTP/1.1" 200 3869
::1 - guest [29/Aug/2018:14:30:39 -0480] "GET /content/brands.css HTTP/1.1" 200 648
::1 - guest [29/Aug/2018:14:30:39 -0480] "GET /content/fontawesome.css HTTP/1.1" 200 45557
::1 - guest [29/Aug/2018:14:30:39 -0480] "GET /asset/home.png HTTP/1.1" 200 1237588
::1 - guest [29/Aug/2018:14:30:39 -0480] "GET /script/global.js HTTP/1.1" 200 242
::1 - guest [29/Aug/2018:14:30:39 -0480] "GET /content/notosansscsliced.css HTTP/1.1" 200 251196
::1 - guest [29/Aug/2018:14:30:39 -0480] "GET /font/NotoSansSCSliced-Medium.100.woff2 HTTP/1.1" 200 636696
::1 - guest [29/Aug/2018:14:30:39 -0480] "GET /font/NotoSansSCSliced-Regular.100.woff2 HTTP/1.1" 200 631612
::1 - guest [29/Aug/2018:14:30:39 -0480] "GET /font/fa-brands-400.woff2 HTTP/1.1" 200 64144
::1 - guest [29/Aug/2018:14:30:39 -0480] "GET /font/NotoSansSCSliced-Regular.86.woff2 HTTP/1.1" 200 70092
::1 - guest [29/Aug/2018:14:30:40 -0480] "GET /asset/home.m4v HTTP/1.1" 206 10485760
::1 - guest [29/Aug/2018:14:30:53 -0480] "GET / HTTP/1.1" 200 1003
::1 - guest [29/Aug/2018:14:30:54 -0480] "GET /content/global.css HTTP/1.1" 200 3869
::1 - guest [29/Aug/2018:14:30:54 -0480] "GET /content/brands.css HTTP/1.1" 200 648
::1 - guest [29/Aug/2018:14:30:54 -0480] "GET /content/fontawesome.css HTTP/1.1" 200 45557
::1 - guest [29/Aug/2018:14:30:54 -0480] "GET /asset/home.png HTTP/1.1" 200 1237588
::1 - guest [29/Aug/2018:14:30:54 -0480] "GET /script/global.js HTTP/1.1" 200 242
::1 - guest [29/Aug/2018:14:30:54 -0480] "GET /content/notosansscsliced.css HTTP/1.1" 200 251196
::1 - guest [29/Aug/2018:14:30:54 -0480] "GET /font/NotoSansSCSliced-Medium.100.woff2 HTTP/1.1" 200 636696
::1 - guest [29/Aug/2018:14:30:54 -0480] "GET /font/NotoSansSCSliced-Regular.100.woff2 HTTP/1.1" 200 631612
::1 - guest [29/Aug/2018:14:30:54 -0480] "GET /font/fa-brands-400.woff2 HTTP/1.1" 200 64144
::1 - guest [29/Aug/2018:14:30:54 -0480] "GET /font/NotoSansSCSliced-Regular.86.woff2 HTTP/1.1" 200 70092
::1 - guest [29/Aug/2018:14:30:55 -0480] "GET / HTTP/1.1" 200 1003
::1 - guest [29/Aug/2018:14:30:56 -0480] "GET /content/global.css HTTP/1.1" 200 3872
::1 - guest [29/Aug/2018:14:30:56 -0480] "GET /content/brands.css HTTP/1.1" 200 648
::1 - guest [29/Aug/2018:14:30:56 -0480] "GET /content/fontawesome.css HTTP/1.1" 200 45557
::1 - guest [29/Aug/2018:14:30:56 -0480] "GET /asset/home.png HTTP/1.1" 200 1237588
::1 - guest [29/Aug/2018:14:30:56 -0480] "GET /script/global.js HTTP/1.1" 200 242
::1 - guest [29/Aug/2018:14:30:56 -0480] "GET /content/notosansscsliced.css HTTP/1.1" 200 251196
::1 - guest [29/Aug/2018:14:30:56 -0480] "GET /font/NotoSansSCSliced-Medium.100.woff2 HTTP/1.1" 200 636696
::1 - guest [29/Aug/2018:14:30:56 -0480] "GET /font/NotoSansSCSliced-Regular.100.woff2 HTTP/1.1" 200 631612
::1 - guest [29/Aug/2018:14:30:56 -0480] "GET /font/fa-brands-400.woff2 HTTP/1.1" 200 64144
::1 - guest [29/Aug/2018:14:30:56 -0480] "GET /font/NotoSansSCSliced-Regular.86.woff2 HTTP/1.1" 200 70092
::1 - guest [29/Aug/2018:14:31:11 -0480] "GET /asset/home.m4v HTTP/1.1" 206 10485760
::1 - guest [29/Aug/2018:14:31:19 -0480] "GET /asset/home.m4v HTTP/1.1" 206 10485760
::1 - guest [29/Aug/2018:14:31:37 -0480] "GET /asset/home.m4v HTTP/1.1" 206 6493576
::1 - guest [29/Aug/2018:14:32:12 -0480] "GET /asset/home.m4v HTTP/1.1" 206 10485760
::1 - guest [29/Aug/2018:14:32:12 -0480] "GET /asset/home.m4v HTTP/1.1" 206 10485760
::1 - guest [29/Aug/2018:14:32:27 -0480] "GET /asset/home.m4v HTTP/1.1" 206 10485760
::1 - guest [29/Aug/2018:14:32:35 -0480] "GET /asset/home.m4v HTTP/1.1" 206 10485760
::1 - guest [29/Aug/2018:14:32:43 -0480] "GET /asset/home.m4v HTTP/1.1" 206 10485760
::1 - guest [29/Aug/2018:14:33:01 -0480] "GET /asset/home.m4v HTTP/1.1" 206 2200968
::1 - guest [29/Aug/2018:14:33:09 -0480] "GET / HTTP/1.1" 200 1003
::1 - guest [29/Aug/2018:14:33:09 -0480] "GET /content/global.css HTTP/1.1" 200 3872
::1 - guest [29/Aug/2018:14:33:09 -0480] "GET /content/brands.css HTTP/1.1" 200 648
::1 - guest [29/Aug/2018:14:33:09 -0480] "GET /content/fontawesome.css HTTP/1.1" 200 45557
::1 - guest [29/Aug/2018:14:33:09 -0480] "GET /asset/home.png HTTP/1.1" 200 1237588
::1 - guest [29/Aug/2018:14:33:09 -0480] "GET /script/global.js HTTP/1.1" 200 242
::1 - guest [29/Aug/2018:14:33:09 -0480] "GET /content/notosansscsliced.css HTTP/1.1" 200 251196
::1 - guest [29/Aug/2018:14:33:09 -0480] "GET /font/NotoSansSCSliced-Medium.100.woff2 HTTP/1.1" 200 636696
::1 - guest [29/Aug/2018:14:33:09 -0480] "GET /font/NotoSansSCSliced-Regular.100.woff2 HTTP/1.1" 200 631612
::1 - guest [29/Aug/2018:14:33:09 -0480] "GET /font/fa-brands-400.woff2 HTTP/1.1" 200 64144
::1 - guest [29/Aug/2018:14:33:09 -0480] "GET /font/NotoSansSCSliced-Regular.86.woff2 HTTP/1.1" 200 70092
::1 - guest [29/Aug/2018:14:33:10 -0480] "GET /asset/home.m4v HTTP/1.1" 206 10485760
::1 - guest [29/Aug/2018:14:33:11 -0480] "GET /asset/home.m4v HTTP/1.1" 206 10485760
::1 - guest [29/Aug/2018:14:33:12 -0480] "GET / HTTP/1.1" 200 1003
::1 - guest [29/Aug/2018:14:33:12 -0480] "GET /content/global.css HTTP/1.1" 200 4095
::1 - guest [29/Aug/2018:14:33:12 -0480] "GET /content/brands.css HTTP/1.1" 200 648
::1 - guest [29/Aug/2018:14:33:12 -0480] "GET /content/fontawesome.css HTTP/1.1" 200 45557
::1 - guest [29/Aug/2018:14:33:12 -0480] "GET /asset/home.png HTTP/1.1" 200 1237588
::1 - guest [29/Aug/2018:14:33:12 -0480] "GET /script/global.js HTTP/1.1" 200 242
::1 - guest [29/Aug/2018:14:33:12 -0480] "GET /robots.txt HTTP/1.1" 404 3458
::1 - guest [29/Aug/2018:14:33:13 -0480] "GET /content/notosansscsliced.css HTTP/1.1" 200 251196
::1 - guest [29/Aug/2018:14:33:13 -0480] "GET /font/NotoSansSCSliced-Medium.100.woff2 HTTP/1.1" 200 636696
::1 - guest [29/Aug/2018:14:33:13 -0480] "GET /font/NotoSansSCSliced-Regular.100.woff2 HTTP/1.1" 200 631612
::1 - guest [29/Aug/2018:14:33:13 -0480] "GET /font/fa-brands-400.woff2 HTTP/1.1" 200 64144
::1 - guest [29/Aug/2018:14:33:13 -0480] "GET /font/NotoSansSCSliced-Regular.86.woff2 HTTP/1.1" 200 70092
::1 - guest [29/Aug/2018:14:33:15 -0480] "GET / HTTP/1.1" 200 1003
::1 - guest [29/Aug/2018:14:33:15 -0480] "GET /content/global.css HTTP/1.1" 200 4095
::1 - guest [29/Aug/2018:14:33:15 -0480] "GET /content/brands.css HTTP/1.1" 200 648
::1 - guest [29/Aug/2018:14:33:15 -0480] "GET /content/fontawesome.css HTTP/1.1" 200 45557
::1 - guest [29/Aug/2018:14:33:15 -0480] "GET /asset/home.png HTTP/1.1" 200 1237588
::1 - guest [29/Aug/2018:14:33:15 -0480] "GET /script/global.js HTTP/1.1" 200 242
::1 - guest [29/Aug/2018:14:33:15 -0480] "GET /content/notosansscsliced.css HTTP/1.1" 200 251196
::1 - guest [29/Aug/2018:14:33:16 -0480] "GET /font/NotoSansSCSliced-Medium.100.woff2 HTTP/1.1" 200 636696
::1 - guest [29/Aug/2018:14:33:16 -0480] "GET /font/NotoSansSCSliced-Regular.100.woff2 HTTP/1.1" 200 631612
::1 - guest [29/Aug/2018:14:33:16 -0480] "GET /font/fa-brands-400.woff2 HTTP/1.1" 200 64144
::1 - guest [29/Aug/2018:14:33:16 -0480] "GET /font/NotoSansSCSliced-Regular.86.woff2 HTTP/1.1" 200 70092
::1 - guest [29/Aug/2018:14:33:19 -0480] "GET /asset/home.m4v HTTP/1.1" 206 10485760
::1 - guest [29/Aug/2018:14:33:22 -0480] "GET / HTTP/1.1" 200 1003
::1 - guest [29/Aug/2018:14:33:22 -0480] "GET /content/global.css HTTP/1.1" 200 4095
::1 - guest [29/Aug/2018:14:33:22 -0480] "GET /content/brands.css HTTP/1.1" 200 648
::1 - guest [29/Aug/2018:14:33:22 -0480] "GET /content/fontawesome.css HTTP/1.1" 200 45557
::1 - guest [29/Aug/2018:14:33:22 -0480] "GET /asset/home.png HTTP/1.1" 200 1237588
::1 - guest [29/Aug/2018:14:33:22 -0480] "GET /script/global.js HTTP/1.1" 200 242
::1 - guest [29/Aug/2018:14:33:22 -0480] "GET /content/notosansscsliced.css HTTP/1.1" 200 251196
::1 - guest [29/Aug/2018:14:33:23 -0480] "GET /font/NotoSansSCSliced-Medium.100.woff2 HTTP/1.1" 200 636696
::1 - guest [29/Aug/2018:14:33:23 -0480] "GET /font/NotoSansSCSliced-Regular.100.woff2 HTTP/1.1" 200 631612
::1 - guest [29/Aug/2018:14:33:23 -0480] "GET /font/fa-brands-400.woff2 HTTP/1.1" 200 64144
::1 - guest [29/Aug/2018:14:33:23 -0480] "GET /font/NotoSansSCSliced-Regular.86.woff2 HTTP/1.1" 200 70092
::1 - guest [29/Aug/2018:14:33:24 -0480] "GET / HTTP/1.1" 200 1003
::1 - guest [29/Aug/2018:14:33:24 -0480] "GET /content/global.css HTTP/1.1" 200 4070
::1 - guest [29/Aug/2018:14:33:24 -0480] "GET /content/brands.css HTTP/1.1" 200 648
::1 - guest [29/Aug/2018:14:33:24 -0480] "GET /content/fontawesome.css HTTP/1.1" 200 45557
::1 - guest [29/Aug/2018:14:33:24 -0480] "GET /asset/home.png HTTP/1.1" 200 1237588
::1 - guest [29/Aug/2018:14:33:24 -0480] "GET /script/global.js HTTP/1.1" 200 242
::1 - guest [29/Aug/2018:14:33:24 -0480] "GET /content/notosansscsliced.css HTTP/1.1" 200 251196
::1 - guest [29/Aug/2018:14:33:25 -0480] "GET /font/NotoSansSCSliced-Medium.100.woff2 HTTP/1.1" 200 636696
::1 - guest [29/Aug/2018:14:33:25 -0480] "GET /font/NotoSansSCSliced-Regular.100.woff2 HTTP/1.1" 200 631612
::1 - guest [29/Aug/2018:14:33:25 -0480] "GET /font/fa-brands-400.woff2 HTTP/1.1" 200 64144
::1 - guest [29/Aug/2018:14:33:25 -0480] "GET /font/NotoSansSCSliced-Regular.86.woff2 HTTP/1.1" 200 70092
::1 - guest [29/Aug/2018:14:33:32 -0480] "GET /asset/home.m4v HTTP/1.1" 206 10485760
::1 - guest [29/Aug/2018:14:33:35 -0480] "GET / HTTP/1.1" 200 1003
::1 - guest [29/Aug/2018:14:33:35 -0480] "GET /content/global.css HTTP/1.1" 200 4070
::1 - guest [29/Aug/2018:14:33:35 -0480] "GET /content/brands.css HTTP/1.1" 200 648
::1 - guest [29/Aug/2018:14:33:35 -0480] "GET /content/fontawesome.css HTTP/1.1" 200 45557
::1 - guest [29/Aug/2018:14:33:35 -0480] "GET /script/global.js HTTP/1.1" 200 242
::1 - guest [29/Aug/2018:14:33:35 -0480] "GET /asset/home.png HTTP/1.1" 200 1237588
::1 - guest [29/Aug/2018:14:33:36 -0480] "GET /content/notosansscsliced.css HTTP/1.1" 200 251196
::1 - guest [29/Aug/2018:14:33:36 -0480] "GET /asset/home.m4v HTTP/1.1" 206 10485760
::1 - guest [29/Aug/2018:14:33:36 -0480] "GET /font/NotoSansSCSliced-Medium.100.woff2 HTTP/1.1" 200 636696
::1 - guest [29/Aug/2018:14:33:36 -0480] "GET /font/NotoSansSCSliced-Regular.100.woff2 HTTP/1.1" 200 631612
::1 - guest [29/Aug/2018:14:33:36 -0480] "GET /font/fa-brands-400.woff2 HTTP/1.1" 200 64144
::1 - guest [29/Aug/2018:14:33:36 -0480] "GET /font/NotoSansSCSliced-Regular.86.woff2 HTTP/1.1" 200 70092
::1 - guest [29/Aug/2018:14:33:47 -0480] "GET /asset/home.m4v HTTP/1.1" 206 10485760
::1 - guest [29/Aug/2018:14:33:59 -0480] "GET /asset/home.m4v HTTP/1.1" 206 10485760
::1 - guest [29/Aug/2018:14:34:04 -0480] "GET / HTTP/1.1" 200 1003
::1 - guest [29/Aug/2018:14:34:04 -0480] "GET /content/global.css HTTP/1.1" 200 4070
::1 - guest [29/Aug/2018:14:34:04 -0480] "GET /content/brands.css HTTP/1.1" 200 648
::1 - guest [29/Aug/2018:14:34:04 -0480] "GET /content/fontawesome.css HTTP/1.1" 200 45557
::1 - guest [29/Aug/2018:14:34:04 -0480] "GET /asset/home.png HTTP/1.1" 200 1237588
::1 - guest [29/Aug/2018:14:34:04 -0480] "GET /script/global.js HTTP/1.1" 200 242
::1 - guest [29/Aug/2018:14:34:04 -0480] "GET /content/notosansscsliced.css HTTP/1.1" 200 251196
::1 - guest [29/Aug/2018:14:34:04 -0480] "GET /asset/home.m4v HTTP/1.1" 206 10485760
::1 - guest [29/Aug/2018:14:34:05 -0480] "GET /font/NotoSansSCSliced-Medium.100.woff2 HTTP/1.1" 200 636696
::1 - guest [29/Aug/2018:14:34:05 -0480] "GET /font/NotoSansSCSliced-Regular.100.woff2 HTTP/1.1" 200 631612
::1 - guest [29/Aug/2018:14:34:05 -0480] "GET /font/fa-brands-400.woff2 HTTP/1.1" 200 64144
::1 - guest [29/Aug/2018:14:34:05 -0480] "GET /font/NotoSansSCSliced-Regular.86.woff2 HTTP/1.1" 200 70092
::1 - guest [29/Aug/2018:14:34:05 -0480] "GET / HTTP/1.1" 200 1003
::1 - guest [29/Aug/2018:14:34:06 -0480] "GET /content/global.css HTTP/1.1" 200 4133
::1 - guest [29/Aug/2018:14:34:06 -0480] "GET /content/brands.css HTTP/1.1" 200 648
::1 - guest [29/Aug/2018:14:34:06 -0480] "GET /content/fontawesome.css HTTP/1.1" 200 45557
::1 - guest [29/Aug/2018:14:34:06 -0480] "GET /asset/home.png HTTP/1.1" 200 1237588
::1 - guest [29/Aug/2018:14:34:06 -0480] "GET /script/global.js HTTP/1.1" 200 242
::1 - guest [29/Aug/2018:14:34:06 -0480] "GET /content/notosansscsliced.css HTTP/1.1" 200 251196
::1 - guest [29/Aug/2018:14:34:06 -0480] "GET /font/NotoSansSCSliced-Medium.100.woff2 HTTP/1.1" 200 636696
::1 - guest [29/Aug/2018:14:34:06 -0480] "GET /font/NotoSansSCSliced-Regular.100.woff2 HTTP/1.1" 200 631612
::1 - guest [29/Aug/2018:14:34:06 -0480] "GET /font/fa-brands-400.woff2 HTTP/1.1" 200 64144
::1 - guest [29/Aug/2018:14:34:06 -0480] "GET /font/NotoSansSCSliced-Regular.86.woff2 HTTP/1.1" 200 70092
::1 - guest [29/Aug/2018:14:34:06 -0480] "GET /asset/home.m4v HTTP/1.1" 206 10485760
::1 - guest [29/Aug/2018:14:34:21 -0480] "GET / HTTP/1.1" 200 1003
::1 - guest [29/Aug/2018:14:34:21 -0480] "GET /content/global.css HTTP/1.1" 200 4133
::1 - guest [29/Aug/2018:14:34:21 -0480] "GET /content/brands.css HTTP/1.1" 200 648
::1 - guest [29/Aug/2018:14:34:21 -0480] "GET /content/fontawesome.css HTTP/1.1" 200 45557
::1 - guest [29/Aug/2018:14:34:21 -0480] "GET /asset/home.png HTTP/1.1" 200 1237588
::1 - guest [29/Aug/2018:14:34:21 -0480] "GET /script/global.js HTTP/1.1" 200 242
::1 - guest [29/Aug/2018:14:34:22 -0480] "GET /content/notosansscsliced.css HTTP/1.1" 200 251196
::1 - guest [29/Aug/2018:14:34:22 -0480] "GET /asset/home.m4v HTTP/1.1" 206 10485760
::1 - guest [29/Aug/2018:14:34:22 -0480] "GET /font/NotoSansSCSliced-Medium.100.woff2 HTTP/1.1" 200 636696
::1 - guest [29/Aug/2018:14:34:22 -0480] "GET /font/NotoSansSCSliced-Regular.100.woff2 HTTP/1.1" 200 631612
::1 - guest [29/Aug/2018:14:34:22 -0480] "GET /font/fa-brands-400.woff2 HTTP/1.1" 200 64144
::1 - guest [29/Aug/2018:14:34:22 -0480] "GET /font/NotoSansSCSliced-Regular.86.woff2 HTTP/1.1" 200 70092
::1 - guest [29/Aug/2018:14:34:22 -0480] "GET / HTTP/1.1" 200 1003
::1 - guest [29/Aug/2018:14:34:22 -0480] "GET /font/NotoSansSCSliced-Regular.100.woff HTTP/1.1" 404 3458
::1 - guest [29/Aug/2018:14:34:23 -0480] "GET /content/global.css HTTP/1.1" 200 4091
::1 - guest [29/Aug/2018:14:34:23 -0480] "GET /content/brands.css HTTP/1.1" 200 648
::1 - guest [29/Aug/2018:14:34:23 -0480] "GET /content/fontawesome.css HTTP/1.1" 200 45557
::1 - guest [29/Aug/2018:14:34:23 -0480] "GET /asset/home.png HTTP/1.1" 200 1237588
::1 - guest [29/Aug/2018:14:34:23 -0480] "GET /script/global.js HTTP/1.1" 200 242
::1 - guest [29/Aug/2018:14:34:23 -0480] "GET /content/notosansscsliced.css HTTP/1.1" 200 251196
::1 - guest [29/Aug/2018:14:34:23 -0480] "GET /font/NotoSansSCSliced-Medium.100.woff2 HTTP/1.1" 200 636696
::1 - guest [29/Aug/2018:14:34:23 -0480] "GET /font/NotoSansSCSliced-Regular.100.woff2 HTTP/1.1" 200 631612
::1 - guest [29/Aug/2018:14:34:23 -0480] "GET /font/fa-brands-400.woff2 HTTP/1.1" 200 64144
::1 - guest [29/Aug/2018:14:34:23 -0480] "GET /font/NotoSansSCSliced-Regular.86.woff2 HTTP/1.1" 200 70092
::1 - guest [29/Aug/2018:14:34:24 -0480] "GET /asset/home.m4v HTTP/1.1" 206 10485760
::1 - guest [29/Aug/2018:14:34:47 -0480] "GET /asset/home.m4v HTTP/1.1" 206 10485760
::1 - guest [29/Aug/2018:14:34:52 -0480] "GET / HTTP/1.1" 200 1003
::1 - guest [29/Aug/2018:14:34:52 -0480] "GET /content/global.css HTTP/1.1" 200 4091
::1 - guest [29/Aug/2018:14:34:52 -0480] "GET /content/brands.css HTTP/1.1" 200 648
::1 - guest [29/Aug/2018:14:34:52 -0480] "GET /content/fontawesome.css HTTP/1.1" 200 45557
::1 - guest [29/Aug/2018:14:34:52 -0480] "GET /asset/home.png HTTP/1.1" 200 1237588
::1 - guest [29/Aug/2018:14:34:52 -0480] "GET /script/global.js HTTP/1.1" 200 242
::1 - guest [29/Aug/2018:14:34:53 -0480] "GET /content/notosansscsliced.css HTTP/1.1" 200 251196
::1 - guest [29/Aug/2018:14:34:53 -0480] "GET /asset/home.m4v HTTP/1.1" 206 10485760
::1 - guest [29/Aug/2018:14:34:53 -0480] "GET /font/NotoSansSCSliced-Medium.100.woff2 HTTP/1.1" 200 636696
::1 - guest [29/Aug/2018:14:34:53 -0480] "GET /font/NotoSansSCSliced-Regular.100.woff2 HTTP/1.1" 200 631612
::1 - guest [29/Aug/2018:14:34:53 -0480] "GET /font/fa-brands-400.woff2 HTTP/1.1" 200 64144
::1 - guest [29/Aug/2018:14:34:53 -0480] "GET /font/NotoSansSCSliced-Regular.86.woff2 HTTP/1.1" 200 70092
::1 - guest [29/Aug/2018:14:34:55 -0480] "GET / HTTP/1.1" 200 1003
::1 - guest [29/Aug/2018:14:34:55 -0480] "GET /content/global.css HTTP/1.1" 200 4125
::1 - guest [29/Aug/2018:14:34:55 -0480] "GET /content/brands.css HTTP/1.1" 200 648
::1 - guest [29/Aug/2018:14:34:55 -0480] "GET /content/fontawesome.css HTTP/1.1" 200 45557
::1 - guest [29/Aug/2018:14:34:55 -0480] "GET /asset/home.png HTTP/1.1" 200 1237588
::1 - guest [29/Aug/2018:14:34:55 -0480] "GET /script/global.js HTTP/1.1" 200 242
::1 - guest [29/Aug/2018:14:34:55 -0480] "GET /content/notosansscsliced.css HTTP/1.1" 200 251196
::1 - guest [29/Aug/2018:14:34:56 -0480] "GET /font/NotoSansSCSliced-Medium.100.woff2 HTTP/1.1" 200 636696
::1 - guest [29/Aug/2018:14:34:56 -0480] "GET /font/NotoSansSCSliced-Regular.100.woff2 HTTP/1.1" 200 631612
::1 - guest [29/Aug/2018:14:34:56 -0480] "GET /font/fa-brands-400.woff2 HTTP/1.1" 200 64144
::1 - guest [29/Aug/2018:14:34:56 -0480] "GET /font/NotoSansSCSliced-Regular.86.woff2 HTTP/1.1" 200 70092
::1 - guest [29/Aug/2018:14:35:20 -0480] "GET /asset/home.m4v HTTP/1.1" 206 10485760
::1 - guest [29/Aug/2018:14:35:38 -0480] "GET /asset/home.m4v HTTP/1.1" 206 5838216
::1 - guest [29/Aug/2018:14:35:56 -0480] "GET / HTTP/1.1" 200 1003
::1 - guest [29/Aug/2018:14:35:56 -0480] "GET /content/global.css HTTP/1.1" 200 4125
::1 - guest [29/Aug/2018:14:35:56 -0480] "GET /content/brands.css HTTP/1.1" 200 648
::1 - guest [29/Aug/2018:14:35:56 -0480] "GET /content/fontawesome.css HTTP/1.1" 200 45557
::1 - guest [29/Aug/2018:14:35:56 -0480] "GET /asset/home.png HTTP/1.1" 200 1237588
::1 - guest [29/Aug/2018:14:35:56 -0480] "GET /script/global.js HTTP/1.1" 200 242
::1 - guest [29/Aug/2018:14:35:56 -0480] "GET /content/notosansscsliced.css HTTP/1.1" 200 251196
::1 - guest [29/Aug/2018:14:35:57 -0480] "GET /font/NotoSansSCSliced-Medium.100.woff2 HTTP/1.1" 200 636696
::1 - guest [29/Aug/2018:14:35:57 -0480] "GET /font/NotoSansSCSliced-Regular.100.woff2 HTTP/1.1" 200 631612
::1 - guest [29/Aug/2018:14:35:57 -0480] "GET /font/fa-brands-400.woff2 HTTP/1.1" 200 64144
::1 - guest [29/Aug/2018:14:35:57 -0480] "GET /font/NotoSansSCSliced-Regular.86.woff2 HTTP/1.1" 200 70092
::1 - guest [29/Aug/2018:14:35:58 -0480] "GET /asset/home.m4v HTTP/1.1" 206 10485760
::1 - guest [29/Aug/2018:14:35:58 -0480] "GET /asset/home.m4v HTTP/1.1" 206 10485760
::1 - guest [29/Aug/2018:14:35:59 -0480] "GET / HTTP/1.1" 200 1003
::1 - guest [29/Aug/2018:14:35:59 -0480] "GET /content/global.css HTTP/1.1" 200 4070
::1 - guest [29/Aug/2018:14:35:59 -0480] "GET /content/brands.css HTTP/1.1" 200 648
::1 - guest [29/Aug/2018:14:35:59 -0480] "GET /content/fontawesome.css HTTP/1.1" 200 45557
::1 - guest [29/Aug/2018:14:35:59 -0480] "GET /asset/home.png HTTP/1.1" 200 1237588
::1 - guest [29/Aug/2018:14:35:59 -0480] "GET /script/global.js HTTP/1.1" 200 242
::1 - guest [29/Aug/2018:14:35:59 -0480] "GET /content/notosansscsliced.css HTTP/1.1" 200 251196
::1 - guest [29/Aug/2018:14:36:00 -0480] "GET /font/NotoSansSCSliced-Medium.100.woff2 HTTP/1.1" 200 636696
::1 - guest [29/Aug/2018:14:36:00 -0480] "GET /font/NotoSansSCSliced-Regular.100.woff2 HTTP/1.1" 200 631612
::1 - guest [29/Aug/2018:14:36:00 -0480] "GET /font/fa-brands-400.woff2 HTTP/1.1" 200 64144
::1 - guest [29/Aug/2018:14:36:00 -0480] "GET /font/NotoSansSCSliced-Regular.86.woff2 HTTP/1.1" 200 70092
::1 - guest [29/Aug/2018:14:36:05 -0480] "GET /asset/home.m4v HTTP/1.1" 206 10485760
::1 - guest [29/Aug/2018:14:36:23 -0480] "GET /asset/home.m4v HTTP/1.1" 206 10485760
::1 - guest [29/Aug/2018:14:36:30 -0480] "GET /asset/home.m4v HTTP/1.1" 206 10485760
::1 - guest [29/Aug/2018:14:36:37 -0480] "GET / HTTP/1.1" 200 1003
::1 - guest [29/Aug/2018:14:36:37 -0480] "GET /content/global.css HTTP/1.1" 200 4070
::1 - guest [29/Aug/2018:14:36:37 -0480] "GET /content/brands.css HTTP/1.1" 200 648
::1 - guest [29/Aug/2018:14:36:37 -0480] "GET /content/fontawesome.css HTTP/1.1" 200 45557
::1 - guest [29/Aug/2018:14:36:37 -0480] "GET /asset/home.png HTTP/1.1" 200 1237588
::1 - guest [29/Aug/2018:14:36:37 -0480] "GET /script/global.js HTTP/1.1" 200 242
::1 - guest [29/Aug/2018:14:36:37 -0480] "GET /content/notosansscsliced.css HTTP/1.1" 200 251196
::1 - guest [29/Aug/2018:14:36:38 -0480] "GET / HTTP/1.1" 200 1003
::1 - guest [29/Aug/2018:14:36:38 -0480] "GET /font/NotoSansSCSliced-Medium.100.woff2 HTTP/1.1" 200 636696
::1 - guest [29/Aug/2018:14:36:38 -0480] "GET /font/NotoSansSCSliced-Regular.100.woff2 HTTP/1.1" 200 631612
::1 - guest [29/Aug/2018:14:36:38 -0480] "GET /font/fa-brands-400.woff2 HTTP/1.1" 200 64144
::1 - guest [29/Aug/2018:14:36:38 -0480] "GET /font/NotoSansSCSliced-Regular.86.woff2 HTTP/1.1" 200 70092
::1 - guest [29/Aug/2018:14:36:38 -0480] "GET /content/global.css HTTP/1.1" 200 4104
::1 - guest [29/Aug/2018:14:36:38 -0480] "GET /content/brands.css HTTP/1.1" 200 648
::1 - guest [29/Aug/2018:14:36:38 -0480] "GET /content/fontawesome.css HTTP/1.1" 200 45557
::1 - guest [29/Aug/2018:14:36:38 -0480] "GET /asset/home.png HTTP/1.1" 200 1237588
::1 - guest [29/Aug/2018:14:36:38 -0480] "GET /script/global.js HTTP/1.1" 200 242
::1 - guest [29/Aug/2018:14:36:38 -0480] "GET /content/notosansscsliced.css HTTP/1.1" 200 251196
::1 - guest [29/Aug/2018:14:36:39 -0480] "GET /font/NotoSansSCSliced-Medium.100.woff2 HTTP/1.1" 200 636696
::1 - guest [29/Aug/2018:14:36:39 -0480] "GET /font/NotoSansSCSliced-Regular.100.woff2 HTTP/1.1" 200 631612
::1 - guest [29/Aug/2018:14:36:39 -0480] "GET /font/fa-brands-400.woff2 HTTP/1.1" 200 64144
::1 - guest [29/Aug/2018:14:36:39 -0480] "GET /font/NotoSansSCSliced-Regular.86.woff2 HTTP/1.1" 200 70092
::1 - guest [29/Aug/2018:14:36:39 -0480] "GET /asset/home.m4v HTTP/1.1" 206 10485760
::1 - guest [29/Aug/2018:14:36:40 -0480] "GET /asset/home.m4v HTTP/1.1" 206 10485760
::1 - guest [29/Aug/2018:14:36:59 -0480] "GET / HTTP/1.1" 200 1003
::1 - guest [29/Aug/2018:14:36:59 -0480] "GET /content/global.css HTTP/1.1" 200 4104
::1 - guest [29/Aug/2018:14:36:59 -0480] "GET /content/brands.css HTTP/1.1" 200 648
::1 - guest [29/Aug/2018:14:36:59 -0480] "GET /content/fontawesome.css HTTP/1.1" 200 45557
::1 - guest [29/Aug/2018:14:36:59 -0480] "GET /asset/home.png HTTP/1.1" 200 1237588
::1 - guest [29/Aug/2018:14:36:59 -0480] "GET /script/global.js HTTP/1.1" 200 242
::1 - guest [29/Aug/2018:14:36:59 -0480] "GET /content/notosansscsliced.css HTTP/1.1" 200 251196
::1 - guest [29/Aug/2018:14:37:00 -0480] "GET /font/NotoSansSCSliced-Medium.100.woff2 HTTP/1.1" 200 636696
::1 - guest [29/Aug/2018:14:37:00 -0480] "GET /font/NotoSansSCSliced-Regular.100.woff2 HTTP/1.1" 200 631612
::1 - guest [29/Aug/2018:14:37:00 -0480] "GET /font/fa-brands-400.woff2 HTTP/1.1" 200 64144
::1 - guest [29/Aug/2018:14:37:00 -0480] "GET /font/NotoSansSCSliced-Regular.86.woff2 HTTP/1.1" 200 70092
::1 - guest [29/Aug/2018:14:37:01 -0480] "GET /asset/home.m4v HTTP/1.1" 206 10485760
::1 - guest [29/Aug/2018:14:37:02 -0480] "GET / HTTP/1.1" 200 1003
::1 - guest [29/Aug/2018:14:37:02 -0480] "GET /content/global.css HTTP/1.1" 200 4132
::1 - guest [29/Aug/2018:14:37:02 -0480] "GET /content/brands.css HTTP/1.1" 200 648
::1 - guest [29/Aug/2018:14:37:02 -0480] "GET /content/fontawesome.css HTTP/1.1" 200 45557
::1 - guest [29/Aug/2018:14:37:02 -0480] "GET /asset/home.png HTTP/1.1" 200 1237588
::1 - guest [29/Aug/2018:14:37:02 -0480] "GET /script/global.js HTTP/1.1" 200 242
::1 - guest [29/Aug/2018:14:37:02 -0480] "GET /content/notosansscsliced.css HTTP/1.1" 200 251196
::1 - guest [29/Aug/2018:14:37:02 -0480] "GET /font/NotoSansSCSliced-Medium.100.woff2 HTTP/1.1" 200 636696
::1 - guest [29/Aug/2018:14:37:02 -0480] "GET /font/NotoSansSCSliced-Regular.100.woff2 HTTP/1.1" 200 631612
::1 - guest [29/Aug/2018:14:37:02 -0480] "GET /font/fa-brands-400.woff2 HTTP/1.1" 200 64144
::1 - guest [29/Aug/2018:14:37:02 -0480] "GET /font/NotoSansSCSliced-Regular.86.woff2 HTTP/1.1" 200 70092
::1 - guest [29/Aug/2018:14:37:27 -0480] "GET /asset/home.m4v HTTP/1.1" 206 10485760
::1 - guest [29/Aug/2018:14:37:43 -0480] "GET /asset/home.m4v HTTP/1.1" 206 6493576
::1 - guest [29/Aug/2018:14:38:18 -0480] "GET /asset/home.m4v HTTP/1.1" 206 10485760
::1 - guest [29/Aug/2018:14:38:18 -0480] "GET /asset/home.m4v HTTP/1.1" 206 10485760
::1 - guest [29/Aug/2018:14:38:32 -0480] "GET /asset/home.m4v HTTP/1.1" 206 10485760
::1 - guest [29/Aug/2018:14:38:41 -0480] "GET /asset/home.m4v HTTP/1.1" 206 10485760
::1 - guest [29/Aug/2018:14:38:48 -0480] "GET / HTTP/1.1" 200 1003
::1 - guest [29/Aug/2018:14:38:48 -0480] "GET /content/global.css HTTP/1.1" 200 4132
::1 - guest [29/Aug/2018:14:38:48 -0480] "GET /content/brands.css HTTP/1.1" 200 648
::1 - guest [29/Aug/2018:14:38:48 -0480] "GET /content/fontawesome.css HTTP/1.1" 200 45557
::1 - guest [29/Aug/2018:14:38:48 -0480] "GET /asset/home.png HTTP/1.1" 200 1237588
::1 - guest [29/Aug/2018:14:38:48 -0480] "GET /script/global.js HTTP/1.1" 200 242
::1 - guest [29/Aug/2018:14:38:49 -0480] "GET /content/notosansscsliced.css HTTP/1.1" 200 251196
::1 - guest [29/Aug/2018:14:38:49 -0480] "GET /font/NotoSansSCSliced-Medium.100.woff2 HTTP/1.1" 200 636696
::1 - guest [29/Aug/2018:14:38:49 -0480] "GET /font/NotoSansSCSliced-Regular.100.woff2 HTTP/1.1" 200 631612
::1 - guest [29/Aug/2018:14:38:49 -0480] "GET /font/fa-brands-400.woff2 HTTP/1.1" 200 64144
::1 - guest [29/Aug/2018:14:38:49 -0480] "GET /font/NotoSansSCSliced-Regular.86.woff2 HTTP/1.1" 200 70092
::1 - guest [29/Aug/2018:14:38:50 -0480] "GET /asset/home.m4v HTTP/1.1" 206 10485760
::1 - guest [29/Aug/2018:14:39:15 -0480] "GET /asset/home.m4v HTTP/1.1" 206 10485760
::1 - guest [29/Aug/2018:14:39:24 -0480] "GET / HTTP/1.1" 200 1003
::1 - guest [29/Aug/2018:14:39:24 -0480] "GET /content/global.css HTTP/1.1" 200 4272
::1 - guest [29/Aug/2018:14:39:24 -0480] "GET /content/brands.css HTTP/1.1" 200 648
::1 - guest [29/Aug/2018:14:39:24 -0480] "GET /content/fontawesome.css HTTP/1.1" 200 45557
::1 - guest [29/Aug/2018:14:39:24 -0480] "GET /asset/home.png HTTP/1.1" 200 1237588
::1 - guest [29/Aug/2018:14:39:24 -0480] "GET /script/global.js HTTP/1.1" 200 242
::1 - guest [29/Aug/2018:14:39:25 -0480] "GET /content/notosansscsliced.css HTTP/1.1" 200 251196
::1 - guest [29/Aug/2018:14:39:25 -0480] "GET / HTTP/1.1" 200 1003
::1 - guest [29/Aug/2018:14:39:25 -0480] "GET /content/global.css HTTP/1.1" 200 4220
::1 - guest [29/Aug/2018:14:39:25 -0480] "GET /content/brands.css HTTP/1.1" 200 648
::1 - guest [29/Aug/2018:14:39:25 -0480] "GET /content/fontawesome.css HTTP/1.1" 200 45557
::1 - guest [29/Aug/2018:14:39:25 -0480] "GET /asset/home.png HTTP/1.1" 200 1237588
::1 - guest [29/Aug/2018:14:39:25 -0480] "GET /script/global.js HTTP/1.1" 200 242
::1 - guest [29/Aug/2018:14:39:25 -0480] "GET /content/notosansscsliced.css HTTP/1.1" 200 251196
::1 - guest [29/Aug/2018:14:39:25 -0480] "GET /asset/home.m4v HTTP/1.1" 206 10485760
::1 - guest [29/Aug/2018:14:39:26 -0480] "GET /font/NotoSansSCSliced-Medium.100.woff2 HTTP/1.1" 200 636696
::1 - guest [29/Aug/2018:14:39:26 -0480] "GET /font/NotoSansSCSliced-Regular.100.woff2 HTTP/1.1" 200 631612
::1 - guest [29/Aug/2018:14:39:26 -0480] "GET /font/fa-brands-400.woff2 HTTP/1.1" 200 64144
::1 - guest [29/Aug/2018:14:39:26 -0480] "GET /font/NotoSansSCSliced-Regular.86.woff2 HTTP/1.1" 200 70092
::1 - guest [29/Aug/2018:14:39:44 -0480] "GET / HTTP/1.1" 200 1003
::1 - guest [29/Aug/2018:14:39:44 -0480] "GET /content/global.css HTTP/1.1" 200 4220
::1 - guest [29/Aug/2018:14:39:44 -0480] "GET /content/brands.css HTTP/1.1" 200 648
::1 - guest [29/Aug/2018:14:39:44 -0480] "GET /content/fontawesome.css HTTP/1.1" 200 45557
::1 - guest [29/Aug/2018:14:39:44 -0480] "GET /asset/home.png HTTP/1.1" 200 1237588
::1 - guest [29/Aug/2018:14:39:44 -0480] "GET /script/global.js HTTP/1.1" 200 242
::1 - guest [29/Aug/2018:14:39:44 -0480] "GET /content/notosansscsliced.css HTTP/1.1" 200 251196
::1 - guest [29/Aug/2018:14:39:44 -0480] "GET /font/NotoSansSCSliced-Medium.100.woff2 HTTP/1.1" 200 636696
::1 - guest [29/Aug/2018:14:39:44 -0480] "GET /font/fa-brands-400.woff2 HTTP/1.1" 200 64144
::1 - guest [29/Aug/2018:14:39:44 -0480] "GET /font/NotoSansSCSliced-Regular.100.woff2 HTTP/1.1" 200 631612
::1 - guest [29/Aug/2018:14:39:44 -0480] "GET /font/NotoSansSCSliced-Regular.86.woff2 HTTP/1.1" 200 70092
::1 - guest [29/Aug/2018:14:39:46 -0480] "GET / HTTP/1.1" 200 1003
::1 - guest [29/Aug/2018:14:39:46 -0480] "GET /content/global.css HTTP/1.1" 200 4207
::1 - guest [29/Aug/2018:14:39:46 -0480] "GET /content/brands.css HTTP/1.1" 200 648
::1 - guest [29/Aug/2018:14:39:46 -0480] "GET /content/fontawesome.css HTTP/1.1" 200 45557
::1 - guest [29/Aug/2018:14:39:46 -0480] "GET /asset/home.png HTTP/1.1" 200 1237588
::1 - guest [29/Aug/2018:14:39:46 -0480] "GET /script/global.js HTTP/1.1" 200 242
::1 - guest [29/Aug/2018:14:39:46 -0480] "GET /content/notosansscsliced.css HTTP/1.1" 200 251196
::1 - guest [29/Aug/2018:14:39:46 -0480] "GET /font/NotoSansSCSliced-Medium.100.woff2 HTTP/1.1" 200 636696
::1 - guest [29/Aug/2018:14:39:46 -0480] "GET /font/NotoSansSCSliced-Regular.100.woff2 HTTP/1.1" 200 631612
::1 - guest [29/Aug/2018:14:39:46 -0480] "GET /font/fa-brands-400.woff2 HTTP/1.1" 200 64144
::1 - guest [29/Aug/2018:14:39:47 -0480] "GET /font/NotoSansSCSliced-Regular.86.woff2 HTTP/1.1" 200 70092
::1 - guest [29/Aug/2018:14:40:00 -0480] "GET / HTTP/1.1" 200 1003
::1 - guest [29/Aug/2018:14:40:00 -0480] "GET /content/global.css HTTP/1.1" 200 4207
::1 - guest [29/Aug/2018:14:40:00 -0480] "GET /content/brands.css HTTP/1.1" 200 648
::1 - guest [29/Aug/2018:14:40:00 -0480] "GET /content/fontawesome.css HTTP/1.1" 200 45557
::1 - guest [29/Aug/2018:14:40:00 -0480] "GET /asset/home.png HTTP/1.1" 200 1237588
::1 - guest [29/Aug/2018:14:40:00 -0480] "GET /script/global.js HTTP/1.1" 200 242
::1 - guest [29/Aug/2018:14:40:00 -0480] "GET /content/notosansscsliced.css HTTP/1.1" 200 251196
::1 - guest [29/Aug/2018:14:40:00 -0480] "GET /asset/home.m4v HTTP/1.1" 206 10485760
::1 - guest [29/Aug/2018:14:40:00 -0480] "GET / HTTP/1.1" 200 1003
::1 - guest [29/Aug/2018:14:40:00 -0480] "GET /font/NotoSansSCSliced-Medium.100.woff2 HTTP/1.1" 200 636696
::1 - guest [29/Aug/2018:14:40:00 -0480] "GET /font/NotoSansSCSliced-Regular.100.woff2 HTTP/1.1" 200 631612
::1 - guest [29/Aug/2018:14:40:00 -0480] "GET /font/fa-brands-400.woff2 HTTP/1.1" 200 64144
::1 - guest [29/Aug/2018:14:40:00 -0480] "GET /font/NotoSansSCSliced-Regular.86.woff2 HTTP/1.1" 200 70092
::1 - guest [29/Aug/2018:14:40:00 -0480] "GET /content/global.css HTTP/1.1" 200 4207
