::1 - guest [29/Aug/2018:14:40:00 -0480] "GET /content/brands.css HTTP/1.1" 200 648
::1 - guest [29/Aug/2018:14:40:00 -0480] "GET /content/fontawesome.css HTTP/1.1" 200 45557
::1 - guest [29/Aug/2018:14:40:00 -0480] "GET /asset/home.png HTTP/1.1" 200 1237588
::1 - guest [29/Aug/2018:14:40:00 -0480] "GET /script/global.js HTTP/1.1" 200 242
::1 - guest [29/Aug/2018:14:40:01 -0480] "GET /content/notosansscsliced.css HTTP/1.1" 200 251196
::1 - guest [29/Aug/2018:14:40:01 -0480] "GET /font/NotoSansSCSliced-Medium.100.woff2 HTTP/1.1" 200 636696
::1 - guest [29/Aug/2018:14:40:01 -0480] "GET /font/NotoSansSCSliced-Regular.100.woff2 HTTP/1.1" 200 631612
::1 - guest [29/Aug/2018:14:40:01 -0480] "GET /font/fa-brands-400.woff2 HTTP/1.1" 200 64144
::1 - guest [29/Aug/2018:14:40:01 -0480] "GET /font/NotoSansSCSliced-Regular.86.woff2 HTTP/1.1" 200 70092
::1 - guest [29/Aug/2018:14:40:26 -0480] "GET /asset/home.m4v HTTP/1.1" 206 10485760
::1 - guest [29/Aug/2018:14:40:42 -0480] "GET /asset/home.m4v HTTP/1.1" 206 6493576
::1 - guest [29/Aug/2018:14:41:11 -0480] "GET / HTTP/1.1" 200 1003
::1 - guest [29/Aug/2018:14:41:11 -0480] "GET /content/global.css HTTP/1.1" 200 4207
::1 - guest [29/Aug/2018:14:41:11 -0480] "GET /content/brands.css HTTP/1.1" 200 648
::1 - guest [29/Aug/2018:14:41:11 -0480] "GET /content/fontawesome.css HTTP/1.1" 200 45557
::1 - guest [29/Aug/2018:14:41:11 -0480] "GET /asset/home.png HTTP/1.1" 200 1237588
::1 - guest [29/Aug/2018:14:41:11 -0480] "GET /script/global.js HTTP/1.1" 200 242
::1 - guest [29/Aug/2018:14:41:12 -0480] "GET /content/notosansscsliced.css HTTP/1.1" 200 251196
::1 - guest [29/Aug/2018:14:41:12 -0480] "GET /font/NotoSansSCSliced-Medium.100.woff2 HTTP/1.1" 200 636696
::1 - guest [29/Aug/2018:14:41:12 -0480] "GET /font/NotoSansSCSliced-Regular.100.woff2 HTTP/1.1" 200 631612
::1 - guest [29/Aug/2018:14:41:12 -0480] "GET /font/fa-brands-400.woff2 HTTP/1.1" 200 64144
::1 - guest [29/Aug/2018:14:41:12 -0480] "GET /font/NotoSansSCSliced-Regular.86.woff2 HTTP/1.1" 200 70092
::1 - guest [29/Aug/2018:14:41:13 -0480] "GET /asset/home.m4v HTTP/1.1" 206 10485760
::1 - guest [29/Aug/2018:14:41:13 -0480] "GET /asset/home.m4v HTTP/1.1" 206 10485760
::1 - guest [29/Aug/2018:14:41:14 -0480] "GET / HTTP/1.1" 200 1003
::1 - guest [29/Aug/2018:14:41:14 -0480] "GET /content/global.css HTTP/1.1" 200 4106
::1 - guest [29/Aug/2018:14:41:14 -0480] "GET /content/brands.css HTTP/1.1" 200 648
::1 - guest [29/Aug/2018:14:41:14 -0480] "GET /content/fontawesome.css HTTP/1.1" 200 45557
::1 - guest [29/Aug/2018:14:41:14 -0480] "GET /script/global.js HTTP/1.1" 200 0
::1 - guest [29/Aug/2018:14:41:14 -0480] "GET /asset/home.png HTTP/1.1" 200 1237588
::1 - guest [29/Aug/2018:14:41:14 -0480] "GET /content/notosansscsliced.css HTTP/1.1" 200 251196
::1 - guest [29/Aug/2018:14:41:15 -0480] "GET /font/NotoSansSCSliced-Medium.100.woff2 HTTP/1.1" 200 636696
::1 - guest [29/Aug/2018:14:41:15 -0480] "GET /font/NotoSansSCSliced-Regular.100.woff2 HTTP/1.1" 200 631612
::1 - guest [29/Aug/2018:14:41:15 -0480] "GET /font/fa-brands-400.woff2 HTTP/1.1" 200 64144
::1 - guest [29/Aug/2018:14:41:15 -0480] "GET /font/NotoSansSCSliced-Regular.86.woff2 HTTP/1.1" 200 70092
::1 - guest [29/Aug/2018:14:41:19 -0480] "GET /asset/home.m4v HTTP/1.1" 206 10485760
::1 - guest [29/Aug/2018:14:41:38 -0480] "GET /asset/home.m4v HTTP/1.1" 206 10485760
::1 - guest [29/Aug/2018:14:41:45 -0480] "GET /asset/home.m4v HTTP/1.1" 206 10485760
::1 - guest [29/Aug/2018:14:42:03 -0480] "GET /asset/home.m4v HTTP/1.1" 206 2463112
::1 - guest [29/Aug/2018:14:42:30 -0480] "GET /asset/home.m4v HTTP/1.1" 206 10485760
::1 - guest [29/Aug/2018:14:42:30 -0480] "GET /asset/home.m4v HTTP/1.1" 206 10485760
::1 - guest [29/Aug/2018:14:42:43 -0480] "GET /asset/home.m4v HTTP/1.1" 206 10485760
::1 - guest [29/Aug/2018:14:42:55 -0480] "GET /asset/home.m4v HTTP/1.1" 206 10485760
::1 - guest [29/Aug/2018:14:43:00 -0480] "GET /asset/home.m4v HTTP/1.1" 206 10485760
