 [Fri Aug 24 14:42:44 -0480] [runtime] [] "SH020706: Resource '/home/davidy/Documents/Personal/repositories/serverhub-template/server/www/robots.txt' does not exist." ]
 [Fri Aug 24 14:42:44 -0480] [runtime] [] "SH020706: Resource '/home/davidy/Documents/Personal/repositories/serverhub-template/server/www/favicon.ico' does not exist." ]
 [Fri Aug 24 14:50:35 -0480] [runtime] [] "SH020706: Resource '/home/davidy/Documents/Personal/repositories/serverhub-template/server/www/robots.txt' does not exist." ]
 [Tue Aug 28 18:02:01 -0480] [runtime] [] "SH020706: Resource '/home/davidy/Documents/Personal/repositories/serverhub-template/server/www/robots.txt' does not exist." ]
 [Tue Aug 28 18:02:26 -0480] [runtime] [] "SH020706: Resource '/home/davidy/Documents/Personal/repositories/serverhub-template/server/www/favicon.ico' does not exist." ]
 [Tue Aug 28 18:10:10 -0480] [runtime] [] "SH020706: Resource '/home/davidy/Documents/Personal/repositories/serverhub-template/server/www/robots.txt' does not exist." ]
 [Wed Aug 29 09:05:21 -0480] [runtime] [] "SH020706: Resource '/home/davidy/Documents/Personal/repositories/serverhub-template/server/www/robots.txt' does not exist." ]
 [Wed Aug 29 09:41:51 -0480] [runtime] [] "SH020706: Resource '/home/davidy/Documents/Personal/repositories/serverhub-template/server/www/robots.txt' does not exist." ]
 [Wed Aug 29 09:47:44 -0480] [runtime] [] "SH020706: Resource '/home/davidy/Documents/Personal/repositories/serverhub-template/server/www/robots.txt' does not exist." ]
 [Wed Aug 29 09:57:32 -0480] [runtime] [] "SH020706: Resource '/home/davidy/Documents/Personal/repositories/serverhub-template/server/www/robots.txt' does not exist." ]
 [Wed Aug 29 10:07:41 -0480] [runtime] [] "SH020706: Resource '/home/davidy/Documents/Personal/repositories/serverhub-template/server/www/robots.txt' does not exist." ]
 [Wed Aug 29 10:39:32 -0480] [runtime] [] "SH020706: Resource '/home/davidy/Documents/Personal/repositories/serverhub-template/server/www/robots.txt' does not exist." ]
 [Wed Aug 29 13:09:32 -0480] [runtime] [] "SH020706: Resource '/home/davidy/Documents/Personal/repositories/serverhub-template/server/www/robots.txt' does not exist." ]
 [Wed Aug 29 13:15:32 -0480] [runtime] [] "SH020706: Resource '/home/davidy/Documents/Personal/repositories/serverhub-template/server/www/font/NotoSansSCSliced-Regular.100.woff' does not exist." ]
 [Wed Aug 29 13:15:33 -0480] [runtime] [] "SH020706: Resource '/home/davidy/Documents/Personal/repositories/serverhub-template/server/www/font/NotoSansSCSliced-Regular.100.otf' does not exist." ]
 [Wed Aug 29 13:15:33 -0480] [runtime] [] "SH020706: Resource '/home/davidy/Documents/Personal/repositories/serverhub-template/server/www/font/NotoSansSCSliced-Regular.14.woff2' does not exist." ]
 [Wed Aug 29 13:15:33 -0480] [runtime] [] "SH020706: Resource '/home/davidy/Documents/Personal/repositories/serverhub-template/server/www/font/NotoSansSCSliced-Regular.86.woff' does not exist." ]
 [Wed Aug 29 13:15:33 -0480] [runtime] [] "SH020706: Resource '/home/davidy/Documents/Personal/repositories/serverhub-template/server/www/font/NotoSansSCSliced-Regular.14.woff' does not exist." ]
 [Wed Aug 29 13:15:33 -0480] [runtime] [] "SH020706: Resource '/home/davidy/Documents/Personal/repositories/serverhub-template/server/www/font/NotoSansSCSliced-Regular.86.otf' does not exist." ]
 [Wed Aug 29 13:15:33 -0480] [runtime] [] "SH020706: Resource '/home/davidy/Documents/Personal/repositories/serverhub-template/server/www/font/NotoSansSCSliced-Regular.14.otf' does not exist." ]
 [Wed Aug 29 13:25:55 -0480] [runtime] [] "SH020706: Resource '/home/davidy/Documents/Personal/repositories/serverhub-template/server/www/robots.txt' does not exist." ]
 [Wed Aug 29 13:27:52 -0480] [runtime] [] "SH020706: Resource '/home/davidy/Documents/Personal/repositories/serverhub-template/server/www/favicon.ico' does not exist." ]
 [Wed Aug 29 13:27:56 -0480] [runtime] [] "SH020706: Resource '/home/davidy/Documents/Personal/repositories/serverhub-template/server/www/favicon.ico' does not exist." ]
 [Wed Aug 29 13:49:26 -0480] [runtime] [] "SH020706: Resource '/home/davidy/Documents/Personal/repositories/serverhub-template/server/www/robots.txt' does not exist." ]
 [Wed Aug 29 14:05:36 -0480] [runtime] [] "SH020706: Resource '/home/davidy/Documents/Personal/repositories/serverhub-template/server/www/robots.txt' does not exist." ]
 [Wed Aug 29 14:30:38 -0480] [runtime] [] "SH020706: Resource '/home/davidy/Documents/Personal/repositories/serverhub-template/server/www/font/NotoSansSCSliced-Regular.86.woff' does not exist." ]
 [Wed Aug 29 14:30:38 -0480] [runtime] [] "SH020706: Resource '/home/davidy/Documents/Personal/repositories/serverhub-template/server/www/font/NotoSansSCSliced-Regular.100.woff' does not exist." ]
 [Wed Aug 29 14:33:12 -0480] [runtime] [] "SH020706: Resource '/home/davidy/Documents/Personal/repositories/serverhub-template/server/www/robots.txt' does not exist." ]
 [Wed Aug 29 14:34:22 -0480] [runtime] [] "SH020706: Resource '/home/davidy/Documents/Personal/repositories/serverhub-template/server/www/font/NotoSansSCSliced-Regular.100.woff' does not exist." ]
 [Wed Aug 29 14:49:03 -0480] [runtime] [] "SH020706: Resource '/home/davidy/Documents/Personal/repositories/serverhub-template/server/www/robots.txt' does not exist." ]
 [Thu Aug 30 10:39:44 -0480] [runtime] [] "SH020706: Resource '/home/davidy/Documents/Personal/repositories/serverhub-template/server/www/content/chat.css' does not exist." ]
 [Thu Aug 30 10:39:44 -0480] [runtime] [] "SH020706: Resource '/home/davidy/Documents/Personal/repositories/serverhub-template/server/www/script/chat.css' does not exist." ]
 [Thu Aug 30 10:39:45 -0480] [runtime] [] "SH020706: Resource '/home/davidy/Documents/Personal/repositories/serverhub-template/server/www/script/chat.css' does not exist." ]
 [Thu Aug 30 15:19:28 -0480] [runtime] [] "SH020706: Resource '/home/davidy/Documents/Personal/repositories/serverhub-template/server/www/robots.txt' does not exist." ]
 [Thu Aug 30 15:19:28 -0480] [runtime] [] "SH020706: Resource '/home/davidy/Documents/Personal/repositories/serverhub-template/server/www/script/chat.css' does not exist." ]
 [Thu Aug 30 15:19:29 -0480] [runtime] [] "SH020706: Resource '/home/davidy/Documents/Personal/repositories/serverhub-template/server/www/script/chat.css' does not exist." ]
 [Thu Aug 30 15:19:30 -0480] [runtime] [] "SH020706: Resource '/home/davidy/Documents/Personal/repositories/serverhub-template/server/www/script/chat.css' does not exist." ]
 [Thu Aug 30 15:19:31 -0480] [runtime] [] "SH020706: Resource '/home/davidy/Documents/Personal/repositories/serverhub-template/server/www/script/chat.css' does not exist." ]
 [Thu Aug 30 15:19:32 -0480] [runtime] [] "SH020706: Resource '/home/davidy/Documents/Personal/repositories/serverhub-template/server/www/script/chat.css' does not exist." ]
 [Thu Aug 30 15:19:32 -0480] [runtime] [] "SH020706: Resource '/home/davidy/Documents/Personal/repositories/serverhub-template/server/www/script/chat.css' does not exist." ]
 [Thu Aug 30 15:19:52 -0480] [runtime] [] "SH020706: Resource '/home/davidy/Documents/Personal/repositories/serverhub-template/server/www/script/chat.css' does not exist." ]
 [Thu Aug 30 15:19:52 -0480] [runtime] [] "SH020706: Resource '/home/davidy/Documents/Personal/repositories/serverhub-template/server/www/script/chat.css' does not exist." ]
 [Thu Aug 30 15:19:54 -0480] [runtime] [] "SH020706: Resource '/home/davidy/Documents/Personal/repositories/serverhub-template/server/www/script/chat.css' does not exist." ]
 [Thu Aug 30 15:20:09 -0480] [runtime] [] "SH020706: Resource '/home/davidy/Documents/Personal/repositories/serverhub-template/server/www/script/chat.css' does not exist." ]
 [Thu Aug 30 15:20:10 -0480] [runtime] [] "SH020706: Resource '/home/davidy/Documents/Personal/repositories/serverhub-template/server/www/font/NotoSansSCSliced-Regular.86.woff' does not exist." ]
 [Thu Aug 30 15:20:10 -0480] [runtime] [] "SH020706: Resource '/home/davidy/Documents/Personal/repositories/serverhub-template/server/www/font/NotoSansSCSliced-Regular.100.woff' does not exist." ]
 [Thu Aug 30 15:20:10 -0480] [runtime] [] "SH020706: Resource '/home/davidy/Documents/Personal/repositories/serverhub-template/server/www/script/chat.js' does not exist." ]
 [Thu Aug 30 15:20:55 -0480] [runtime] [] "SH020706: Resource '/home/davidy/Documents/Personal/repositories/serverhub-template/server/www/script/chat.js' does not exist." ]
 [Thu Aug 30 15:20:57 -0480] [runtime] [] "SH020706: Resource '/home/davidy/Documents/Personal/repositories/serverhub-template/server/www/script/chat.js' does not exist." ]
 [Thu Aug 30 15:20:57 -0480] [runtime] [] "SH020706: Resource '/home/davidy/Documents/Personal/repositories/serverhub-template/server/www/script/chat.js' does not exist." ]
 [Thu Aug 30 15:21:43 -0480] [runtime] [] "SH020706: Resource '/home/davidy/Documents/Personal/repositories/serverhub-template/server/www/script/chat.js' does not exist." ]
 [Thu Aug 30 15:21:43 -0480] [runtime] [] "SH020706: Resource '/home/davidy/Documents/Personal/repositories/serverhub-template/server/www/script/chat.js' does not exist." ]
 [Thu Aug 30 15:21:44 -0480] [runtime] [] "SH020706: Resource '/home/davidy/Documents/Personal/repositories/serverhub-template/server/www/script/chat.js' does not exist." ]
 [Thu Aug 30 15:21:45 -0480] [runtime] [] "SH020706: Resource '/home/davidy/Documents/Personal/repositories/serverhub-template/server/www/script/chat.js' does not exist." ]
 [Thu Aug 30 15:22:12 -0480] [runtime] [] "SH020706: Resource '/home/davidy/Documents/Personal/repositories/serverhub-template/server/www/script/chat.js' does not exist." ]
 [Thu Aug 30 15:22:13 -0480] [runtime] [] "SH020706: Resource '/home/davidy/Documents/Personal/repositories/serverhub-template/server/www/script/chat.js' does not exist." ]
 [Thu Aug 30 15:22:16 -0480] [runtime] [] "SH020706: Resource '/home/davidy/Documents/Personal/repositories/serverhub-template/server/www/script/chat.js' does not exist." ]
 [Thu Aug 30 15:22:17 -0480] [runtime] [] "SH020706: Resource '/home/davidy/Documents/Personal/repositories/serverhub-template/server/www/script/chat.js' does not exist." ]
 [Thu Aug 30 15:22:33 -0480] [runtime] [] "SH020706: Resource '/home/davidy/Documents/Personal/repositories/serverhub-template/server/www/script/chat.js' does not exist." ]
 [Thu Aug 30 15:22:33 -0480] [runtime] [] "SH020706: Resource '/home/davidy/Documents/Personal/repositories/serverhub-template/server/www/script/chat.js' does not exist." ]
 [Thu Aug 30 15:22:36 -0480] [runtime] [] "SH020706: Resource '/home/davidy/Documents/Personal/repositories/serverhub-template/server/www/script/chat.js' does not exist." ]
 [Thu Aug 30 15:22:37 -0480] [runtime] [] "SH020706: Resource '/home/davidy/Documents/Personal/repositories/serverhub-template/server/www/script/chat.js' does not exist." ]
 [Thu Aug 30 15:23:04 -0480] [runtime] [] "SH020706: Resource '/home/davidy/Documents/Personal/repositories/serverhub-template/server/www/script/chat.js' does not exist." ]
 [Thu Aug 30 15:23:04 -0480] [runtime] [] "SH020706: Resource '/home/davidy/Documents/Personal/repositories/serverhub-template/server/www/script/chat.js' does not exist." ]
 [Thu Aug 30 15:23:07 -0480] [runtime] [] "SH020706: Resource '/home/davidy/Documents/Personal/repositories/serverhub-template/server/www/script/chat.js' does not exist." ]
 [Thu Aug 30 15:23:08 -0480] [runtime] [] "SH020706: Resource '/home/davidy/Documents/Personal/repositories/serverhub-template/server/www/script/chat.js' does not exist." ]
 [Thu Aug 30 15:23:56 -0480] [runtime] [] "SH020706: Resource '/home/davidy/Documents/Personal/repositories/serverhub-template/server/www/script/chat.js' does not exist." ]
 [Thu Aug 30 15:23:57 -0480] [runtime] [] "SH020706: Resource '/home/davidy/Documents/Personal/repositories/serverhub-template/server/www/script/chat.js' does not exist." ]
 [Thu Aug 30 15:23:58 -0480] [runtime] [] "SH020706: Resource '/home/davidy/Documents/Personal/repositories/serverhub-template/server/www/script/chat.js' does not exist." ]
 [Thu Aug 30 15:24:36 -0480] [runtime] [] "SH020706: Resource '/home/davidy/Documents/Personal/repositories/serverhub-template/server/www/script/chat.js' does not exist." ]
 [Thu Aug 30 15:24:37 -0480] [runtime] [] "SH020706: Resource '/home/davidy/Documents/Personal/repositories/serverhub-template/server/www/script/chat.js' does not exist." ]
 [Thu Aug 30 15:24:38 -0480] [runtime] [] "SH020706: Resource '/home/davidy/Documents/Personal/repositories/serverhub-template/server/www/script/chat.js' does not exist." ]
 [Thu Aug 30 15:24:56 -0480] [runtime] [] "SH020706: Resource '/home/davidy/Documents/Personal/repositories/serverhub-template/server/www/script/chat.js' does not exist." ]
 [Thu Aug 30 15:24:57 -0480] [runtime] [] "SH020706: Resource '/home/davidy/Documents/Personal/repositories/serverhub-template/server/www/script/chat.js' does not exist." ]
 [Thu Aug 30 15:26:32 -0480] [runtime] [] "SH020706: Resource '/home/davidy/Documents/Personal/repositories/serverhub-template/server/www/script/chat.js' does not exist." ]
 [Thu Aug 30 15:26:32 -0480] [runtime] [] "SH020706: Resource '/home/davidy/Documents/Personal/repositories/serverhub-template/server/www/script/chat.js' does not exist." ]
 [Thu Aug 30 15:26:34 -0480] [runtime] [] "SH020706: Resource '/home/davidy/Documents/Personal/repositories/serverhub-template/server/www/robots.txt' does not exist." ]
 [Thu Aug 30 15:26:35 -0480] [runtime] [] "SH020706: Resource '/home/davidy/Documents/Personal/repositories/serverhub-template/server/www/script/chat.js' does not exist." ]
 [Thu Aug 30 15:26:35 -0480] [runtime] [] "SH020706: Resource '/home/davidy/Documents/Personal/repositories/serverhub-template/server/www/script/chat.js' does not exist." ]
 [Thu Aug 30 15:27:32 -0480] [runtime] [] "SH020706: Resource '/home/davidy/Documents/Personal/repositories/serverhub-template/server/www/script/chat.js' does not exist." ]
 [Thu Aug 30 15:27:33 -0480] [runtime] [] "SH020706: Resource '/home/davidy/Documents/Personal/repositories/serverhub-template/server/www/script/chat.js' does not exist." ]
 [Thu Aug 30 15:28:10 -0480] [runtime] [] "SH020706: Resource '/home/davidy/Documents/Personal/repositories/serverhub-template/server/www/script/chat.js' does not exist." ]
 [Thu Aug 30 15:28:11 -0480] [runtime] [] "SH020706: Resource '/home/davidy/Documents/Personal/repositories/serverhub-template/server/www/script/chat.js' does not exist." ]
 [Thu Aug 30 15:28:12 -0480] [runtime] [] "SH020706: Resource '/home/davidy/Documents/Personal/repositories/serverhub-template/server/www/font/NotoSansSCSliced-Regular.100.woff' does not exist." ]
 [Thu Aug 30 15:28:12 -0480] [runtime] [] "SH020706: Resource '/home/davidy/Documents/Personal/repositories/serverhub-template/server/www/script/chat.js' does not exist." ]
 [Thu Aug 30 15:28:13 -0480] [runtime] [] "SH020706: Resource '/home/davidy/Documents/Personal/repositories/serverhub-template/server/www/script/chat.js' does not exist." ]
 [Thu Aug 30 15:29:34 -0480] [runtime] [] "SH020706: Resource '/home/davidy/Documents/Personal/repositories/serverhub-template/server/www/script/chat.js' does not exist." ]
 [Thu Aug 30 15:29:35 -0480] [runtime] [] "SH020706: Resource '/home/davidy/Documents/Personal/repositories/serverhub-template/server/www/script/chat.js' does not exist." ]
 [Thu Aug 30 15:29:36 -0480] [runtime] [] "SH020706: Resource '/home/davidy/Documents/Personal/repositories/serverhub-template/server/www/script/chat.js' does not exist." ]
 [Thu Aug 30 15:30:00 -0480] [runtime] [] "SH020706: Resource '/home/davidy/Documents/Personal/repositories/serverhub-template/server/www/script/chat.js' does not exist." ]
 [Thu Aug 30 15:30:01 -0480] [runtime] [] "SH020706: Resource '/home/davidy/Documents/Personal/repositories/serverhub-template/server/www/script/chat.js' does not exist." ]
 [Thu Aug 30 15:30:02 -0480] [runtime] [] "SH020706: Resource '/home/davidy/Documents/Personal/repositories/serverhub-template/server/www/script/chat.js' does not exist." ]
 [Thu Aug 30 15:30:03 -0480] [runtime] [] "SH020706: Resource '/home/davidy/Documents/Personal/repositories/serverhub-template/server/www/script/chat.js' does not exist." ]
 [Thu Aug 30 15:30:13 -0480] [runtime] [] "SH020706: Resource '/home/davidy/Documents/Personal/repositories/serverhub-template/server/www/script/chat.js' does not exist." ]
 [Thu Aug 30 15:30:13 -0480] [runtime] [] "SH020706: Resource '/home/davidy/Documents/Personal/repositories/serverhub-template/server/www/script/chat.js' does not exist." ]
 [Thu Aug 30 15:30:15 -0480] [runtime] [] "SH020706: Resource '/home/davidy/Documents/Personal/repositories/serverhub-template/server/www/script/chat.js' does not exist." ]
 [Thu Aug 30 15:30:16 -0480] [runtime] [] "SH020706: Resource '/home/davidy/Documents/Personal/repositories/serverhub-template/server/www/script/chat.js' does not exist." ]
 [Thu Aug 30 15:30:19 -0480] [runtime] [] "SH020706: Resource '/home/davidy/Documents/Personal/repositories/serverhub-template/server/www/script/chat.js' does not exist." ]
 [Thu Aug 30 15:30:19 -0480] [runtime] [] "SH020706: Resource '/home/davidy/Documents/Personal/repositories/serverhub-template/server/www/script/chat.js' does not exist." ]
 [Thu Aug 30 15:32:51 -0480] [runtime] [] "SH020706: Resource '/home/davidy/Documents/Personal/repositories/serverhub-template/server/www/script/chat.js' does not exist." ]
 [Thu Aug 30 15:32:52 -0480] [runtime] [] "SH020706: Resource '/home/davidy/Documents/Personal/repositories/serverhub-template/server/www/script/chat.js' does not exist." ]
 [Thu Aug 30 15:32:53 -0480] [runtime] [] "SH020706: Resource '/home/davidy/Documents/Personal/repositories/serverhub-template/server/www/script/chat.js' does not exist." ]
 [Thu Aug 30 15:33:23 -0480] [runtime] [] "SH020706: Resource '/home/davidy/Documents/Personal/repositories/serverhub-template/server/www/script/chat.js' does not exist." ]
 [Thu Aug 30 15:33:24 -0480] [runtime] [] "SH020706: Resource '/home/davidy/Documents/Personal/repositories/serverhub-template/server/www/script/chat.js' does not exist." ]
 [Thu Aug 30 15:34:33 -0480] [runtime] [] "SH020706: Resource '/home/davidy/Documents/Personal/repositories/serverhub-template/server/www/script/chat.js' does not exist." ]
 [Thu Aug 30 15:34:34 -0480] [runtime] [] "SH020706: Resource '/home/davidy/Documents/Personal/repositories/serverhub-template/server/www/script/chat.js' does not exist." ]
 [Thu Aug 30 15:36:35 -0480] [runtime] [] "SH020706: Resource '/home/davidy/Documents/Personal/repositories/serverhub-template/server/www/script/chat.js' does not exist." ]
 [Thu Aug 30 15:36:38 -0480] [runtime] [] "SH020706: Resource '/home/davidy/Documents/Personal/repositories/serverhub-template/server/www/script/chat.js' does not exist." ]
 [Thu Aug 30 15:37:23 -0480] [runtime] [] "SH020706: Resource '/home/davidy/Documents/Personal/repositories/serverhub-template/server/www/script/chat.js' does not exist." ]
 [Thu Aug 30 15:37:27 -0480] [runtime] [] "SH020706: Resource '/home/davidy/Documents/Personal/repositories/serverhub-template/server/www/script/chat.js' does not exist." ]
 [Thu Aug 30 15:39:54 -0480] [runtime] [] "SH020706: Resource '/home/davidy/Documents/Personal/repositories/serverhub-template/server/www/script/chat.js' does not exist." ]
 [Thu Aug 30 15:39:55 -0480] [runtime] [] "SH020706: Resource '/home/davidy/Documents/Personal/repositories/serverhub-template/server/www/script/chat.js' does not exist." ]
 [Thu Aug 30 15:39:56 -0480] [runtime] [] "SH020706: Resource '/home/davidy/Documents/Personal/repositories/serverhub-template/server/www/script/chat.js' does not exist." ]
 [Thu Aug 30 15:40:18 -0480] [runtime] [] "SH020706: Resource '/home/davidy/Documents/Personal/repositories/serverhub-template/server/www/script/chat.js' does not exist." ]
 [Thu Aug 30 15:40:19 -0480] [runtime] [] "SH020706: Resource '/home/davidy/Documents/Personal/repositories/serverhub-template/server/www/script/chat.js' does not exist." ]
 [Thu Aug 30 15:40:22 -0480] [runtime] [] "SH020706: Resource '/home/davidy/Documents/Personal/repositories/serverhub-template/server/www/script/chat.js' does not exist." ]
 [Thu Aug 30 15:40:46 -0480] [runtime] [] "SH020706: Resource '/home/davidy/Documents/Personal/repositories/serverhub-template/server/www/script/chat.js' does not exist." ]
 [Thu Aug 30 15:40:46 -0480] [runtime] [] "SH020706: Resource '/home/davidy/Documents/Personal/repositories/serverhub-template/server/www/script/chat.js' does not exist." ]
 [Thu Aug 30 15:40:48 -0480] [runtime] [] "SH020706: Resource '/home/davidy/Documents/Personal/repositories/serverhub-template/server/www/script/chat.js' does not exist." ]
 [Thu Aug 30 15:40:49 -0480] [runtime] [] "SH020706: Resource '/home/davidy/Documents/Personal/repositories/serverhub-template/server/www/script/chat.js' does not exist." ]
 [Thu Aug 30 15:40:52 -0480] [runtime] [] "SH020706: Resource '/home/davidy/Documents/Personal/repositories/serverhub-template/server/www/robots.txt' does not exist." ]
 [Thu Aug 30 15:40:52 -0480] [runtime] [] "SH020706: Resource '/home/davidy/Documents/Personal/repositories/serverhub-template/server/www/script/chat.js' does not exist." ]
 [Thu Aug 30 15:40:53 -0480] [runtime] [] "SH020706: Resource '/home/davidy/Documents/Personal/repositories/serverhub-template/server/www/script/chat.js' does not exist." ]
 [Thu Aug 30 15:43:31 -0480] [runtime] [] "SH020706: Resource '/home/davidy/Documents/Personal/repositories/serverhub-template/server/www/script/chat.js' does not exist." ]
 [Thu Aug 30 15:43:31 -0480] [runtime] [] "SH020706: Resource '/home/davidy/Documents/Personal/repositories/serverhub-template/server/www/script/chat.js' does not exist." ]
 [Thu Aug 30 15:44:03 -0480] [runtime] [] "SH020706: Resource '/home/davidy/Documents/Personal/repositories/serverhub-template/server/www/script/chat.js' does not exist." ]
 [Thu Aug 30 15:44:03 -0480] [runtime] [] "SH020706: Resource '/home/davidy/Documents/Personal/repositories/serverhub-template/server/www/script/chat.js' does not exist." ]
 [Thu Aug 30 15:44:08 -0480] [runtime] [] "SH020706: Resource '/home/davidy/Documents/Personal/repositories/serverhub-template/server/www/script/chat.js' does not exist." ]
 [Thu Aug 30 15:44:41 -0480] [runtime] [] "SH020706: Resource '/home/davidy/Documents/Personal/repositories/serverhub-template/server/www/script/chat.js' does not exist." ]
 [Thu Aug 30 15:44:42 -0480] [runtime] [] "SH020706: Resource '/home/davidy/Documents/Personal/repositories/serverhub-template/server/www/script/chat.js' does not exist." ]
 [Thu Aug 30 15:45:36 -0480] [runtime] [] "SH020706: Resource '/home/davidy/Documents/Personal/repositories/serverhub-template/server/www/script/chat.js' does not exist." ]
 [Thu Aug 30 15:45:37 -0480] [runtime] [] "SH020706: Resource '/home/davidy/Documents/Personal/repositories/serverhub-template/server/www/script/chat.js' does not exist." ]
 [Thu Aug 30 15:45:40 -0480] [runtime] [] "SH020706: Resource '/home/davidy/Documents/Personal/repositories/serverhub-template/server/www/script/chat.js' does not exist." ]
 [Thu Aug 30 15:45:41 -0480] [runtime] [] "SH020706: Resource '/home/davidy/Documents/Personal/repositories/serverhub-template/server/www/script/chat.js' does not exist." ]
 [Thu Aug 30 15:47:05 -0480] [runtime] [] "SH020706: Resource '/home/davidy/Documents/Personal/repositories/serverhub-template/server/www/script/chat.js' does not exist." ]
 [Thu Aug 30 15:47:06 -0480] [runtime] [] "SH020706: Resource '/home/davidy/Documents/Personal/repositories/serverhub-template/server/www/script/chat.js' does not exist." ]
 [Thu Aug 30 15:47:14 -0480] [runtime] [] "SH020706: Resource '/home/davidy/Documents/Personal/repositories/serverhub-template/server/www/script/chat.js' does not exist." ]
 [Thu Aug 30 15:47:14 -0480] [runtime] [] "SH020706: Resource '/home/davidy/Documents/Personal/repositories/serverhub-template/server/www/script/chat.js' does not exist." ]
 [Thu Aug 30 15:48:42 -0480] [runtime] [] "SH020706: Resource '/home/davidy/Documents/Personal/repositories/serverhub-template/server/www/script/chat.js' does not exist." ]
 [Thu Aug 30 15:48:43 -0480] [runtime] [] "SH020706: Resource '/home/davidy/Documents/Personal/repositories/serverhub-template/server/www/script/chat.js' does not exist." ]
 [Thu Aug 30 15:48:46 -0480] [runtime] [] "SH020706: Resource '/home/davidy/Documents/Personal/repositories/serverhub-template/server/www/script/chat.js' does not exist." ]
 [Thu Aug 30 15:52:10 -0480] [runtime] [] "SH020706: Resource '/home/davidy/Documents/Personal/repositories/serverhub-template/server/www/script/chat.js' does not exist." ]
 [Thu Aug 30 15:52:11 -0480] [runtime] [] "SH020706: Resource '/home/davidy/Documents/Personal/repositories/serverhub-template/server/www/script/chat.js' does not exist." ]
 [Thu Aug 30 15:52:12 -0480] [runtime] [] "SH020706: Resource '/home/davidy/Documents/Personal/repositories/serverhub-template/server/www/script/chat.js' does not exist." ]
 [Thu Aug 30 15:52:13 -0480] [runtime] [] "SH020706: Resource '/home/davidy/Documents/Personal/repositories/serverhub-template/server/www/script/chat.js' does not exist." ]
 [Thu Aug 30 15:53:15 -0480] [runtime] [] "SH020706: Resource '/home/davidy/Documents/Personal/repositories/serverhub-template/server/www/script/chat.js' does not exist." ]
 [Thu Aug 30 15:53:15 -0480] [runtime] [] "SH020706: Resource '/home/davidy/Documents/Personal/repositories/serverhub-template/server/www/script/chat.js' does not exist." ]
 [Thu Aug 30 15:53:19 -0480] [runtime] [] "SH020706: Resource '/home/davidy/Documents/Personal/repositories/serverhub-template/server/www/script/chat.js' does not exist." ]
 [Thu Aug 30 15:53:20 -0480] [runtime] [] "SH020706: Resource '/home/davidy/Documents/Personal/repositories/serverhub-template/server/www/script/chat.js' does not exist." ]
 [Thu Aug 30 15:54:51 -0480] [runtime] [] "SH020706: Resource '/home/davidy/Documents/Personal/repositories/serverhub-template/server/www/script/chat.js' does not exist." ]
 [Thu Aug 30 15:54:52 -0480] [runtime] [] "SH020706: Resource '/home/davidy/Documents/Personal/repositories/serverhub-template/server/www/script/chat.js' does not exist." ]
 [Thu Aug 30 15:54:53 -0480] [runtime] [] "SH020706: Resource '/home/davidy/Documents/Personal/repositories/serverhub-template/server/www/script/chat.js' does not exist." ]
 [Thu Aug 30 15:58:27 -0480] [runtime] [] "SH020706: Resource '/home/davidy/Documents/Personal/repositories/serverhub-template/server/www/script/chat.js' does not exist." ]
 [Thu Aug 30 15:58:30 -0480] [runtime] [] "SH020706: Resource '/home/davidy/Documents/Personal/repositories/serverhub-template/server/www/script/chat.js' does not exist." ]
 [Thu Aug 30 15:58:31 -0480] [runtime] [] "SH020706: Resource '/home/davidy/Documents/Personal/repositories/serverhub-template/server/www/script/chat.js' does not exist." ]
 [Thu Aug 30 15:59:30 -0480] [runtime] [] "SH020706: Resource '/home/davidy/Documents/Personal/repositories/serverhub-template/server/www/script/chat.js' does not exist." ]
 [Thu Aug 30 15:59:31 -0480] [runtime] [] "SH020706: Resource '/home/davidy/Documents/Personal/repositories/serverhub-template/server/www/script/chat.js' does not exist." ]
 [Thu Aug 30 15:59:31 -0480] [runtime] [] "SH020706: Resource '/home/davidy/Documents/Personal/repositories/serverhub-template/server/www/script/chat.js' does not exist." ]
 [Thu Aug 30 16:00:03 -0480] [runtime] [] "SH020706: Resource '/home/davidy/Documents/Personal/repositories/serverhub-template/server/www/script/chat.js' does not exist." ]
 [Thu Aug 30 16:00:04 -0480] [runtime] [] "SH020706: Resource '/home/davidy/Documents/Personal/repositories/serverhub-template/server/www/script/chat.js' does not exist." ]
 [Thu Aug 30 16:00:52 -0480] [runtime] [] "SH020706: Resource '/home/davidy/Documents/Personal/repositories/serverhub-template/server/www/script/chat.js' does not exist." ]
 [Thu Aug 30 16:00:52 -0480] [runtime] [] "SH020706: Resource '/home/davidy/Documents/Personal/repositories/serverhub-template/server/www/script/chat.js' does not exist." ]
 [Thu Aug 30 16:00:54 -0480] [runtime] [] "SH020706: Resource '/home/davidy/Documents/Personal/repositories/serverhub-template/server/www/script/chat.js' does not exist." ]
 [Thu Aug 30 16:00:54 -0480] [runtime] [] "SH020706: Resource '/home/davidy/Documents/Personal/repositories/serverhub-template/server/www/script/chat.js' does not exist." ]
 [Thu Aug 30 16:02:38 -0480] [runtime] [] "SH020706: Resource '/home/davidy/Documents/Personal/repositories/serverhub-template/server/www/robots.txt' does not exist." ]
 [Thu Aug 30 16:02:38 -0480] [runtime] [] "SH020706: Resource '/home/davidy/Documents/Personal/repositories/serverhub-template/server/www/script/chat.js' does not exist." ]
 [Thu Aug 30 16:02:39 -0480] [runtime] [] "SH020706: Resource '/home/davidy/Documents/Personal/repositories/serverhub-template/server/www/script/chat.js' does not exist." ]
 [Thu Aug 30 16:02:43 -0480] [runtime] [] "SH020706: Resource '/home/davidy/Documents/Personal/repositories/serverhub-template/server/www/script/chat.js' does not exist." ]
 [Thu Aug 30 16:02:43 -0480] [runtime] [] "SH020706: Resource '/home/davidy/Documents/Personal/repositories/serverhub-template/server/www/script/chat.js' does not exist." ]
 [Thu Aug 30 16:03:23 -0480] [runtime] [] "SH020706: Resource '/home/davidy/Documents/Personal/repositories/serverhub-template/server/www/script/chat.js' does not exist." ]
 [Thu Aug 30 16:03:23 -0480] [runtime] [] "SH020706: Resource '/home/davidy/Documents/Personal/repositories/serverhub-template/server/www/script/chat.js' does not exist." ]
 [Thu Aug 30 16:03:26 -0480] [runtime] [] "SH020706: Resource '/home/davidy/Documents/Personal/repositories/serverhub-template/server/www/script/chat.js' does not exist." ]
 [Thu Aug 30 16:03:26 -0480] [runtime] [] "SH020706: Resource '/home/davidy/Documents/Personal/repositories/serverhub-template/server/www/script/chat.js' does not exist." ]
 [Thu Aug 30 16:05:29 -0480] [runtime] [] "SH020706: Resource '/home/davidy/Documents/Personal/repositories/serverhub-template/server/www/script/chat.js' does not exist." ]
 [Thu Aug 30 16:05:30 -0480] [runtime] [] "SH020706: Resource '/home/davidy/Documents/Personal/repositories/serverhub-template/server/www/script/chat.js' does not exist." ]
 [Thu Aug 30 16:05:34 -0480] [runtime] [] "SH020706: Resource '/home/davidy/Documents/Personal/repositories/serverhub-template/server/www/script/chat.js' does not exist." ]
 [Thu Aug 30 16:05:35 -0480] [runtime] [] "SH020706: Resource '/home/davidy/Documents/Personal/repositories/serverhub-template/server/www/script/chat.js' does not exist." ]
 [Thu Aug 30 16:15:09 -0480] [runtime] [] "SH020706: Resource '/home/davidy/Documents/Personal/repositories/serverhub-template/server/www/font/NotoSansSCSliced-Regular.86.woff' does not exist." ]
 [Thu Aug 30 16:15:09 -0480] [runtime] [] "SH020706: Resource '/home/davidy/Documents/Personal/repositories/serverhub-template/server/www/font/NotoSansSCSliced-Regular.100.woff' does not exist." ]
 [Thu Aug 30 16:56:56 -0480] [runtime] [] "SH020706: Resource '/home/davidy/Documents/Personal/repositories/serverhub-template/server/www/robots.txt' does not exist." ]
