::1 - guest [24/Aug/2018:14:42:44 -0480] "GET /robots.txt HTTP/1.1" 404 3458
::1 - guest [24/Aug/2018:14:42:44 -0480] "GET / HTTP/1.1" 200 624
::1 - guest [24/Aug/2018:14:42:44 -0480] "GET /global.css HTTP/1.1" 200 178
::1 - guest [24/Aug/2018:14:42:44 -0480] "GET /global.js HTTP/1.1" 200 169
::1 - guest [24/Aug/2018:14:42:44 -0480] "GET /favicon.ico HTTP/1.1" 404 3458
::1 - guest [24/Aug/2018:14:43:02 -0480] "GET / HTTP/1.1" 200 613
::1 - guest [24/Aug/2018:14:45:52 -0480] "GET / HTTP/1.1" 200 613
::1 - guest [24/Aug/2018:14:46:13 -0480] "GET / HTTP/1.1" 200 613
::1 - guest [24/Aug/2018:14:46:13 -0480] "GET /global.css HTTP/1.1" 200 178
::1 - guest [24/Aug/2018:14:46:13 -0480] "GET /global.js HTTP/1.1" 200 169
::1 - guest [24/Aug/2018:14:46:16 -0480] "GET / HTTP/1.1" 200 613
::1 - guest [24/Aug/2018:14:46:16 -0480] "GET /global.css HTTP/1.1" 200 274
::1 - guest [24/Aug/2018:14:46:16 -0480] "GET /global.js HTTP/1.1" 200 169
::1 - guest [24/Aug/2018:14:47:00 -0480] "GET / HTTP/1.1" 200 613
::1 - guest [24/Aug/2018:14:47:00 -0480] "GET /global.css HTTP/1.1" 200 274
::1 - guest [24/Aug/2018:14:47:00 -0480] "GET /global.js HTTP/1.1" 200 169
::1 - guest [24/Aug/2018:14:47:16 -0480] "GET / HTTP/1.1" 200 613
::1 - guest [24/Aug/2018:14:47:16 -0480] "GET /global.css HTTP/1.1" 200 373
::1 - guest [24/Aug/2018:14:47:16 -0480] "GET /global.js HTTP/1.1" 200 169
::1 - guest [24/Aug/2018:14:47:40 -0480] "GET / HTTP/1.1" 200 613
::1 - guest [24/Aug/2018:14:47:43 -0480] "GET / HTTP/1.1" 200 613
::1 - guest [24/Aug/2018:14:47:43 -0480] "GET / HTTP/1.1" 200 613
::1 - guest [24/Aug/2018:14:47:45 -0480] "GET / HTTP/1.1" 200 613
::1 - guest [24/Aug/2018:14:47:45 -0480] "GET / HTTP/1.1" 200 613
::1 - guest [24/Aug/2018:14:47:45 -0480] "GET / HTTP/1.1" 200 613
::1 - guest [24/Aug/2018:14:47:45 -0480] "GET / HTTP/1.1" 200 613
::1 - guest [24/Aug/2018:14:47:47 -0480] "GET / HTTP/1.1" 200 613
::1 - guest [24/Aug/2018:14:47:49 -0480] "GET / HTTP/1.1" 200 613
::1 - guest [24/Aug/2018:14:47:49 -0480] "GET /global.css HTTP/1.1" 200 373
::1 - guest [24/Aug/2018:14:47:49 -0480] "GET /global.js HTTP/1.1" 200 169
::1 - guest [24/Aug/2018:14:47:52 -0480] "GET / HTTP/1.1" 200 613
::1 - guest [24/Aug/2018:14:47:52 -0480] "GET /global.css HTTP/1.1" 200 373
::1 - guest [24/Aug/2018:14:47:52 -0480] "GET /global.js HTTP/1.1" 200 169
::1 - guest [24/Aug/2018:14:48:52 -0480] "GET / HTTP/1.1" 200 613
::1 - guest [24/Aug/2018:14:48:52 -0480] "GET /global.css HTTP/1.1" 200 373
::1 - guest [24/Aug/2018:14:48:52 -0480] "GET /global.js HTTP/1.1" 200 169
::1 - guest [24/Aug/2018:14:48:56 -0480] "GET / HTTP/1.1" 200 613
::1 - guest [24/Aug/2018:14:48:56 -0480] "GET /global.css HTTP/1.1" 200 486
::1 - guest [24/Aug/2018:14:48:56 -0480] "GET /global.js HTTP/1.1" 200 169
::1 - guest [24/Aug/2018:14:50:35 -0480] "GET /robots.txt HTTP/1.1" 404 3458
::1 - guest [24/Aug/2018:14:50:35 -0480] "GET / HTTP/1.1" 200 613
::1 - guest [24/Aug/2018:14:50:35 -0480] "GET /global.css HTTP/1.1" 200 486
::1 - guest [24/Aug/2018:14:50:35 -0480] "GET /global.js HTTP/1.1" 200 169
::1 - guest [24/Aug/2018:14:50:37 -0480] "GET / HTTP/1.1" 200 613
::1 - guest [24/Aug/2018:14:50:37 -0480] "GET /global.css HTTP/1.1" 200 611
::1 - guest [24/Aug/2018:14:50:37 -0480] "GET /global.js HTTP/1.1" 200 169
::1 - guest [24/Aug/2018:14:53:16 -0480] "GET / HTTP/1.1" 200 613
::1 - guest [24/Aug/2018:14:53:16 -0480] "GET /global.css HTTP/1.1" 200 611
::1 - guest [24/Aug/2018:14:53:16 -0480] "GET /global.js HTTP/1.1" 200 169
::1 - guest [24/Aug/2018:14:53:19 -0480] "GET / HTTP/1.1" 200 613
::1 - guest [24/Aug/2018:14:53:19 -0480] "GET /global.css HTTP/1.1" 200 707
::1 - guest [24/Aug/2018:14:53:19 -0480] "GET /global.js HTTP/1.1" 200 200
::1 - guest [24/Aug/2018:14:53:52 -0480] "GET / HTTP/1.1" 200 613
::1 - guest [24/Aug/2018:14:53:52 -0480] "GET /global.css HTTP/1.1" 200 707
::1 - guest [24/Aug/2018:14:53:52 -0480] "GET /global.js HTTP/1.1" 200 200
::1 - guest [24/Aug/2018:14:53:54 -0480] "GET / HTTP/1.1" 200 613
::1 - guest [24/Aug/2018:14:53:54 -0480] "GET /global.css HTTP/1.1" 200 743
::1 - guest [24/Aug/2018:14:53:54 -0480] "GET /global.js HTTP/1.1" 200 200
::1 - guest [24/Aug/2018:14:53:55 -0480] "GET / HTTP/1.1" 200 613
::1 - guest [24/Aug/2018:14:53:55 -0480] "GET /global.css HTTP/1.1" 200 743
::1 - guest [24/Aug/2018:14:53:55 -0480] "GET /global.js HTTP/1.1" 200 200
::1 - guest [24/Aug/2018:14:54:00 -0480] "GET / HTTP/1.1" 200 613
::1 - guest [24/Aug/2018:14:54:00 -0480] "GET /global.css HTTP/1.1" 200 743
::1 - guest [24/Aug/2018:14:54:00 -0480] "GET /global.js HTTP/1.1" 200 200
::1 - guest [24/Aug/2018:14:54:04 -0480] "GET / HTTP/1.1" 200 613
::1 - guest [24/Aug/2018:14:54:04 -0480] "GET /global.css HTTP/1.1" 200 743
::1 - guest [24/Aug/2018:14:54:04 -0480] "GET /global.js HTTP/1.1" 200 200
::1 - guest [24/Aug/2018:14:56:32 -0480] "GET / HTTP/1.1" 200 613
::1 - guest [24/Aug/2018:14:56:35 -0480] "GET / HTTP/1.1" 200 613
::1 - guest [24/Aug/2018:14:56:36 -0480] "GET / HTTP/1.1" 200 613
::1 - guest [24/Aug/2018:14:56:36 -0480] "GET /global.css HTTP/1.1" 200 743
::1 - guest [24/Aug/2018:14:56:36 -0480] "GET /global.js HTTP/1.1" 200 200
::1 - guest [24/Aug/2018:14:56:40 -0480] "GET / HTTP/1.1" 200 613
::1 - guest [24/Aug/2018:14:56:40 -0480] "GET /global.css HTTP/1.1" 200 743
::1 - guest [24/Aug/2018:14:56:40 -0480] "GET /global.js HTTP/1.1" 200 235
::1 - guest [24/Aug/2018:14:56:53 -0480] "GET / HTTP/1.1" 200 613
::1 - guest [24/Aug/2018:14:56:53 -0480] "GET /global.css HTTP/1.1" 200 743
::1 - guest [24/Aug/2018:14:56:53 -0480] "GET /global.js HTTP/1.1" 200 235
::1 - guest [24/Aug/2018:14:56:56 -0480] "GET / HTTP/1.1" 200 613
::1 - guest [24/Aug/2018:14:57:10 -0480] "GET / HTTP/1.1" 200 613
::1 - guest [24/Aug/2018:14:57:11 -0480] "GET /global.css HTTP/1.1" 200 743
::1 - guest [24/Aug/2018:14:57:11 -0480] "GET /global.js HTTP/1.1" 200 235
::1 - guest [24/Aug/2018:14:57:40 -0480] "GET / HTTP/1.1" 200 613
::1 - guest [24/Aug/2018:14:57:40 -0480] "GET /global.css HTTP/1.1" 200 743
::1 - guest [24/Aug/2018:14:57:40 -0480] "GET /global.js HTTP/1.1" 200 235
::1 - guest [24/Aug/2018:14:57:45 -0480] "GET / HTTP/1.1" 200 613
::1 - guest [24/Aug/2018:14:57:45 -0480] "GET /global.css HTTP/1.1" 200 743
::1 - guest [24/Aug/2018:14:57:45 -0480] "GET /global.js HTTP/1.1" 200 247
::1 - guest [24/Aug/2018:14:58:49 -0480] "GET / HTTP/1.1" 200 613
::1 - guest [24/Aug/2018:14:58:49 -0480] "GET /global.css HTTP/1.1" 200 743
::1 - guest [24/Aug/2018:14:58:49 -0480] "GET /global.js HTTP/1.1" 200 247
::1 - guest [24/Aug/2018:14:58:52 -0480] "GET / HTTP/1.1" 200 613
::1 - guest [24/Aug/2018:14:58:52 -0480] "GET /global.css HTTP/1.1" 200 743
::1 - guest [24/Aug/2018:14:58:52 -0480] "GET /global.js HTTP/1.1" 200 245
::1 - guest [24/Aug/2018:14:59:14 -0480] "GET / HTTP/1.1" 200 613
::1 - guest [24/Aug/2018:14:59:14 -0480] "GET /global.css HTTP/1.1" 200 743
::1 - guest [24/Aug/2018:14:59:14 -0480] "GET /global.js HTTP/1.1" 200 245
::1 - guest [28/Aug/2018:18:02:01 -0480] "GET /robots.txt HTTP/1.1" 404 3458
::1 - guest [28/Aug/2018:18:02:02 -0480] "GET / HTTP/1.1" 200 440
::1 - guest [28/Aug/2018:18:02:02 -0480] "GET /content/global.css HTTP/1.1" 200 364
::1 - guest [28/Aug/2018:18:02:02 -0480] "GET /script/global.js HTTP/1.1" 200 25
::1 - guest [28/Aug/2018:18:02:26 -0480] "GET /favicon.ico HTTP/1.1" 404 3458
::1 - guest [28/Aug/2018:18:05:32 -0480] "GET / HTTP/1.1" 200 440
::1 - guest [28/Aug/2018:18:05:34 -0480] "GET / HTTP/1.1" 200 440
::1 - guest [28/Aug/2018:18:05:34 -0480] "GET /content/global.css HTTP/1.1" 200 364
::1 - guest [28/Aug/2018:18:05:34 -0480] "GET /script/global.js HTTP/1.1" 200 25
::1 - guest [28/Aug/2018:18:05:52 -0480] "GET / HTTP/1.1" 200 440
::1 - guest [28/Aug/2018:18:05:52 -0480] "GET /content/global.css HTTP/1.1" 200 364
::1 - guest [28/Aug/2018:18:05:52 -0480] "GET /script/global.js HTTP/1.1" 200 0
::1 - guest [28/Aug/2018:18:08:13 -0480] "GET / HTTP/1.1" 200 1018
::1 - guest [28/Aug/2018:18:08:24 -0480] "GET / HTTP/1.1" 200 1010
::1 - guest [28/Aug/2018:18:10:09 -0480] "GET / HTTP/1.1" 200 1010
::1 - guest [28/Aug/2018:18:10:10 -0480] "GET / HTTP/1.1" 200 1010
::1 - guest [28/Aug/2018:18:10:10 -0480] "GET /robots.txt HTTP/1.1" 404 3458
::1 - guest [28/Aug/2018:18:10:11 -0480] "GET / HTTP/1.1" 200 1010
::1 - guest [28/Aug/2018:18:10:11 -0480] "GET /content/global.css HTTP/1.1" 200 364
::1 - guest [28/Aug/2018:18:10:11 -0480] "GET /script/global.js HTTP/1.1" 200 0
::1 - guest [28/Aug/2018:18:10:24 -0480] "GET / HTTP/1.1" 200 1010
::1 - guest [28/Aug/2018:18:10:24 -0480] "GET /content/global.css HTTP/1.1" 200 490
::1 - guest [28/Aug/2018:18:10:24 -0480] "GET /script/global.js HTTP/1.1" 200 0
::1 - guest [28/Aug/2018:18:11:11 -0480] "GET / HTTP/1.1" 200 1010
::1 - guest [28/Aug/2018:18:11:18 -0480] "GET / HTTP/1.1" 200 1025
::1 - guest [28/Aug/2018:18:11:18 -0480] "GET /content/global.css HTTP/1.1" 200 490
::1 - guest [28/Aug/2018:18:11:18 -0480] "GET /script/global.js HTTP/1.1" 200 0
::1 - guest [29/Aug/2018:09:05:21 -0480] "GET /robots.txt HTTP/1.1" 404 3458
::1 - guest [29/Aug/2018:09:05:21 -0480] "GET / HTTP/1.1" 200 1025
::1 - guest [29/Aug/2018:09:05:21 -0480] "GET /content/global.css HTTP/1.1" 200 507
::1 - guest [29/Aug/2018:09:05:21 -0480] "GET /script/global.js HTTP/1.1" 200 0
::1 - guest [29/Aug/2018:09:07:28 -0480] "GET / HTTP/1.1" 200 1025
::1 - guest [29/Aug/2018:09:07:28 -0480] "GET /content/global.css HTTP/1.1" 200 507
::1 - guest [29/Aug/2018:09:07:28 -0480] "GET /script/global.js HTTP/1.1" 200 0
::1 - guest [29/Aug/2018:09:07:38 -0480] "GET / HTTP/1.1" 200 1025
::1 - guest [29/Aug/2018:09:07:38 -0480] "GET /content/global.css HTTP/1.1" 200 669
::1 - guest [29/Aug/2018:09:07:38 -0480] "GET /script/global.js HTTP/1.1" 200 0
::1 - guest [29/Aug/2018:09:08:03 -0480] "GET / HTTP/1.1" 200 1025
::1 - guest [29/Aug/2018:09:08:03 -0480] "GET /content/global.css HTTP/1.1" 200 669
::1 - guest [29/Aug/2018:09:08:03 -0480] "GET /script/global.js HTTP/1.1" 200 0
::1 - guest [29/Aug/2018:09:08:22 -0480] "GET / HTTP/1.1" 200 1025
::1 - guest [29/Aug/2018:09:08:22 -0480] "GET /content/global.css HTTP/1.1" 200 771
::1 - guest [29/Aug/2018:09:08:22 -0480] "GET /script/global.js HTTP/1.1" 200 0
::1 - guest [29/Aug/2018:09:10:53 -0480] "GET / HTTP/1.1" 200 1025
::1 - guest [29/Aug/2018:09:10:53 -0480] "GET /content/global.css HTTP/1.1" 200 771
::1 - guest [29/Aug/2018:09:10:53 -0480] "GET /script/global.js HTTP/1.1" 200 0
::1 - guest [29/Aug/2018:09:11:35 -0480] "GET / HTTP/1.1" 200 1025
::1 - guest [29/Aug/2018:09:11:35 -0480] "GET /content/global.css HTTP/1.1" 200 930
::1 - guest [29/Aug/2018:09:11:35 -0480] "GET /script/global.js HTTP/1.1" 200 0
::1 - guest [29/Aug/2018:09:19:11 -0480] "GET / HTTP/1.1" 200 1081
::1 - guest [29/Aug/2018:09:19:12 -0480] "GET /content/global.css HTTP/1.1" 200 930
::1 - guest [29/Aug/2018:09:19:12 -0480] "GET /script/global.js HTTP/1.1" 200 0
::1 - guest [29/Aug/2018:09:19:44 -0480] "GET / HTTP/1.1" 200 1081
::1 - guest [29/Aug/2018:09:19:44 -0480] "GET /content/global.css HTTP/1.1" 200 1050
::1 - guest [29/Aug/2018:09:19:44 -0480] "GET /script/global.js HTTP/1.1" 200 0
::1 - guest [29/Aug/2018:09:19:46 -0480] "GET / HTTP/1.1" 200 1081
::1 - guest [29/Aug/2018:09:19:46 -0480] "GET /content/global.css HTTP/1.1" 200 1050
::1 - guest [29/Aug/2018:09:19:46 -0480] "GET /script/global.js HTTP/1.1" 200 0
::1 - guest [29/Aug/2018:09:25:10 -0480] "GET / HTTP/1.1" 200 1081
::1 - guest [29/Aug/2018:09:25:10 -0480] "GET /content/global.css HTTP/1.1" 200 1050
::1 - guest [29/Aug/2018:09:25:10 -0480] "GET /script/global.js HTTP/1.1" 200 0
::1 - guest [29/Aug/2018:09:25:20 -0480] "GET / HTTP/1.1" 200 1081
::1 - guest [29/Aug/2018:09:25:20 -0480] "GET /content/global.css HTTP/1.1" 200 1170
::1 - guest [29/Aug/2018:09:25:20 -0480] "GET /script/global.js HTTP/1.1" 200 0
::1 - guest [29/Aug/2018:09:26:17 -0480] "GET / HTTP/1.1" 200 1081
::1 - guest [29/Aug/2018:09:26:17 -0480] "GET /content/global.css HTTP/1.1" 200 1170
::1 - guest [29/Aug/2018:09:26:17 -0480] "GET /script/global.js HTTP/1.1" 200 0
::1 - guest [29/Aug/2018:09:41:51 -0480] "GET /robots.txt HTTP/1.1" 404 3458
::1 - guest [29/Aug/2018:09:41:51 -0480] "GET / HTTP/1.1" 200 787
::1 - guest [29/Aug/2018:09:41:51 -0480] "GET /content/global.css HTTP/1.1" 200 1170
::1 - guest [29/Aug/2018:09:41:51 -0480] "GET /script/global.js HTTP/1.1" 200 0
::1 - guest [29/Aug/2018:09:42:49 -0480] "GET / HTTP/1.1" 200 787
::1 - guest [29/Aug/2018:09:42:49 -0480] "GET /content/global.css HTTP/1.1" 200 1144
::1 - guest [29/Aug/2018:09:42:49 -0480] "GET /content/brands.css HTTP/1.1" 200 648
::1 - guest [29/Aug/2018:09:42:49 -0480] "GET /content/fontawesome.css HTTP/1.1" 200 45557
::1 - guest [29/Aug/2018:09:42:49 -0480] "GET /script/global.js HTTP/1.1" 200 0
::1 - guest [29/Aug/2018:09:44:02 -0480] "GET / HTTP/1.1" 200 787
::1 - guest [29/Aug/2018:09:44:02 -0480] "GET /content/global.css HTTP/1.1" 200 1144
::1 - guest [29/Aug/2018:09:44:02 -0480] "GET /content/brands.css HTTP/1.1" 200 648
::1 - guest [29/Aug/2018:09:44:02 -0480] "GET /content/fontawesome.css HTTP/1.1" 200 45557
::1 - guest [29/Aug/2018:09:44:02 -0480] "GET /script/global.js HTTP/1.1" 200 0
::1 - guest [29/Aug/2018:09:44:03 -0480] "GET /content/notosansscsliced.css HTTP/1.1" 200 251196
::1 - guest [29/Aug/2018:09:44:03 -0480] "GET /font/NotoSansSCSliced-Regular.86.woff2 HTTP/1.1" 200 70092
::1 - guest [29/Aug/2018:09:44:03 -0480] "GET /font/NotoSansSCSliced-Medium.100.woff2 HTTP/1.1" 200 636696
::1 - guest [29/Aug/2018:09:44:03 -0480] "GET /font/NotoSansSCSliced-Regular.100.woff2 HTTP/1.1" 200 631612
::1 - guest [29/Aug/2018:09:44:03 -0480] "GET /font/fa-brands-400.woff2 HTTP/1.1" 200 64144
::1 - guest [29/Aug/2018:09:44:03 -0480] "GET /font/NotoSansSCSliced-Medium.86.woff2 HTTP/1.1" 200 70576
::1 - guest [29/Aug/2018:09:44:16 -0480] "GET / HTTP/1.1" 200 787
::1 - guest [29/Aug/2018:09:44:18 -0480] "GET / HTTP/1.1" 200 787
::1 - guest [29/Aug/2018:09:44:19 -0480] "GET / HTTP/1.1" 200 787
::1 - guest [29/Aug/2018:09:44:45 -0480] "GET / HTTP/1.1" 200 787
::1 - guest [29/Aug/2018:09:44:48 -0480] "GET / HTTP/1.1" 200 787
::1 - guest [29/Aug/2018:09:44:49 -0480] "GET / HTTP/1.1" 200 787
::1 - guest [29/Aug/2018:09:44:49 -0480] "GET /content/global.css HTTP/1.1" 200 1144
::1 - guest [29/Aug/2018:09:44:49 -0480] "GET /content/brands.css HTTP/1.1" 200 648
::1 - guest [29/Aug/2018:09:44:49 -0480] "GET /content/fontawesome.css HTTP/1.1" 200 45557
::1 - guest [29/Aug/2018:09:44:49 -0480] "GET /script/global.js HTTP/1.1" 200 0
::1 - guest [29/Aug/2018:09:44:49 -0480] "GET /content/notosansscsliced.css HTTP/1.1" 200 251196
::1 - guest [29/Aug/2018:09:44:49 -0480] "GET /font/NotoSansSCSliced-Regular.86.woff2 HTTP/1.1" 200 70092
::1 - guest [29/Aug/2018:09:44:49 -0480] "GET /font/NotoSansSCSliced-Medium.100.woff2 HTTP/1.1" 200 636696
::1 - guest [29/Aug/2018:09:44:49 -0480] "GET /font/NotoSansSCSliced-Regular.100.woff2 HTTP/1.1" 200 631612
::1 - guest [29/Aug/2018:09:44:49 -0480] "GET /font/fa-brands-400.woff2 HTTP/1.1" 200 64144
::1 - guest [29/Aug/2018:09:44:49 -0480] "GET /font/NotoSansSCSliced-Medium.86.woff2 HTTP/1.1" 200 70576
::1 - guest [29/Aug/2018:09:44:56 -0480] "GET / HTTP/1.1" 200 787
::1 - guest [29/Aug/2018:09:44:56 -0480] "GET /content/global.css HTTP/1.1" 200 1167
::1 - guest [29/Aug/2018:09:44:56 -0480] "GET /content/brands.css HTTP/1.1" 200 648
::1 - guest [29/Aug/2018:09:44:56 -0480] "GET /content/fontawesome.css HTTP/1.1" 200 45557
::1 - guest [29/Aug/2018:09:44:56 -0480] "GET /script/global.js HTTP/1.1" 200 0
::1 - guest [29/Aug/2018:09:44:56 -0480] "GET /content/notosansscsliced.css HTTP/1.1" 200 251196
::1 - guest [29/Aug/2018:09:44:56 -0480] "GET /font/NotoSansSCSliced-Regular.86.woff2 HTTP/1.1" 200 70092
::1 - guest [29/Aug/2018:09:44:56 -0480] "GET /font/NotoSansSCSliced-Medium.100.woff2 HTTP/1.1" 200 636696
::1 - guest [29/Aug/2018:09:44:56 -0480] "GET /font/NotoSansSCSliced-Regular.100.woff2 HTTP/1.1" 200 631612
::1 - guest [29/Aug/2018:09:44:56 -0480] "GET /font/fa-brands-400.woff2 HTTP/1.1" 200 64144
::1 - guest [29/Aug/2018:09:44:56 -0480] "GET /font/NotoSansSCSliced-Medium.86.woff2 HTTP/1.1" 200 70576
::1 - guest [29/Aug/2018:09:46:27 -0480] "GET / HTTP/1.1" 200 787
::1 - guest [29/Aug/2018:09:46:27 -0480] "GET /content/global.css HTTP/1.1" 200 1167
::1 - guest [29/Aug/2018:09:46:27 -0480] "GET /content/brands.css HTTP/1.1" 200 648
::1 - guest [29/Aug/2018:09:46:27 -0480] "GET /content/fontawesome.css HTTP/1.1" 200 45557
::1 - guest [29/Aug/2018:09:46:27 -0480] "GET /script/global.js HTTP/1.1" 200 0
::1 - guest [29/Aug/2018:09:46:27 -0480] "GET /content/notosansscsliced.css HTTP/1.1" 200 251196
::1 - guest [29/Aug/2018:09:46:27 -0480] "GET /font/NotoSansSCSliced-Regular.86.woff2 HTTP/1.1" 200 70092
::1 - guest [29/Aug/2018:09:46:27 -0480] "GET /font/NotoSansSCSliced-Medium.100.woff2 HTTP/1.1" 200 636696
::1 - guest [29/Aug/2018:09:46:27 -0480] "GET /font/NotoSansSCSliced-Regular.100.woff2 HTTP/1.1" 200 631612
::1 - guest [29/Aug/2018:09:46:27 -0480] "GET /font/fa-brands-400.woff2 HTTP/1.1" 200 64144
::1 - guest [29/Aug/2018:09:46:27 -0480] "GET /font/NotoSansSCSliced-Medium.86.woff2 HTTP/1.1" 200 70576
::1 - guest [29/Aug/2018:09:46:28 -0480] "GET / HTTP/1.1" 200 787
::1 - guest [29/Aug/2018:09:46:28 -0480] "GET /content/global.css HTTP/1.1" 200 1167
::1 - guest [29/Aug/2018:09:46:28 -0480] "GET /content/brands.css HTTP/1.1" 200 648
::1 - guest [29/Aug/2018:09:46:28 -0480] "GET /content/fontawesome.css HTTP/1.1" 200 45557
::1 - guest [29/Aug/2018:09:46:28 -0480] "GET /script/global.js HTTP/1.1" 200 0
::1 - guest [29/Aug/2018:09:46:28 -0480] "GET /content/notosansscsliced.css HTTP/1.1" 200 251196
::1 - guest [29/Aug/2018:09:46:28 -0480] "GET /font/NotoSansSCSliced-Regular.86.woff2 HTTP/1.1" 200 70092
::1 - guest [29/Aug/2018:09:46:28 -0480] "GET /font/NotoSansSCSliced-Medium.100.woff2 HTTP/1.1" 200 636696
::1 - guest [29/Aug/2018:09:46:28 -0480] "GET /font/NotoSansSCSliced-Regular.100.woff2 HTTP/1.1" 200 631612
::1 - guest [29/Aug/2018:09:46:28 -0480] "GET /font/fa-brands-400.woff2 HTTP/1.1" 200 64144
::1 - guest [29/Aug/2018:09:46:28 -0480] "GET /font/NotoSansSCSliced-Medium.86.woff2 HTTP/1.1" 200 70576
::1 - guest [29/Aug/2018:09:46:30 -0480] "GET / HTTP/1.1" 200 787
::1 - guest [29/Aug/2018:09:46:30 -0480] "GET /content/global.css HTTP/1.1" 200 1167
::1 - guest [29/Aug/2018:09:46:30 -0480] "GET /content/brands.css HTTP/1.1" 200 648
::1 - guest [29/Aug/2018:09:46:30 -0480] "GET /content/fontawesome.css HTTP/1.1" 200 45557
::1 - guest [29/Aug/2018:09:46:30 -0480] "GET /script/global.js HTTP/1.1" 200 0
::1 - guest [29/Aug/2018:09:46:30 -0480] "GET /content/notosansscsliced.css HTTP/1.1" 200 251196
::1 - guest [29/Aug/2018:09:46:30 -0480] "GET /font/NotoSansSCSliced-Regular.86.woff2 HTTP/1.1" 200 70092
::1 - guest [29/Aug/2018:09:46:30 -0480] "GET /font/NotoSansSCSliced-Medium.100.woff2 HTTP/1.1" 200 636696
::1 - guest [29/Aug/2018:09:46:30 -0480] "GET /font/fa-brands-400.woff2 HTTP/1.1" 200 64144
::1 - guest [29/Aug/2018:09:46:30 -0480] "GET /font/NotoSansSCSliced-Regular.100.woff2 HTTP/1.1" 200 631612
::1 - guest [29/Aug/2018:09:46:30 -0480] "GET /font/NotoSansSCSliced-Medium.86.woff2 HTTP/1.1" 200 70576
::1 - guest [29/Aug/2018:09:46:31 -0480] "GET / HTTP/1.1" 200 787
::1 - guest [29/Aug/2018:09:46:31 -0480] "GET /content/global.css HTTP/1.1" 200 1167
::1 - guest [29/Aug/2018:09:46:31 -0480] "GET /content/brands.css HTTP/1.1" 200 648
::1 - guest [29/Aug/2018:09:46:31 -0480] "GET /content/fontawesome.css HTTP/1.1" 200 45557
::1 - guest [29/Aug/2018:09:46:31 -0480] "GET /script/global.js HTTP/1.1" 200 0
::1 - guest [29/Aug/2018:09:46:31 -0480] "GET /content/notosansscsliced.css HTTP/1.1" 200 251196
::1 - guest [29/Aug/2018:09:46:31 -0480] "GET /font/NotoSansSCSliced-Regular.86.woff2 HTTP/1.1" 200 70092
::1 - guest [29/Aug/2018:09:46:31 -0480] "GET /font/NotoSansSCSliced-Medium.100.woff2 HTTP/1.1" 200 636696
::1 - guest [29/Aug/2018:09:46:31 -0480] "GET /font/NotoSansSCSliced-Regular.100.woff2 HTTP/1.1" 200 631612
::1 - guest [29/Aug/2018:09:46:31 -0480] "GET /font/fa-brands-400.woff2 HTTP/1.1" 200 64144
::1 - guest [29/Aug/2018:09:46:31 -0480] "GET /font/NotoSansSCSliced-Medium.86.woff2 HTTP/1.1" 200 70576
::1 - guest [29/Aug/2018:09:46:31 -0480] "GET / HTTP/1.1" 200 787
::1 - guest [29/Aug/2018:09:46:31 -0480] "GET /content/global.css HTTP/1.1" 200 1167
::1 - guest [29/Aug/2018:09:46:31 -0480] "GET /content/brands.css HTTP/1.1" 200 648
::1 - guest [29/Aug/2018:09:46:31 -0480] "GET /content/fontawesome.css HTTP/1.1" 200 45557
::1 - guest [29/Aug/2018:09:46:31 -0480] "GET /script/global.js HTTP/1.1" 200 0
::1 - guest [29/Aug/2018:09:46:31 -0480] "GET /content/notosansscsliced.css HTTP/1.1" 200 251196
::1 - guest [29/Aug/2018:09:46:31 -0480] "GET /font/NotoSansSCSliced-Regular.86.woff2 HTTP/1.1" 200 70092
::1 - guest [29/Aug/2018:09:46:31 -0480] "GET /font/NotoSansSCSliced-Medium.100.woff2 HTTP/1.1" 200 636696
::1 - guest [29/Aug/2018:09:46:31 -0480] "GET /font/NotoSansSCSliced-Regular.100.woff2 HTTP/1.1" 200 631612
::1 - guest [29/Aug/2018:09:46:31 -0480] "GET /font/fa-brands-400.woff2 HTTP/1.1" 200 64144
::1 - guest [29/Aug/2018:09:46:31 -0480] "GET /font/NotoSansSCSliced-Medium.86.woff2 HTTP/1.1" 200 70576
::1 - guest [29/Aug/2018:09:46:32 -0480] "GET / HTTP/1.1" 200 787
::1 - guest [29/Aug/2018:09:46:32 -0480] "GET /content/global.css HTTP/1.1" 200 1167
::1 - guest [29/Aug/2018:09:46:32 -0480] "GET /content/brands.css HTTP/1.1" 200 648
::1 - guest [29/Aug/2018:09:46:32 -0480] "GET /content/fontawesome.css HTTP/1.1" 200 45557
::1 - guest [29/Aug/2018:09:46:32 -0480] "GET /script/global.js HTTP/1.1" 200 0
::1 - guest [29/Aug/2018:09:46:32 -0480] "GET /content/notosansscsliced.css HTTP/1.1" 200 251196
::1 - guest [29/Aug/2018:09:46:32 -0480] "GET /font/NotoSansSCSliced-Regular.86.woff2 HTTP/1.1" 200 70092
::1 - guest [29/Aug/2018:09:46:32 -0480] "GET /font/NotoSansSCSliced-Medium.100.woff2 HTTP/1.1" 200 636696
::1 - guest [29/Aug/2018:09:46:32 -0480] "GET /font/NotoSansSCSliced-Regular.100.woff2 HTTP/1.1" 200 631612
::1 - guest [29/Aug/2018:09:46:32 -0480] "GET /font/fa-brands-400.woff2 HTTP/1.1" 200 64144
::1 - guest [29/Aug/2018:09:46:32 -0480] "GET /font/NotoSansSCSliced-Medium.86.woff2 HTTP/1.1" 200 70576
::1 - guest [29/Aug/2018:09:46:33 -0480] "GET / HTTP/1.1" 200 787
::1 - guest [29/Aug/2018:09:46:33 -0480] "GET /content/global.css HTTP/1.1" 200 1167
::1 - guest [29/Aug/2018:09:46:33 -0480] "GET /content/brands.css HTTP/1.1" 200 648
::1 - guest [29/Aug/2018:09:46:33 -0480] "GET /content/fontawesome.css HTTP/1.1" 200 45557
::1 - guest [29/Aug/2018:09:46:33 -0480] "GET /script/global.js HTTP/1.1" 200 0
::1 - guest [29/Aug/2018:09:46:33 -0480] "GET /content/notosansscsliced.css HTTP/1.1" 200 251196
::1 - guest [29/Aug/2018:09:46:33 -0480] "GET /font/NotoSansSCSliced-Regular.86.woff2 HTTP/1.1" 200 70092
::1 - guest [29/Aug/2018:09:46:33 -0480] "GET /font/NotoSansSCSliced-Medium.100.woff2 HTTP/1.1" 200 636696
::1 - guest [29/Aug/2018:09:46:33 -0480] "GET /font/NotoSansSCSliced-Regular.100.woff2 HTTP/1.1" 200 631612
::1 - guest [29/Aug/2018:09:46:33 -0480] "GET /font/fa-brands-400.woff2 HTTP/1.1" 200 64144
::1 - guest [29/Aug/2018:09:46:33 -0480] "GET /font/NotoSansSCSliced-Medium.86.woff2 HTTP/1.1" 200 70576
::1 - guest [29/Aug/2018:09:46:33 -0480] "GET / HTTP/1.1" 200 787
::1 - guest [29/Aug/2018:09:46:33 -0480] "GET /content/global.css HTTP/1.1" 200 1167
::1 - guest [29/Aug/2018:09:46:33 -0480] "GET /content/brands.css HTTP/1.1" 200 648
::1 - guest [29/Aug/2018:09:46:33 -0480] "GET /content/fontawesome.css HTTP/1.1" 200 45557
::1 - guest [29/Aug/2018:09:46:33 -0480] "GET /script/global.js HTTP/1.1" 200 0
::1 - guest [29/Aug/2018:09:46:33 -0480] "GET /content/notosansscsliced.css HTTP/1.1" 200 251196
::1 - guest [29/Aug/2018:09:46:34 -0480] "GET /font/NotoSansSCSliced-Regular.86.woff2 HTTP/1.1" 200 70092
::1 - guest [29/Aug/2018:09:46:34 -0480] "GET /font/NotoSansSCSliced-Medium.100.woff2 HTTP/1.1" 200 636696
::1 - guest [29/Aug/2018:09:46:34 -0480] "GET /font/NotoSansSCSliced-Regular.100.woff2 HTTP/1.1" 200 631612
::1 - guest [29/Aug/2018:09:46:34 -0480] "GET /font/fa-brands-400.woff2 HTTP/1.1" 200 64144
::1 - guest [29/Aug/2018:09:46:34 -0480] "GET /font/NotoSansSCSliced-Medium.86.woff2 HTTP/1.1" 200 70576
::1 - guest [29/Aug/2018:09:46:51 -0480] "GET / HTTP/1.1" 200 787
::1 - guest [29/Aug/2018:09:46:51 -0480] "GET /content/global.css HTTP/1.1" 200 1167
::1 - guest [29/Aug/2018:09:46:51 -0480] "GET /content/brands.css HTTP/1.1" 200 648
::1 - guest [29/Aug/2018:09:46:51 -0480] "GET /content/fontawesome.css HTTP/1.1" 200 45557
::1 - guest [29/Aug/2018:09:46:51 -0480] "GET /script/global.js HTTP/1.1" 200 0
::1 - guest [29/Aug/2018:09:46:51 -0480] "GET /content/notosansscsliced.css HTTP/1.1" 200 251196
::1 - guest [29/Aug/2018:09:46:51 -0480] "GET /font/NotoSansSCSliced-Regular.86.woff2 HTTP/1.1" 200 70092
::1 - guest [29/Aug/2018:09:46:51 -0480] "GET /font/NotoSansSCSliced-Medium.100.woff2 HTTP/1.1" 200 636696
::1 - guest [29/Aug/2018:09:46:51 -0480] "GET /font/NotoSansSCSliced-Regular.100.woff2 HTTP/1.1" 200 631612
::1 - guest [29/Aug/2018:09:46:51 -0480] "GET /font/fa-brands-400.woff2 HTTP/1.1" 200 64144
::1 - guest [29/Aug/2018:09:46:51 -0480] "GET /font/NotoSansSCSliced-Medium.86.woff2 HTTP/1.1" 200 70576
::1 - guest [29/Aug/2018:09:47:01 -0480] "GET / HTTP/1.1" 200 787
::1 - guest [29/Aug/2018:09:47:01 -0480] "GET /content/global.css HTTP/1.1" 200 1167
::1 - guest [29/Aug/2018:09:47:01 -0480] "GET /content/brands.css HTTP/1.1" 200 648
::1 - guest [29/Aug/2018:09:47:01 -0480] "GET /content/fontawesome.css HTTP/1.1" 200 45557
::1 - guest [29/Aug/2018:09:47:01 -0480] "GET /script/global.js HTTP/1.1" 200 0
::1 - guest [29/Aug/2018:09:47:01 -0480] "GET /content/notosansscsliced.css HTTP/1.1" 200 251196
::1 - guest [29/Aug/2018:09:47:01 -0480] "GET /font/NotoSansSCSliced-Regular.86.woff2 HTTP/1.1" 200 70092
::1 - guest [29/Aug/2018:09:47:01 -0480] "GET /font/NotoSansSCSliced-Medium.100.woff2 HTTP/1.1" 200 636696
::1 - guest [29/Aug/2018:09:47:01 -0480] "GET /font/NotoSansSCSliced-Regular.100.woff2 HTTP/1.1" 200 631612
::1 - guest [29/Aug/2018:09:47:01 -0480] "GET /font/fa-brands-400.woff2 HTTP/1.1" 200 64144
::1 - guest [29/Aug/2018:09:47:01 -0480] "GET /font/NotoSansSCSliced-Medium.86.woff2 HTTP/1.1" 200 70576
::1 - guest [29/Aug/2018:09:47:02 -0480] "GET / HTTP/1.1" 200 787
::1 - guest [29/Aug/2018:09:47:02 -0480] "GET /content/global.css HTTP/1.1" 200 1167
::1 - guest [29/Aug/2018:09:47:02 -0480] "GET /content/brands.css HTTP/1.1" 200 648
::1 - guest [29/Aug/2018:09:47:02 -0480] "GET /content/fontawesome.css HTTP/1.1" 200 45557
::1 - guest [29/Aug/2018:09:47:02 -0480] "GET /script/global.js HTTP/1.1" 200 0
::1 - guest [29/Aug/2018:09:47:02 -0480] "GET /content/notosansscsliced.css HTTP/1.1" 200 251196
::1 - guest [29/Aug/2018:09:47:02 -0480] "GET / HTTP/1.1" 200 787
::1 - guest [29/Aug/2018:09:47:02 -0480] "GET /font/NotoSansSCSliced-Regular.86.woff2 HTTP/1.1" 200 70092
::1 - guest [29/Aug/2018:09:47:02 -0480] "GET /font/NotoSansSCSliced-Medium.100.woff2 HTTP/1.1" 200 636696
::1 - guest [29/Aug/2018:09:47:02 -0480] "GET /font/NotoSansSCSliced-Regular.100.woff2 HTTP/1.1" 200 631612
::1 - guest [29/Aug/2018:09:47:02 -0480] "GET /font/fa-brands-400.woff2 HTTP/1.1" 200 64144
::1 - guest [29/Aug/2018:09:47:02 -0480] "GET /font/NotoSansSCSliced-Medium.86.woff2 HTTP/1.1" 200 70576
::1 - guest [29/Aug/2018:09:47:02 -0480] "GET /content/global.css HTTP/1.1" 200 1167
::1 - guest [29/Aug/2018:09:47:02 -0480] "GET /content/brands.css HTTP/1.1" 200 648
::1 - guest [29/Aug/2018:09:47:02 -0480] "GET /content/fontawesome.css HTTP/1.1" 200 45557
::1 - guest [29/Aug/2018:09:47:02 -0480] "GET /script/global.js HTTP/1.1" 200 0
::1 - guest [29/Aug/2018:09:47:02 -0480] "GET /content/notosansscsliced.css HTTP/1.1" 200 251196
::1 - guest [29/Aug/2018:09:47:02 -0480] "GET / HTTP/1.1" 200 787
::1 - guest [29/Aug/2018:09:47:02 -0480] "GET /font/NotoSansSCSliced-Regular.86.woff2 HTTP/1.1" 200 70092
::1 - guest [29/Aug/2018:09:47:02 -0480] "GET /content/global.css HTTP/1.1" 200 1167
::1 - guest [29/Aug/2018:09:47:02 -0480] "GET /content/brands.css HTTP/1.1" 200 648
::1 - guest [29/Aug/2018:09:47:02 -0480] "GET /content/fontawesome.css HTTP/1.1" 200 45557
::1 - guest [29/Aug/2018:09:47:02 -0480] "GET /script/global.js HTTP/1.1" 200 0
::1 - guest [29/Aug/2018:09:47:03 -0480] "GET /content/notosansscsliced.css HTTP/1.1" 200 251196
::1 - guest [29/Aug/2018:09:47:03 -0480] "GET / HTTP/1.1" 200 787
::1 - guest [29/Aug/2018:09:47:03 -0480] "GET /content/global.css HTTP/1.1" 200 1167
::1 - guest [29/Aug/2018:09:47:03 -0480] "GET /content/brands.css HTTP/1.1" 200 648
::1 - guest [29/Aug/2018:09:47:03 -0480] "GET /content/fontawesome.css HTTP/1.1" 200 45557
::1 - guest [29/Aug/2018:09:47:03 -0480] "GET /script/global.js HTTP/1.1" 200 0
::1 - guest [29/Aug/2018:09:47:03 -0480] "GET /content/notosansscsliced.css HTTP/1.1" 200 251196
::1 - guest [29/Aug/2018:09:47:03 -0480] "GET / HTTP/1.1" 200 787
::1 - guest [29/Aug/2018:09:47:03 -0480] "GET /font/NotoSansSCSliced-Regular.86.woff2 HTTP/1.1" 200 70092
::1 - guest [29/Aug/2018:09:47:03 -0480] "GET /font/NotoSansSCSliced-Medium.100.woff2 HTTP/1.1" 200 636696
::1 - guest [29/Aug/2018:09:47:03 -0480] "GET /content/global.css HTTP/1.1" 200 1167
::1 - guest [29/Aug/2018:09:47:03 -0480] "GET /content/brands.css HTTP/1.1" 200 648
::1 - guest [29/Aug/2018:09:47:03 -0480] "GET /content/fontawesome.css HTTP/1.1" 200 45557
::1 - guest [29/Aug/2018:09:47:03 -0480] "GET /script/global.js HTTP/1.1" 200 0
::1 - guest [29/Aug/2018:09:47:03 -0480] "GET /content/notosansscsliced.css HTTP/1.1" 200 251196
::1 - guest [29/Aug/2018:09:47:03 -0480] "GET /font/NotoSansSCSliced-Regular.86.woff2 HTTP/1.1" 200 70092
::1 - guest [29/Aug/2018:09:47:03 -0480] "GET /font/NotoSansSCSliced-Medium.100.woff2 HTTP/1.1" 200 636696
::1 - guest [29/Aug/2018:09:47:03 -0480] "GET /font/NotoSansSCSliced-Regular.100.woff2 HTTP/1.1" 200 631612
::1 - guest [29/Aug/2018:09:47:03 -0480] "GET /font/fa-brands-400.woff2 HTTP/1.1" 200 64144
::1 - guest [29/Aug/2018:09:47:03 -0480] "GET /font/NotoSansSCSliced-Medium.86.woff2 HTTP/1.1" 200 70576
::1 - guest [29/Aug/2018:09:47:44 -0480] "GET /robots.txt HTTP/1.1" 404 3458
::1 - guest [29/Aug/2018:09:47:44 -0480] "GET / HTTP/1.1" 200 787
::1 - guest [29/Aug/2018:09:47:45 -0480] "GET /content/global.css HTTP/1.1" 200 1167
::1 - guest [29/Aug/2018:09:47:45 -0480] "GET /content/brands.css HTTP/1.1" 200 648
::1 - guest [29/Aug/2018:09:47:45 -0480] "GET /content/fontawesome.css HTTP/1.1" 200 45557
::1 - guest [29/Aug/2018:09:47:45 -0480] "GET /script/global.js HTTP/1.1" 200 0
::1 - guest [29/Aug/2018:09:47:45 -0480] "GET /content/notosansscsliced.css HTTP/1.1" 200 251196
::1 - guest [29/Aug/2018:09:47:45 -0480] "GET /font/NotoSansSCSliced-Regular.86.woff2 HTTP/1.1" 200 70092
::1 - guest [29/Aug/2018:09:47:45 -0480] "GET /font/NotoSansSCSliced-Medium.100.woff2 HTTP/1.1" 200 636696
::1 - guest [29/Aug/2018:09:47:45 -0480] "GET /font/NotoSansSCSliced-Regular.100.woff2 HTTP/1.1" 200 631612
::1 - guest [29/Aug/2018:09:47:45 -0480] "GET /font/fa-brands-400.woff2 HTTP/1.1" 200 64144
::1 - guest [29/Aug/2018:09:47:45 -0480] "GET /font/NotoSansSCSliced-Medium.86.woff2 HTTP/1.1" 200 70576
::1 - guest [29/Aug/2018:09:47:46 -0480] "GET / HTTP/1.1" 200 787
::1 - guest [29/Aug/2018:09:47:46 -0480] "GET /content/global.css HTTP/1.1" 200 1259
::1 - guest [29/Aug/2018:09:47:46 -0480] "GET /content/brands.css HTTP/1.1" 200 648
::1 - guest [29/Aug/2018:09:47:46 -0480] "GET /content/fontawesome.css HTTP/1.1" 200 45557
::1 - guest [29/Aug/2018:09:47:46 -0480] "GET /script/global.js HTTP/1.1" 200 0
::1 - guest [29/Aug/2018:09:47:46 -0480] "GET /content/notosansscsliced.css HTTP/1.1" 200 251196
::1 - guest [29/Aug/2018:09:47:46 -0480] "GET /font/NotoSansSCSliced-Regular.86.woff2 HTTP/1.1" 200 70092
::1 - guest [29/Aug/2018:09:47:46 -0480] "GET /font/NotoSansSCSliced-Medium.100.woff2 HTTP/1.1" 200 636696
::1 - guest [29/Aug/2018:09:47:46 -0480] "GET /font/NotoSansSCSliced-Regular.100.woff2 HTTP/1.1" 200 631612
::1 - guest [29/Aug/2018:09:47:46 -0480] "GET /font/fa-brands-400.woff2 HTTP/1.1" 200 64144
::1 - guest [29/Aug/2018:09:47:46 -0480] "GET /font/NotoSansSCSliced-Medium.86.woff2 HTTP/1.1" 200 70576
::1 - guest [29/Aug/2018:09:50:18 -0480] "GET / HTTP/1.1" 200 787
::1 - guest [29/Aug/2018:09:50:19 -0480] "GET /content/global.css HTTP/1.1" 200 1259
::1 - guest [29/Aug/2018:09:50:19 -0480] "GET /content/brands.css HTTP/1.1" 200 648
::1 - guest [29/Aug/2018:09:50:19 -0480] "GET /content/fontawesome.css HTTP/1.1" 200 45557
::1 - guest [29/Aug/2018:09:50:19 -0480] "GET /script/global.js HTTP/1.1" 200 0
::1 - guest [29/Aug/2018:09:50:19 -0480] "GET /content/notosansscsliced.css HTTP/1.1" 200 251196
::1 - guest [29/Aug/2018:09:50:19 -0480] "GET /font/NotoSansSCSliced-Regular.86.woff2 HTTP/1.1" 200 70092
::1 - guest [29/Aug/2018:09:50:19 -0480] "GET /font/NotoSansSCSliced-Medium.100.woff2 HTTP/1.1" 200 636696
::1 - guest [29/Aug/2018:09:50:19 -0480] "GET /font/NotoSansSCSliced-Regular.100.woff2 HTTP/1.1" 200 631612
::1 - guest [29/Aug/2018:09:50:19 -0480] "GET /font/fa-brands-400.woff2 HTTP/1.1" 200 64144
::1 - guest [29/Aug/2018:09:50:19 -0480] "GET /font/NotoSansSCSliced-Medium.86.woff2 HTTP/1.1" 200 70576
::1 - guest [29/Aug/2018:09:50:20 -0480] "GET / HTTP/1.1" 200 787
::1 - guest [29/Aug/2018:09:50:20 -0480] "GET /content/global.css HTTP/1.1" 200 1364
::1 - guest [29/Aug/2018:09:50:20 -0480] "GET /content/brands.css HTTP/1.1" 200 648
::1 - guest [29/Aug/2018:09:50:20 -0480] "GET /content/fontawesome.css HTTP/1.1" 200 45557
::1 - guest [29/Aug/2018:09:50:20 -0480] "GET /script/global.js HTTP/1.1" 200 0
::1 - guest [29/Aug/2018:09:50:20 -0480] "GET /content/notosansscsliced.css HTTP/1.1" 200 251196
::1 - guest [29/Aug/2018:09:50:21 -0480] "GET /font/NotoSansSCSliced-Medium.100.woff2 HTTP/1.1" 200 636696
::1 - guest [29/Aug/2018:09:50:21 -0480] "GET /font/NotoSansSCSliced-Regular.100.woff2 HTTP/1.1" 200 631612
::1 - guest [29/Aug/2018:09:50:21 -0480] "GET /font/fa-brands-400.woff2 HTTP/1.1" 200 64144
::1 - guest [29/Aug/2018:09:50:21 -0480] "GET /font/NotoSansSCSliced-Medium.86.woff2 HTTP/1.1" 200 70576
::1 - guest [29/Aug/2018:09:50:21 -0480] "GET /font/NotoSansSCSliced-Regular.86.woff2 HTTP/1.1" 200 70092
::1 - guest [29/Aug/2018:09:50:21 -0480] "GET / HTTP/1.1" 200 787
::1 - guest [29/Aug/2018:09:50:21 -0480] "GET /content/global.css HTTP/1.1" 200 1364
::1 - guest [29/Aug/2018:09:50:21 -0480] "GET /content/brands.css HTTP/1.1" 200 648
::1 - guest [29/Aug/2018:09:50:21 -0480] "GET /content/fontawesome.css HTTP/1.1" 200 45557
::1 - guest [29/Aug/2018:09:50:21 -0480] "GET /script/global.js HTTP/1.1" 200 0
::1 - guest [29/Aug/2018:09:50:21 -0480] "GET /content/notosansscsliced.css HTTP/1.1" 200 251196
::1 - guest [29/Aug/2018:09:50:21 -0480] "GET /font/NotoSansSCSliced-Medium.100.woff2 HTTP/1.1" 200 636696
::1 - guest [29/Aug/2018:09:50:21 -0480] "GET /font/NotoSansSCSliced-Regular.100.woff2 HTTP/1.1" 200 631612
::1 - guest [29/Aug/2018:09:50:21 -0480] "GET /font/fa-brands-400.woff2 HTTP/1.1" 200 64144
::1 - guest [29/Aug/2018:09:50:21 -0480] "GET /font/NotoSansSCSliced-Medium.86.woff2 HTTP/1.1" 200 70576
::1 - guest [29/Aug/2018:09:50:21 -0480] "GET /font/NotoSansSCSliced-Regular.86.woff2 HTTP/1.1" 200 70092
::1 - guest [29/Aug/2018:09:55:22 -0480] "GET / HTTP/1.1" 200 787
::1 - guest [29/Aug/2018:09:55:22 -0480] "GET /content/global.css HTTP/1.1" 200 1364
::1 - guest [29/Aug/2018:09:55:22 -0480] "GET /content/brands.css HTTP/1.1" 200 648
::1 - guest [29/Aug/2018:09:55:22 -0480] "GET /content/fontawesome.css HTTP/1.1" 200 45557
::1 - guest [29/Aug/2018:09:55:22 -0480] "GET /script/global.js HTTP/1.1" 200 0
::1 - guest [29/Aug/2018:09:55:22 -0480] "GET /content/notosansscsliced.css HTTP/1.1" 200 251196
::1 - guest [29/Aug/2018:09:55:22 -0480] "GET /font/NotoSansSCSliced-Medium.100.woff2 HTTP/1.1" 200 636696
::1 - guest [29/Aug/2018:09:55:22 -0480] "GET /font/NotoSansSCSliced-Regular.100.woff2 HTTP/1.1" 200 631612
::1 - guest [29/Aug/2018:09:55:22 -0480] "GET /font/fa-brands-400.woff2 HTTP/1.1" 200 64144
::1 - guest [29/Aug/2018:09:55:22 -0480] "GET /font/NotoSansSCSliced-Medium.86.woff2 HTTP/1.1" 200 70576
::1 - guest [29/Aug/2018:09:55:22 -0480] "GET /font/NotoSansSCSliced-Regular.86.woff2 HTTP/1.1" 200 70092
::1 - guest [29/Aug/2018:09:55:24 -0480] "GET / HTTP/1.1" 200 787
::1 - guest [29/Aug/2018:09:55:24 -0480] "GET /content/global.css HTTP/1.1" 200 1339
::1 - guest [29/Aug/2018:09:55:24 -0480] "GET /content/brands.css HTTP/1.1" 200 648
::1 - guest [29/Aug/2018:09:55:24 -0480] "GET /content/fontawesome.css HTTP/1.1" 200 45557
::1 - guest [29/Aug/2018:09:55:24 -0480] "GET /script/global.js HTTP/1.1" 200 0
::1 - guest [29/Aug/2018:09:55:24 -0480] "GET /content/notosansscsliced.css HTTP/1.1" 200 251196
::1 - guest [29/Aug/2018:09:55:24 -0480] "GET /font/NotoSansSCSliced-Regular.86.woff2 HTTP/1.1" 200 70092
::1 - guest [29/Aug/2018:09:55:24 -0480] "GET /font/NotoSansSCSliced-Medium.100.woff2 HTTP/1.1" 200 636696
::1 - guest [29/Aug/2018:09:55:24 -0480] "GET /font/NotoSansSCSliced-Regular.100.woff2 HTTP/1.1" 200 631612
::1 - guest [29/Aug/2018:09:55:24 -0480] "GET /font/fa-brands-400.woff2 HTTP/1.1" 200 64144
::1 - guest [29/Aug/2018:09:55:24 -0480] "GET /font/NotoSansSCSliced-Medium.86.woff2 HTTP/1.1" 200 70576
::1 - guest [29/Aug/2018:09:55:45 -0480] "GET / HTTP/1.1" 200 787
::1 - guest [29/Aug/2018:09:55:45 -0480] "GET /content/global.css HTTP/1.1" 200 1339
::1 - guest [29/Aug/2018:09:55:45 -0480] "GET /content/brands.css HTTP/1.1" 200 648
::1 - guest [29/Aug/2018:09:55:45 -0480] "GET /content/fontawesome.css HTTP/1.1" 200 45557
::1 - guest [29/Aug/2018:09:55:45 -0480] "GET /script/global.js HTTP/1.1" 200 0
::1 - guest [29/Aug/2018:09:55:45 -0480] "GET /content/notosansscsliced.css HTTP/1.1" 200 251196
::1 - guest [29/Aug/2018:09:55:45 -0480] "GET /font/NotoSansSCSliced-Regular.86.woff2 HTTP/1.1" 200 70092
::1 - guest [29/Aug/2018:09:55:45 -0480] "GET /font/NotoSansSCSliced-Medium.100.woff2 HTTP/1.1" 200 636696
::1 - guest [29/Aug/2018:09:55:45 -0480] "GET /font/NotoSansSCSliced-Regular.100.woff2 HTTP/1.1" 200 631612
::1 - guest [29/Aug/2018:09:55:45 -0480] "GET /font/fa-brands-400.woff2 HTTP/1.1" 200 64144
::1 - guest [29/Aug/2018:09:55:45 -0480] "GET /font/NotoSansSCSliced-Medium.86.woff2 HTTP/1.1" 200 70576
::1 - guest [29/Aug/2018:09:55:47 -0480] "GET / HTTP/1.1" 200 787
::1 - guest [29/Aug/2018:09:55:47 -0480] "GET /content/global.css HTTP/1.1" 200 1310
::1 - guest [29/Aug/2018:09:55:47 -0480] "GET /content/brands.css HTTP/1.1" 200 648
::1 - guest [29/Aug/2018:09:55:47 -0480] "GET /content/fontawesome.css HTTP/1.1" 200 45557
::1 - guest [29/Aug/2018:09:55:47 -0480] "GET /script/global.js HTTP/1.1" 200 0
::1 - guest [29/Aug/2018:09:55:47 -0480] "GET /content/notosansscsliced.css HTTP/1.1" 200 251196
::1 - guest [29/Aug/2018:09:55:47 -0480] "GET /font/NotoSansSCSliced-Regular.86.woff2 HTTP/1.1" 200 70092
::1 - guest [29/Aug/2018:09:55:47 -0480] "GET /font/NotoSansSCSliced-Medium.100.woff2 HTTP/1.1" 200 636696
::1 - guest [29/Aug/2018:09:55:47 -0480] "GET /font/NotoSansSCSliced-Regular.100.woff2 HTTP/1.1" 200 631612
::1 - guest [29/Aug/2018:09:55:47 -0480] "GET /font/fa-brands-400.woff2 HTTP/1.1" 200 64144
::1 - guest [29/Aug/2018:09:55:47 -0480] "GET /font/NotoSansSCSliced-Medium.86.woff2 HTTP/1.1" 200 70576
::1 - guest [29/Aug/2018:09:55:48 -0480] "GET / HTTP/1.1" 200 787
::1 - guest [29/Aug/2018:09:55:48 -0480] "GET /content/global.css HTTP/1.1" 200 1310
::1 - guest [29/Aug/2018:09:55:48 -0480] "GET /content/brands.css HTTP/1.1" 200 648
::1 - guest [29/Aug/2018:09:55:48 -0480] "GET /content/fontawesome.css HTTP/1.1" 200 45557
::1 - guest [29/Aug/2018:09:55:48 -0480] "GET /script/global.js HTTP/1.1" 200 0
::1 - guest [29/Aug/2018:09:55:48 -0480] "GET /content/notosansscsliced.css HTTP/1.1" 200 251196
::1 - guest [29/Aug/2018:09:55:48 -0480] "GET /font/NotoSansSCSliced-Regular.86.woff2 HTTP/1.1" 200 70092
::1 - guest [29/Aug/2018:09:55:48 -0480] "GET /font/NotoSansSCSliced-Medium.100.woff2 HTTP/1.1" 200 636696
::1 - guest [29/Aug/2018:09:55:48 -0480] "GET /font/NotoSansSCSliced-Regular.100.woff2 HTTP/1.1" 200 631612
::1 - guest [29/Aug/2018:09:55:48 -0480] "GET /font/fa-brands-400.woff2 HTTP/1.1" 200 64144
::1 - guest [29/Aug/2018:09:55:48 -0480] "GET /font/NotoSansSCSliced-Medium.86.woff2 HTTP/1.1" 200 70576
::1 - guest [29/Aug/2018:09:56:35 -0480] "GET / HTTP/1.1" 200 787
::1 - guest [29/Aug/2018:09:56:35 -0480] "GET /content/global.css HTTP/1.1" 200 1310
::1 - guest [29/Aug/2018:09:56:35 -0480] "GET /content/brands.css HTTP/1.1" 200 648
::1 - guest [29/Aug/2018:09:56:35 -0480] "GET /content/fontawesome.css HTTP/1.1" 200 45557
::1 - guest [29/Aug/2018:09:56:35 -0480] "GET /script/global.js HTTP/1.1" 200 0
::1 - guest [29/Aug/2018:09:56:35 -0480] "GET /content/notosansscsliced.css HTTP/1.1" 200 251196
::1 - guest [29/Aug/2018:09:56:35 -0480] "GET /font/NotoSansSCSliced-Regular.86.woff2 HTTP/1.1" 200 70092
::1 - guest [29/Aug/2018:09:56:35 -0480] "GET /font/NotoSansSCSliced-Medium.100.woff2 HTTP/1.1" 200 636696
::1 - guest [29/Aug/2018:09:56:35 -0480] "GET /font/NotoSansSCSliced-Regular.100.woff2 HTTP/1.1" 200 631612
::1 - guest [29/Aug/2018:09:56:35 -0480] "GET /font/fa-brands-400.woff2 HTTP/1.1" 200 64144
::1 - guest [29/Aug/2018:09:56:35 -0480] "GET /font/NotoSansSCSliced-Medium.86.woff2 HTTP/1.1" 200 70576
::1 - guest [29/Aug/2018:09:56:35 -0480] "GET / HTTP/1.1" 200 787
::1 - guest [29/Aug/2018:09:56:36 -0480] "GET /content/global.css HTTP/1.1" 200 1270
::1 - guest [29/Aug/2018:09:56:36 -0480] "GET /content/brands.css HTTP/1.1" 200 648
::1 - guest [29/Aug/2018:09:56:36 -0480] "GET /content/fontawesome.css HTTP/1.1" 200 45557
::1 - guest [29/Aug/2018:09:56:36 -0480] "GET /script/global.js HTTP/1.1" 200 0
::1 - guest [29/Aug/2018:09:56:36 -0480] "GET /content/notosansscsliced.css HTTP/1.1" 200 251196
::1 - guest [29/Aug/2018:09:56:36 -0480] "GET / HTTP/1.1" 200 787
::1 - guest [29/Aug/2018:09:56:36 -0480] "GET /font/NotoSansSCSliced-Regular.86.woff2 HTTP/1.1" 200 70092
::1 - guest [29/Aug/2018:09:56:36 -0480] "GET / HTTP/1.1" 200 787
::1 - guest [29/Aug/2018:09:56:36 -0480] "GET /content/global.css HTTP/1.1" 200 1270
::1 - guest [29/Aug/2018:09:56:36 -0480] "GET /content/brands.css HTTP/1.1" 200 648
::1 - guest [29/Aug/2018:09:56:36 -0480] "GET /content/fontawesome.css HTTP/1.1" 200 45557
::1 - guest [29/Aug/2018:09:56:36 -0480] "GET /script/global.js HTTP/1.1" 200 0
::1 - guest [29/Aug/2018:09:56:36 -0480] "GET /content/notosansscsliced.css HTTP/1.1" 200 251196
::1 - guest [29/Aug/2018:09:56:36 -0480] "GET /font/NotoSansSCSliced-Regular.86.woff2 HTTP/1.1" 200 70092
::1 - guest [29/Aug/2018:09:56:36 -0480] "GET /font/NotoSansSCSliced-Medium.100.woff2 HTTP/1.1" 200 636696
::1 - guest [29/Aug/2018:09:56:36 -0480] "GET /font/NotoSansSCSliced-Regular.100.woff2 HTTP/1.1" 200 631612
::1 - guest [29/Aug/2018:09:56:36 -0480] "GET /font/fa-brands-400.woff2 HTTP/1.1" 200 64144
::1 - guest [29/Aug/2018:09:56:37 -0480] "GET / HTTP/1.1" 200 787
::1 - guest [29/Aug/2018:09:56:37 -0480] "GET /content/global.css HTTP/1.1" 200 1270
::1 - guest [29/Aug/2018:09:56:37 -0480] "GET /content/brands.css HTTP/1.1" 200 648
::1 - guest [29/Aug/2018:09:56:37 -0480] "GET /content/fontawesome.css HTTP/1.1" 200 45557
::1 - guest [29/Aug/2018:09:56:37 -0480] "GET /script/global.js HTTP/1.1" 200 0
::1 - guest [29/Aug/2018:09:56:37 -0480] "GET /content/notosansscsliced.css HTTP/1.1" 200 251196
::1 - guest [29/Aug/2018:09:56:37 -0480] "GET / HTTP/1.1" 200 787
::1 - guest [29/Aug/2018:09:56:37 -0480] "GET /content/global.css HTTP/1.1" 200 1270
::1 - guest [29/Aug/2018:09:56:37 -0480] "GET /content/brands.css HTTP/1.1" 200 648
::1 - guest [29/Aug/2018:09:56:37 -0480] "GET /content/fontawesome.css HTTP/1.1" 200 45557
::1 - guest [29/Aug/2018:09:56:37 -0480] "GET /script/global.js HTTP/1.1" 200 0
::1 - guest [29/Aug/2018:09:56:37 -0480] "GET /content/notosansscsliced.css HTTP/1.1" 200 251196
::1 - guest [29/Aug/2018:09:56:37 -0480] "GET / HTTP/1.1" 200 787
::1 - guest [29/Aug/2018:09:56:37 -0480] "GET /font/NotoSansSCSliced-Regular.86.woff2 HTTP/1.1" 200 70092
::1 - guest [29/Aug/2018:09:56:37 -0480] "GET /content/global.css HTTP/1.1" 200 1270
::1 - guest [29/Aug/2018:09:56:37 -0480] "GET /content/brands.css HTTP/1.1" 200 648
::1 - guest [29/Aug/2018:09:56:37 -0480] "GET /content/fontawesome.css HTTP/1.1" 200 45557
::1 - guest [29/Aug/2018:09:56:37 -0480] "GET /script/global.js HTTP/1.1" 200 0
::1 - guest [29/Aug/2018:09:56:37 -0480] "GET /content/notosansscsliced.css HTTP/1.1" 200 251196
::1 - guest [29/Aug/2018:09:56:37 -0480] "GET /font/NotoSansSCSliced-Regular.86.woff2 HTTP/1.1" 200 70092
::1 - guest [29/Aug/2018:09:56:37 -0480] "GET /font/NotoSansSCSliced-Medium.100.woff2 HTTP/1.1" 200 636696
::1 - guest [29/Aug/2018:09:56:37 -0480] "GET /font/NotoSansSCSliced-Regular.100.woff2 HTTP/1.1" 200 631612
::1 - guest [29/Aug/2018:09:56:37 -0480] "GET /font/fa-brands-400.woff2 HTTP/1.1" 200 64144
::1 - guest [29/Aug/2018:09:57:29 -0480] "GET / HTTP/1.1" 200 787
::1 - guest [29/Aug/2018:09:57:29 -0480] "GET /content/global.css HTTP/1.1" 200 1270
::1 - guest [29/Aug/2018:09:57:29 -0480] "GET /content/brands.css HTTP/1.1" 200 648
::1 - guest [29/Aug/2018:09:57:29 -0480] "GET /content/fontawesome.css HTTP/1.1" 200 45557
::1 - guest [29/Aug/2018:09:57:29 -0480] "GET /script/global.js HTTP/1.1" 200 0
::1 - guest [29/Aug/2018:09:57:29 -0480] "GET /content/notosansscsliced.css HTTP/1.1" 200 251196
::1 - guest [29/Aug/2018:09:57:29 -0480] "GET /font/NotoSansSCSliced-Regular.86.woff2 HTTP/1.1" 200 70092
::1 - guest [29/Aug/2018:09:57:29 -0480] "GET /font/NotoSansSCSliced-Medium.100.woff2 HTTP/1.1" 200 636696
::1 - guest [29/Aug/2018:09:57:29 -0480] "GET /font/NotoSansSCSliced-Regular.100.woff2 HTTP/1.1" 200 631612
::1 - guest [29/Aug/2018:09:57:29 -0480] "GET /font/fa-brands-400.woff2 HTTP/1.1" 200 64144
::1 - guest [29/Aug/2018:09:57:29 -0480] "GET / HTTP/1.1" 200 787
::1 - guest [29/Aug/2018:09:57:29 -0480] "GET /content/brands.css HTTP/1.1" 200 648
::1 - guest [29/Aug/2018:09:57:29 -0480] "GET /content/global.css HTTP/1.1" 200 1297
::1 - guest [29/Aug/2018:09:57:29 -0480] "GET /content/fontawesome.css HTTP/1.1" 200 45557
::1 - guest [29/Aug/2018:09:57:29 -0480] "GET /script/global.js HTTP/1.1" 200 0
::1 - guest [29/Aug/2018:09:57:30 -0480] "GET /content/notosansscsliced.css HTTP/1.1" 200 251196
::1 - guest [29/Aug/2018:09:57:30 -0480] "GET / HTTP/1.1" 200 787
::1 - guest [29/Aug/2018:09:57:30 -0480] "GET /font/NotoSansSCSliced-Regular.86.woff2 HTTP/1.1" 200 70092
::1 - guest [29/Aug/2018:09:57:30 -0480] "GET /font/NotoSansSCSliced-Medium.100.woff2 HTTP/1.1" 200 636696
::1 - guest [29/Aug/2018:09:57:30 -0480] "GET /font/NotoSansSCSliced-Regular.100.woff2 HTTP/1.1" 200 631612
::1 - guest [29/Aug/2018:09:57:30 -0480] "GET /font/fa-brands-400.woff2 HTTP/1.1" 200 64144
::1 - guest [29/Aug/2018:09:57:30 -0480] "GET /content/global.css HTTP/1.1" 200 1297
::1 - guest [29/Aug/2018:09:57:30 -0480] "GET /content/brands.css HTTP/1.1" 200 648
::1 - guest [29/Aug/2018:09:57:30 -0480] "GET /content/fontawesome.css HTTP/1.1" 200 45557
::1 - guest [29/Aug/2018:09:57:30 -0480] "GET /script/global.js HTTP/1.1" 200 0
::1 - guest [29/Aug/2018:09:57:30 -0480] "GET /content/notosansscsliced.css HTTP/1.1" 200 251196
::1 - guest [29/Aug/2018:09:57:30 -0480] "GET / HTTP/1.1" 200 787
::1 - guest [29/Aug/2018:09:57:30 -0480] "GET /font/NotoSansSCSliced-Medium.100.woff2 HTTP/1.1" 200 636696
::1 - guest [29/Aug/2018:09:57:30 -0480] "GET /font/NotoSansSCSliced-Regular.100.woff2 HTTP/1.1" 200 631612
::1 - guest [29/Aug/2018:09:57:30 -0480] "GET /content/global.css HTTP/1.1" 200 1297
::1 - guest [29/Aug/2018:09:57:30 -0480] "GET /content/brands.css HTTP/1.1" 200 648
::1 - guest [29/Aug/2018:09:57:30 -0480] "GET /content/fontawesome.css HTTP/1.1" 200 45557
::1 - guest [29/Aug/2018:09:57:30 -0480] "GET /script/global.js HTTP/1.1" 200 0
::1 - guest [29/Aug/2018:09:57:30 -0480] "GET /content/notosansscsliced.css HTTP/1.1" 200 251196
::1 - guest [29/Aug/2018:09:57:30 -0480] "GET /font/NotoSansSCSliced-Regular.86.woff2 HTTP/1.1" 200 70092
::1 - guest [29/Aug/2018:09:57:30 -0480] "GET /font/NotoSansSCSliced-Medium.100.woff2 HTTP/1.1" 200 636696
::1 - guest [29/Aug/2018:09:57:30 -0480] "GET /font/NotoSansSCSliced-Regular.100.woff2 HTTP/1.1" 200 631612
::1 - guest [29/Aug/2018:09:57:30 -0480] "GET /font/fa-brands-400.woff2 HTTP/1.1" 200 64144
::1 - guest [29/Aug/2018:09:57:30 -0480] "GET / HTTP/1.1" 200 787
::1 - guest [29/Aug/2018:09:57:30 -0480] "GET /content/global.css HTTP/1.1" 200 1297
::1 - guest [29/Aug/2018:09:57:30 -0480] "GET /content/brands.css HTTP/1.1" 200 648
::1 - guest [29/Aug/2018:09:57:30 -0480] "GET /content/fontawesome.css HTTP/1.1" 200 45557
::1 - guest [29/Aug/2018:09:57:30 -0480] "GET /script/global.js HTTP/1.1" 200 0
::1 - guest [29/Aug/2018:09:57:31 -0480] "GET /content/notosansscsliced.css HTTP/1.1" 200 251196
::1 - guest [29/Aug/2018:09:57:31 -0480] "GET /font/NotoSansSCSliced-Regular.86.woff2 HTTP/1.1" 200 70092
::1 - guest [29/Aug/2018:09:57:31 -0480] "GET /font/NotoSansSCSliced-Medium.100.woff2 HTTP/1.1" 200 636696
::1 - guest [29/Aug/2018:09:57:31 -0480] "GET /font/NotoSansSCSliced-Regular.100.woff2 HTTP/1.1" 200 631612
::1 - guest [29/Aug/2018:09:57:31 -0480] "GET /font/fa-brands-400.woff2 HTTP/1.1" 200 64144
::1 - guest [29/Aug/2018:09:57:31 -0480] "GET / HTTP/1.1" 200 787
::1 - guest [29/Aug/2018:09:57:31 -0480] "GET / HTTP/1.1" 200 787
::1 - guest [29/Aug/2018:09:57:31 -0480] "GET /content/global.css HTTP/1.1" 200 1297
::1 - guest [29/Aug/2018:09:57:31 -0480] "GET /content/brands.css HTTP/1.1" 200 648
::1 - guest [29/Aug/2018:09:57:31 -0480] "GET /content/fontawesome.css HTTP/1.1" 200 45557
::1 - guest [29/Aug/2018:09:57:31 -0480] "GET /script/global.js HTTP/1.1" 200 0
::1 - guest [29/Aug/2018:09:57:31 -0480] "GET /content/notosansscsliced.css HTTP/1.1" 200 251196
::1 - guest [29/Aug/2018:09:57:31 -0480] "GET / HTTP/1.1" 200 787
::1 - guest [29/Aug/2018:09:57:31 -0480] "GET /font/NotoSansSCSliced-Regular.86.woff2 HTTP/1.1" 200 70092
::1 - guest [29/Aug/2018:09:57:31 -0480] "GET /font/NotoSansSCSliced-Medium.100.woff2 HTTP/1.1" 200 636696
::1 - guest [29/Aug/2018:09:57:31 -0480] "GET /font/NotoSansSCSliced-Regular.100.woff2 HTTP/1.1" 200 631612
::1 - guest [29/Aug/2018:09:57:31 -0480] "GET /font/fa-brands-400.woff2 HTTP/1.1" 200 64144
::1 - guest [29/Aug/2018:09:57:31 -0480] "GET / HTTP/1.1" 200 787
::1 - guest [29/Aug/2018:09:57:31 -0480] "GET /content/global.css HTTP/1.1" 200 1297
::1 - guest [29/Aug/2018:09:57:31 -0480] "GET /content/brands.css HTTP/1.1" 200 648
::1 - guest [29/Aug/2018:09:57:31 -0480] "GET /content/fontawesome.css HTTP/1.1" 200 45557
::1 - guest [29/Aug/2018:09:57:31 -0480] "GET /script/global.js HTTP/1.1" 200 0
::1 - guest [29/Aug/2018:09:57:31 -0480] "GET /content/notosansscsliced.css HTTP/1.1" 200 251196
::1 - guest [29/Aug/2018:09:57:31 -0480] "GET /font/NotoSansSCSliced-Regular.86.woff2 HTTP/1.1" 200 70092
::1 - guest [29/Aug/2018:09:57:31 -0480] "GET /font/NotoSansSCSliced-Medium.100.woff2 HTTP/1.1" 200 636696
::1 - guest [29/Aug/2018:09:57:31 -0480] "GET /font/NotoSansSCSliced-Regular.100.woff2 HTTP/1.1" 200 631612
::1 - guest [29/Aug/2018:09:57:31 -0480] "GET /font/fa-brands-400.woff2 HTTP/1.1" 200 64144
::1 - guest [29/Aug/2018:09:57:32 -0480] "GET / HTTP/1.1" 200 787
::1 - guest [29/Aug/2018:09:57:32 -0480] "GET / HTTP/1.1" 200 787
::1 - guest [29/Aug/2018:09:57:32 -0480] "GET /content/global.css HTTP/1.1" 200 1297
::1 - guest [29/Aug/2018:09:57:32 -0480] "GET /content/brands.css HTTP/1.1" 200 648
::1 - guest [29/Aug/2018:09:57:32 -0480] "GET /content/fontawesome.css HTTP/1.1" 200 45557
::1 - guest [29/Aug/2018:09:57:32 -0480] "GET /script/global.js HTTP/1.1" 200 0
::1 - guest [29/Aug/2018:09:57:32 -0480] "GET /content/notosansscsliced.css HTTP/1.1" 200 251196
::1 - guest [29/Aug/2018:09:57:32 -0480] "GET / HTTP/1.1" 200 787
::1 - guest [29/Aug/2018:09:57:32 -0480] "GET /robots.txt HTTP/1.1" 404 3458
::1 - guest [29/Aug/2018:09:57:32 -0480] "GET / HTTP/1.1" 200 787
::1 - guest [29/Aug/2018:09:57:32 -0480] "GET /content/global.css HTTP/1.1" 200 1297
::1 - guest [29/Aug/2018:09:57:32 -0480] "GET /content/brands.css HTTP/1.1" 200 648
::1 - guest [29/Aug/2018:09:57:32 -0480] "GET /content/fontawesome.css HTTP/1.1" 200 45557
::1 - guest [29/Aug/2018:09:57:32 -0480] "GET /script/global.js HTTP/1.1" 200 0
::1 - guest [29/Aug/2018:09:57:32 -0480] "GET /content/notosansscsliced.css HTTP/1.1" 200 251196
::1 - guest [29/Aug/2018:09:57:33 -0480] "GET /font/NotoSansSCSliced-Regular.100.woff2 HTTP/1.1" 200 631612
::1 - guest [29/Aug/2018:09:57:33 -0480] "GET /font/NotoSansSCSliced-Medium.100.woff2 HTTP/1.1" 200 636696
::1 - guest [29/Aug/2018:09:57:33 -0480] "GET /font/NotoSansSCSliced-Regular.86.woff2 HTTP/1.1" 200 70092
::1 - guest [29/Aug/2018:09:57:33 -0480] "GET /font/fa-brands-400.woff2 HTTP/1.1" 200 64144
::1 - guest [29/Aug/2018:09:58:28 -0480] "GET / HTTP/1.1" 200 787
::1 - guest [29/Aug/2018:09:58:28 -0480] "GET /content/global.css HTTP/1.1" 200 1297
::1 - guest [29/Aug/2018:09:58:28 -0480] "GET /content/brands.css HTTP/1.1" 200 648
::1 - guest [29/Aug/2018:09:58:28 -0480] "GET /content/fontawesome.css HTTP/1.1" 200 45557
::1 - guest [29/Aug/2018:09:58:28 -0480] "GET /script/global.js HTTP/1.1" 200 0
::1 - guest [29/Aug/2018:09:58:28 -0480] "GET /content/notosansscsliced.css HTTP/1.1" 200 251196
::1 - guest [29/Aug/2018:09:58:28 -0480] "GET /font/NotoSansSCSliced-Regular.86.woff2 HTTP/1.1" 200 70092
::1 - guest [29/Aug/2018:09:58:28 -0480] "GET /font/NotoSansSCSliced-Medium.100.woff2 HTTP/1.1" 200 636696
::1 - guest [29/Aug/2018:09:58:28 -0480] "GET /font/NotoSansSCSliced-Regular.100.woff2 HTTP/1.1" 200 631612
::1 - guest [29/Aug/2018:09:58:28 -0480] "GET /font/fa-brands-400.woff2 HTTP/1.1" 200 64144
::1 - guest [29/Aug/2018:09:58:32 -0480] "GET / HTTP/1.1" 200 787
::1 - guest [29/Aug/2018:09:58:32 -0480] "GET /content/global.css HTTP/1.1" 200 1269
::1 - guest [29/Aug/2018:09:58:32 -0480] "GET /content/brands.css HTTP/1.1" 200 648
::1 - guest [29/Aug/2018:09:58:32 -0480] "GET /content/fontawesome.css HTTP/1.1" 200 45557
::1 - guest [29/Aug/2018:09:58:32 -0480] "GET /script/global.js HTTP/1.1" 200 0
::1 - guest [29/Aug/2018:09:58:32 -0480] "GET /content/notosansscsliced.css HTTP/1.1" 200 251196
::1 - guest [29/Aug/2018:09:58:32 -0480] "GET /font/NotoSansSCSliced-Regular.86.woff2 HTTP/1.1" 200 70092
::1 - guest [29/Aug/2018:09:58:32 -0480] "GET /font/NotoSansSCSliced-Medium.100.woff2 HTTP/1.1" 200 636696
::1 - guest [29/Aug/2018:09:58:32 -0480] "GET /font/NotoSansSCSliced-Regular.100.woff2 HTTP/1.1" 200 631612
::1 - guest [29/Aug/2018:09:58:32 -0480] "GET /font/fa-brands-400.woff2 HTTP/1.1" 200 64144
::1 - guest [29/Aug/2018:09:58:33 -0480] "GET / HTTP/1.1" 200 787
::1 - guest [29/Aug/2018:09:58:33 -0480] "GET /content/global.css HTTP/1.1" 200 1269
::1 - guest [29/Aug/2018:09:58:33 -0480] "GET /content/brands.css HTTP/1.1" 200 648
::1 - guest [29/Aug/2018:09:58:33 -0480] "GET /content/fontawesome.css HTTP/1.1" 200 45557
::1 - guest [29/Aug/2018:09:58:33 -0480] "GET /script/global.js HTTP/1.1" 200 0
::1 - guest [29/Aug/2018:09:58:33 -0480] "GET /content/notosansscsliced.css HTTP/1.1" 200 251196
::1 - guest [29/Aug/2018:09:58:33 -0480] "GET / HTTP/1.1" 200 787
::1 - guest [29/Aug/2018:09:58:33 -0480] "GET /content/global.css HTTP/1.1" 200 1269
::1 - guest [29/Aug/2018:09:58:33 -0480] "GET /content/brands.css HTTP/1.1" 200 648
::1 - guest [29/Aug/2018:09:58:33 -0480] "GET /content/fontawesome.css HTTP/1.1" 200 45557
::1 - guest [29/Aug/2018:09:58:33 -0480] "GET /script/global.js HTTP/1.1" 200 0
::1 - guest [29/Aug/2018:09:58:33 -0480] "GET /content/notosansscsliced.css HTTP/1.1" 200 251196
::1 - guest [29/Aug/2018:09:58:33 -0480] "GET /font/NotoSansSCSliced-Regular.86.woff2 HTTP/1.1" 200 70092
::1 - guest [29/Aug/2018:09:58:33 -0480] "GET /font/NotoSansSCSliced-Medium.100.woff2 HTTP/1.1" 200 636696
::1 - guest [29/Aug/2018:09:58:33 -0480] "GET /font/NotoSansSCSliced-Regular.100.woff2 HTTP/1.1" 200 631612
::1 - guest [29/Aug/2018:09:58:33 -0480] "GET /font/fa-brands-400.woff2 HTTP/1.1" 200 64144
::1 - guest [29/Aug/2018:09:59:34 -0480] "GET / HTTP/1.1" 200 787
::1 - guest [29/Aug/2018:09:59:34 -0480] "GET /content/global.css HTTP/1.1" 200 1269
::1 - guest [29/Aug/2018:09:59:34 -0480] "GET /content/brands.css HTTP/1.1" 200 648
::1 - guest [29/Aug/2018:09:59:34 -0480] "GET /content/fontawesome.css HTTP/1.1" 200 45557
::1 - guest [29/Aug/2018:09:59:34 -0480] "GET /script/global.js HTTP/1.1" 200 0
::1 - guest [29/Aug/2018:09:59:34 -0480] "GET /content/notosansscsliced.css HTTP/1.1" 200 251196
::1 - guest [29/Aug/2018:09:59:34 -0480] "GET / HTTP/1.1" 200 787
::1 - guest [29/Aug/2018:09:59:34 -0480] "GET /font/NotoSansSCSliced-Regular.86.woff2 HTTP/1.1" 200 70092
::1 - guest [29/Aug/2018:09:59:34 -0480] "GET /font/NotoSansSCSliced-Medium.100.woff2 HTTP/1.1" 200 636696
::1 - guest [29/Aug/2018:09:59:34 -0480] "GET /font/NotoSansSCSliced-Regular.100.woff2 HTTP/1.1" 200 631612
::1 - guest [29/Aug/2018:09:59:34 -0480] "GET /content/global.css HTTP/1.1" 200 1270
::1 - guest [29/Aug/2018:09:59:34 -0480] "GET /font/fa-brands-400.woff2 HTTP/1.1" 200 64144
::1 - guest [29/Aug/2018:09:59:34 -0480] "GET /content/brands.css HTTP/1.1" 200 648
::1 - guest [29/Aug/2018:09:59:34 -0480] "GET /content/fontawesome.css HTTP/1.1" 200 45557
::1 - guest [29/Aug/2018:09:59:34 -0480] "GET /script/global.js HTTP/1.1" 200 0
::1 - guest [29/Aug/2018:09:59:35 -0480] "GET /content/notosansscsliced.css HTTP/1.1" 200 251196
::1 - guest [29/Aug/2018:09:59:35 -0480] "GET / HTTP/1.1" 200 787
::1 - guest [29/Aug/2018:09:59:35 -0480] "GET /font/NotoSansSCSliced-Medium.100.woff2 HTTP/1.1" 200 636696
::1 - guest [29/Aug/2018:09:59:35 -0480] "GET /font/NotoSansSCSliced-Regular.100.woff2 HTTP/1.1" 200 631612
::1 - guest [29/Aug/2018:09:59:35 -0480] "GET /font/fa-brands-400.woff2 HTTP/1.1" 200 64144
::1 - guest [29/Aug/2018:09:59:35 -0480] "GET /content/global.css HTTP/1.1" 200 1270
::1 - guest [29/Aug/2018:09:59:35 -0480] "GET /content/brands.css HTTP/1.1" 200 648
::1 - guest [29/Aug/2018:09:59:35 -0480] "GET /content/fontawesome.css HTTP/1.1" 200 45557
::1 - guest [29/Aug/2018:09:59:35 -0480] "GET /script/global.js HTTP/1.1" 200 0
::1 - guest [29/Aug/2018:09:59:35 -0480] "GET /content/notosansscsliced.css HTTP/1.1" 200 251196
::1 - guest [29/Aug/2018:09:59:35 -0480] "GET /font/NotoSansSCSliced-Regular.86.woff2 HTTP/1.1" 200 70092
::1 - guest [29/Aug/2018:09:59:35 -0480] "GET /font/NotoSansSCSliced-Medium.100.woff2 HTTP/1.1" 200 636696
::1 - guest [29/Aug/2018:09:59:35 -0480] "GET /font/NotoSansSCSliced-Regular.100.woff2 HTTP/1.1" 200 631612
::1 - guest [29/Aug/2018:09:59:35 -0480] "GET /font/fa-brands-400.woff2 HTTP/1.1" 200 64144
::1 - guest [29/Aug/2018:10:00:53 -0480] "GET / HTTP/1.1" 200 787
::1 - guest [29/Aug/2018:10:00:53 -0480] "GET /content/global.css HTTP/1.1" 200 1270
::1 - guest [29/Aug/2018:10:00:53 -0480] "GET /content/brands.css HTTP/1.1" 200 648
::1 - guest [29/Aug/2018:10:00:53 -0480] "GET /content/fontawesome.css HTTP/1.1" 200 45557
::1 - guest [29/Aug/2018:10:00:53 -0480] "GET /script/global.js HTTP/1.1" 200 0
::1 - guest [29/Aug/2018:10:00:53 -0480] "GET /content/notosansscsliced.css HTTP/1.1" 200 251196
::1 - guest [29/Aug/2018:10:00:54 -0480] "GET /font/NotoSansSCSliced-Regular.86.woff2 HTTP/1.1" 200 70092
::1 - guest [29/Aug/2018:10:00:54 -0480] "GET /font/NotoSansSCSliced-Medium.100.woff2 HTTP/1.1" 200 636696
::1 - guest [29/Aug/2018:10:00:54 -0480] "GET /font/NotoSansSCSliced-Regular.100.woff2 HTTP/1.1" 200 631612
::1 - guest [29/Aug/2018:10:00:54 -0480] "GET /font/fa-brands-400.woff2 HTTP/1.1" 200 64144
::1 - guest [29/Aug/2018:10:00:55 -0480] "GET / HTTP/1.1" 200 890
::1 - guest [29/Aug/2018:10:00:55 -0480] "GET /content/global.css HTTP/1.1" 200 1270
::1 - guest [29/Aug/2018:10:00:55 -0480] "GET /content/brands.css HTTP/1.1" 200 648
::1 - guest [29/Aug/2018:10:00:55 -0480] "GET /content/fontawesome.css HTTP/1.1" 200 45557
::1 - guest [29/Aug/2018:10:00:55 -0480] "GET /script/global.js HTTP/1.1" 200 0
::1 - guest [29/Aug/2018:10:00:55 -0480] "GET /content/notosansscsliced.css HTTP/1.1" 200 251196
::1 - guest [29/Aug/2018:10:00:55 -0480] "GET /font/NotoSansSCSliced-Regular.86.woff2 HTTP/1.1" 200 70092
::1 - guest [29/Aug/2018:10:00:55 -0480] "GET /font/NotoSansSCSliced-Medium.100.woff2 HTTP/1.1" 200 636696
::1 - guest [29/Aug/2018:10:00:55 -0480] "GET /font/NotoSansSCSliced-Regular.100.woff2 HTTP/1.1" 200 631612
::1 - guest [29/Aug/2018:10:00:55 -0480] "GET /font/fa-brands-400.woff2 HTTP/1.1" 200 64144
::1 - guest [29/Aug/2018:10:01:56 -0480] "GET / HTTP/1.1" 200 890
::1 - guest [29/Aug/2018:10:01:56 -0480] "GET /content/global.css HTTP/1.1" 200 1270
::1 - guest [29/Aug/2018:10:01:56 -0480] "GET /content/brands.css HTTP/1.1" 200 648
::1 - guest [29/Aug/2018:10:01:56 -0480] "GET /content/fontawesome.css HTTP/1.1" 200 45557
::1 - guest [29/Aug/2018:10:01:56 -0480] "GET /script/global.js HTTP/1.1" 200 0
::1 - guest [29/Aug/2018:10:01:56 -0480] "GET /content/notosansscsliced.css HTTP/1.1" 200 251196
::1 - guest [29/Aug/2018:10:01:56 -0480] "GET /font/NotoSansSCSliced-Regular.86.woff2 HTTP/1.1" 200 70092
::1 - guest [29/Aug/2018:10:01:56 -0480] "GET /font/NotoSansSCSliced-Medium.100.woff2 HTTP/1.1" 200 636696
::1 - guest [29/Aug/2018:10:01:56 -0480] "GET /font/NotoSansSCSliced-Regular.100.woff2 HTTP/1.1" 200 631612
::1 - guest [29/Aug/2018:10:01:56 -0480] "GET /font/fa-brands-400.woff2 HTTP/1.1" 200 64144
::1 - guest [29/Aug/2018:10:01:57 -0480] "GET / HTTP/1.1" 200 890
::1 - guest [29/Aug/2018:10:01:58 -0480] "GET /content/global.css HTTP/1.1" 200 1409
::1 - guest [29/Aug/2018:10:01:58 -0480] "GET /content/brands.css HTTP/1.1" 200 648
::1 - guest [29/Aug/2018:10:01:58 -0480] "GET /content/fontawesome.css HTTP/1.1" 200 45557
::1 - guest [29/Aug/2018:10:01:58 -0480] "GET /script/global.js HTTP/1.1" 200 0
::1 - guest [29/Aug/2018:10:01:58 -0480] "GET /content/notosansscsliced.css HTTP/1.1" 200 251196
::1 - guest [29/Aug/2018:10:01:58 -0480] "GET /font/NotoSansSCSliced-Regular.86.woff2 HTTP/1.1" 200 70092
::1 - guest [29/Aug/2018:10:01:58 -0480] "GET /font/NotoSansSCSliced-Medium.100.woff2 HTTP/1.1" 200 636696
::1 - guest [29/Aug/2018:10:01:58 -0480] "GET /font/NotoSansSCSliced-Regular.100.woff2 HTTP/1.1" 200 631612
::1 - guest [29/Aug/2018:10:01:58 -0480] "GET /font/fa-brands-400.woff2 HTTP/1.1" 200 64144
::1 - guest [29/Aug/2018:10:02:09 -0480] "GET / HTTP/1.1" 200 890
::1 - guest [29/Aug/2018:10:02:09 -0480] "GET /content/global.css HTTP/1.1" 200 1409
::1 - guest [29/Aug/2018:10:02:09 -0480] "GET /content/brands.css HTTP/1.1" 200 648
::1 - guest [29/Aug/2018:10:02:09 -0480] "GET /content/fontawesome.css HTTP/1.1" 200 45557
::1 - guest [29/Aug/2018:10:02:09 -0480] "GET /script/global.js HTTP/1.1" 200 0
::1 - guest [29/Aug/2018:10:02:09 -0480] "GET /content/notosansscsliced.css HTTP/1.1" 200 251196
::1 - guest [29/Aug/2018:10:02:09 -0480] "GET /font/NotoSansSCSliced-Regular.86.woff2 HTTP/1.1" 200 70092
::1 - guest [29/Aug/2018:10:02:09 -0480] "GET /font/NotoSansSCSliced-Medium.100.woff2 HTTP/1.1" 200 636696
::1 - guest [29/Aug/2018:10:02:09 -0480] "GET /font/NotoSansSCSliced-Regular.100.woff2 HTTP/1.1" 200 631612
::1 - guest [29/Aug/2018:10:02:09 -0480] "GET /font/fa-brands-400.woff2 HTTP/1.1" 200 64144
::1 - guest [29/Aug/2018:10:02:09 -0480] "GET / HTTP/1.1" 200 890
::1 - guest [29/Aug/2018:10:02:09 -0480] "GET /content/global.css HTTP/1.1" 200 1418
::1 - guest [29/Aug/2018:10:02:09 -0480] "GET /content/brands.css HTTP/1.1" 200 648
::1 - guest [29/Aug/2018:10:02:09 -0480] "GET /content/fontawesome.css HTTP/1.1" 200 45557
::1 - guest [29/Aug/2018:10:02:09 -0480] "GET /script/global.js HTTP/1.1" 200 0
::1 - guest [29/Aug/2018:10:02:09 -0480] "GET /content/notosansscsliced.css HTTP/1.1" 200 251196
::1 - guest [29/Aug/2018:10:02:09 -0480] "GET /font/NotoSansSCSliced-Regular.86.woff2 HTTP/1.1" 200 70092
::1 - guest [29/Aug/2018:10:02:09 -0480] "GET /font/NotoSansSCSliced-Medium.100.woff2 HTTP/1.1" 200 636696
::1 - guest [29/Aug/2018:10:02:09 -0480] "GET /font/NotoSansSCSliced-Regular.100.woff2 HTTP/1.1" 200 631612
::1 - guest [29/Aug/2018:10:02:09 -0480] "GET /font/fa-brands-400.woff2 HTTP/1.1" 200 64144
::1 - guest [29/Aug/2018:10:02:25 -0480] "GET / HTTP/1.1" 200 890
::1 - guest [29/Aug/2018:10:02:25 -0480] "GET /content/global.css HTTP/1.1" 200 1418
::1 - guest [29/Aug/2018:10:02:25 -0480] "GET /content/brands.css HTTP/1.1" 200 648
::1 - guest [29/Aug/2018:10:02:25 -0480] "GET /content/fontawesome.css HTTP/1.1" 200 45557
::1 - guest [29/Aug/2018:10:02:25 -0480] "GET /script/global.js HTTP/1.1" 200 0
::1 - guest [29/Aug/2018:10:02:25 -0480] "GET /content/notosansscsliced.css HTTP/1.1" 200 251196
::1 - guest [29/Aug/2018:10:02:25 -0480] "GET /font/NotoSansSCSliced-Regular.86.woff2 HTTP/1.1" 200 70092
::1 - guest [29/Aug/2018:10:02:25 -0480] "GET /font/NotoSansSCSliced-Regular.100.woff2 HTTP/1.1" 200 631612
::1 - guest [29/Aug/2018:10:02:25 -0480] "GET /font/NotoSansSCSliced-Medium.100.woff2 HTTP/1.1" 200 636696
::1 - guest [29/Aug/2018:10:02:25 -0480] "GET /font/fa-brands-400.woff2 HTTP/1.1" 200 64144
::1 - guest [29/Aug/2018:10:02:25 -0480] "GET / HTTP/1.1" 200 890
::1 - guest [29/Aug/2018:10:02:26 -0480] "GET /content/global.css HTTP/1.1" 200 1453
::1 - guest [29/Aug/2018:10:02:26 -0480] "GET /content/brands.css HTTP/1.1" 200 648
::1 - guest [29/Aug/2018:10:02:26 -0480] "GET /content/fontawesome.css HTTP/1.1" 200 45557
::1 - guest [29/Aug/2018:10:02:26 -0480] "GET /script/global.js HTTP/1.1" 200 0
::1 - guest [29/Aug/2018:10:02:26 -0480] "GET /content/notosansscsliced.css HTTP/1.1" 200 251196
::1 - guest [29/Aug/2018:10:02:26 -0480] "GET /font/NotoSansSCSliced-Regular.86.woff2 HTTP/1.1" 200 70092
::1 - guest [29/Aug/2018:10:02:26 -0480] "GET /font/NotoSansSCSliced-Medium.100.woff2 HTTP/1.1" 200 636696
::1 - guest [29/Aug/2018:10:02:26 -0480] "GET /font/NotoSansSCSliced-Regular.100.woff2 HTTP/1.1" 200 631612
::1 - guest [29/Aug/2018:10:02:26 -0480] "GET /font/fa-brands-400.woff2 HTTP/1.1" 200 64144
::1 - guest [29/Aug/2018:10:02:26 -0480] "GET / HTTP/1.1" 200 890
::1 - guest [29/Aug/2018:10:02:26 -0480] "GET /content/global.css HTTP/1.1" 200 1453
::1 - guest [29/Aug/2018:10:02:26 -0480] "GET /content/brands.css HTTP/1.1" 200 648
::1 - guest [29/Aug/2018:10:02:26 -0480] "GET /content/fontawesome.css HTTP/1.1" 200 45557
::1 - guest [29/Aug/2018:10:02:26 -0480] "GET /script/global.js HTTP/1.1" 200 0
::1 - guest [29/Aug/2018:10:02:26 -0480] "GET /content/notosansscsliced.css HTTP/1.1" 200 251196
::1 - guest [29/Aug/2018:10:02:26 -0480] "GET /font/NotoSansSCSliced-Regular.86.woff2 HTTP/1.1" 200 70092
::1 - guest [29/Aug/2018:10:02:26 -0480] "GET /font/NotoSansSCSliced-Medium.100.woff2 HTTP/1.1" 200 636696
::1 - guest [29/Aug/2018:10:02:26 -0480] "GET /font/NotoSansSCSliced-Regular.100.woff2 HTTP/1.1" 200 631612
::1 - guest [29/Aug/2018:10:02:26 -0480] "GET /font/fa-brands-400.woff2 HTTP/1.1" 200 64144
::1 - guest [29/Aug/2018:10:02:46 -0480] "GET / HTTP/1.1" 200 890
::1 - guest [29/Aug/2018:10:02:46 -0480] "GET /content/global.css HTTP/1.1" 200 1453
::1 - guest [29/Aug/2018:10:02:46 -0480] "GET /content/brands.css HTTP/1.1" 200 648
::1 - guest [29/Aug/2018:10:02:46 -0480] "GET /content/fontawesome.css HTTP/1.1" 200 45557
::1 - guest [29/Aug/2018:10:02:46 -0480] "GET /script/global.js HTTP/1.1" 200 0
::1 - guest [29/Aug/2018:10:02:46 -0480] "GET /content/notosansscsliced.css HTTP/1.1" 200 251196
::1 - guest [29/Aug/2018:10:02:46 -0480] "GET /font/NotoSansSCSliced-Regular.86.woff2 HTTP/1.1" 200 70092
::1 - guest [29/Aug/2018:10:02:46 -0480] "GET /font/NotoSansSCSliced-Medium.100.woff2 HTTP/1.1" 200 636696
::1 - guest [29/Aug/2018:10:02:46 -0480] "GET /font/NotoSansSCSliced-Regular.100.woff2 HTTP/1.1" 200 631612
::1 - guest [29/Aug/2018:10:02:46 -0480] "GET /font/fa-brands-400.woff2 HTTP/1.1" 200 64144
::1 - guest [29/Aug/2018:10:02:48 -0480] "GET / HTTP/1.1" 200 890
::1 - guest [29/Aug/2018:10:02:48 -0480] "GET /content/global.css HTTP/1.1" 200 1453
::1 - guest [29/Aug/2018:10:02:48 -0480] "GET /content/brands.css HTTP/1.1" 200 648
::1 - guest [29/Aug/2018:10:02:48 -0480] "GET /content/fontawesome.css HTTP/1.1" 200 45557
::1 - guest [29/Aug/2018:10:02:48 -0480] "GET /script/global.js HTTP/1.1" 200 0
::1 - guest [29/Aug/2018:10:02:48 -0480] "GET /content/notosansscsliced.css HTTP/1.1" 200 251196
::1 - guest [29/Aug/2018:10:02:48 -0480] "GET /font/NotoSansSCSliced-Regular.86.woff2 HTTP/1.1" 200 70092
::1 - guest [29/Aug/2018:10:02:48 -0480] "GET /font/NotoSansSCSliced-Medium.100.woff2 HTTP/1.1" 200 636696
::1 - guest [29/Aug/2018:10:02:48 -0480] "GET /font/NotoSansSCSliced-Regular.100.woff2 HTTP/1.1" 200 631612
::1 - guest [29/Aug/2018:10:02:48 -0480] "GET /font/fa-brands-400.woff2 HTTP/1.1" 200 64144
::1 - guest [29/Aug/2018:10:02:48 -0480] "GET / HTTP/1.1" 200 890
::1 - guest [29/Aug/2018:10:02:49 -0480] "GET /content/global.css HTTP/1.1" 200 1453
::1 - guest [29/Aug/2018:10:02:49 -0480] "GET /content/brands.css HTTP/1.1" 200 648
::1 - guest [29/Aug/2018:10:02:49 -0480] "GET /content/fontawesome.css HTTP/1.1" 200 45557
::1 - guest [29/Aug/2018:10:02:49 -0480] "GET /script/global.js HTTP/1.1" 200 0
::1 - guest [29/Aug/2018:10:02:49 -0480] "GET /content/notosansscsliced.css HTTP/1.1" 200 251196
::1 - guest [29/Aug/2018:10:02:49 -0480] "GET /font/NotoSansSCSliced-Regular.86.woff2 HTTP/1.1" 200 70092
::1 - guest [29/Aug/2018:10:02:49 -0480] "GET /font/NotoSansSCSliced-Medium.100.woff2 HTTP/1.1" 200 636696
::1 - guest [29/Aug/2018:10:02:49 -0480] "GET /font/NotoSansSCSliced-Regular.100.woff2 HTTP/1.1" 200 631612
::1 - guest [29/Aug/2018:10:02:49 -0480] "GET /font/fa-brands-400.woff2 HTTP/1.1" 200 64144
::1 - guest [29/Aug/2018:10:03:36 -0480] "GET / HTTP/1.1" 200 890
::1 - guest [29/Aug/2018:10:03:36 -0480] "GET /content/global.css HTTP/1.1" 200 1453
::1 - guest [29/Aug/2018:10:03:36 -0480] "GET /content/brands.css HTTP/1.1" 200 648
::1 - guest [29/Aug/2018:10:03:36 -0480] "GET /content/fontawesome.css HTTP/1.1" 200 45557
::1 - guest [29/Aug/2018:10:03:36 -0480] "GET /script/global.js HTTP/1.1" 200 0
::1 - guest [29/Aug/2018:10:03:36 -0480] "GET /content/notosansscsliced.css HTTP/1.1" 200 251196
::1 - guest [29/Aug/2018:10:03:36 -0480] "GET /font/NotoSansSCSliced-Regular.86.woff2 HTTP/1.1" 200 70092
::1 - guest [29/Aug/2018:10:03:36 -0480] "GET /font/NotoSansSCSliced-Medium.100.woff2 HTTP/1.1" 200 636696
::1 - guest [29/Aug/2018:10:03:36 -0480] "GET /font/NotoSansSCSliced-Regular.100.woff2 HTTP/1.1" 200 631612
::1 - guest [29/Aug/2018:10:03:36 -0480] "GET /font/fa-brands-400.woff2 HTTP/1.1" 200 64144
::1 - guest [29/Aug/2018:10:03:37 -0480] "GET / HTTP/1.1" 200 890
::1 - guest [29/Aug/2018:10:03:37 -0480] "GET /content/global.css HTTP/1.1" 200 1585
::1 - guest [29/Aug/2018:10:03:37 -0480] "GET /content/brands.css HTTP/1.1" 200 648
::1 - guest [29/Aug/2018:10:03:37 -0480] "GET /content/fontawesome.css HTTP/1.1" 200 45557
::1 - guest [29/Aug/2018:10:03:37 -0480] "GET /script/global.js HTTP/1.1" 200 0
::1 - guest [29/Aug/2018:10:03:37 -0480] "GET /content/notosansscsliced.css HTTP/1.1" 200 251196
::1 - guest [29/Aug/2018:10:03:37 -0480] "GET /font/NotoSansSCSliced-Regular.86.woff2 HTTP/1.1" 200 70092
::1 - guest [29/Aug/2018:10:03:37 -0480] "GET /font/NotoSansSCSliced-Medium.100.woff2 HTTP/1.1" 200 636696
::1 - guest [29/Aug/2018:10:03:37 -0480] "GET /font/NotoSansSCSliced-Regular.100.woff2 HTTP/1.1" 200 631612
::1 - guest [29/Aug/2018:10:03:37 -0480] "GET /font/fa-brands-400.woff2 HTTP/1.1" 200 64144
::1 - guest [29/Aug/2018:10:07:41 -0480] "GET / HTTP/1.1" 200 890
::1 - guest [29/Aug/2018:10:07:41 -0480] "GET /content/global.css HTTP/1.1" 200 1585
::1 - guest [29/Aug/2018:10:07:41 -0480] "GET /content/brands.css HTTP/1.1" 200 648
::1 - guest [29/Aug/2018:10:07:41 -0480] "GET /content/fontawesome.css HTTP/1.1" 200 45557
::1 - guest [29/Aug/2018:10:07:41 -0480] "GET /script/global.js HTTP/1.1" 200 0
::1 - guest [29/Aug/2018:10:07:41 -0480] "GET /content/notosansscsliced.css HTTP/1.1" 200 251196
::1 - guest [29/Aug/2018:10:07:41 -0480] "GET / HTTP/1.1" 200 890
::1 - guest [29/Aug/2018:10:07:41 -0480] "GET /robots.txt HTTP/1.1" 404 3458
::1 - guest [29/Aug/2018:10:07:41 -0480] "GET /font/NotoSansSCSliced-Regular.86.woff2 HTTP/1.1" 200 70092
::1 - guest [29/Aug/2018:10:07:41 -0480] "GET /font/NotoSansSCSliced-Medium.100.woff2 HTTP/1.1" 200 636696
::1 - guest [29/Aug/2018:10:07:41 -0480] "GET /font/NotoSansSCSliced-Regular.100.woff2 HTTP/1.1" 200 631612
::1 - guest [29/Aug/2018:10:07:41 -0480] "GET /font/fa-brands-400.woff2 HTTP/1.1" 200 64144
::1 - guest [29/Aug/2018:10:07:41 -0480] "GET /content/global.css HTTP/1.1" 200 1639
::1 - guest [29/Aug/2018:10:07:41 -0480] "GET /content/brands.css HTTP/1.1" 200 648
::1 - guest [29/Aug/2018:10:07:41 -0480] "GET /content/fontawesome.css HTTP/1.1" 200 45557
::1 - guest [29/Aug/2018:10:07:41 -0480] "GET /script/global.js HTTP/1.1" 200 0
::1 - guest [29/Aug/2018:10:07:41 -0480] "GET /content/notosansscsliced.css HTTP/1.1" 200 251196
::1 - guest [29/Aug/2018:10:07:41 -0480] "GET / HTTP/1.1" 200 890
::1 - guest [29/Aug/2018:10:07:41 -0480] "GET /font/NotoSansSCSliced-Medium.100.woff2 HTTP/1.1" 200 636696
::1 - guest [29/Aug/2018:10:07:41 -0480] "GET /font/NotoSansSCSliced-Regular.100.woff2 HTTP/1.1" 200 631612
::1 - guest [29/Aug/2018:10:07:41 -0480] "GET /font/fa-brands-400.woff2 HTTP/1.1" 200 64144
::1 - guest [29/Aug/2018:10:07:41 -0480] "GET /content/global.css HTTP/1.1" 200 1639
::1 - guest [29/Aug/2018:10:07:41 -0480] "GET /content/brands.css HTTP/1.1" 200 648
::1 - guest [29/Aug/2018:10:07:41 -0480] "GET /content/fontawesome.css HTTP/1.1" 200 45557
::1 - guest [29/Aug/2018:10:07:41 -0480] "GET /script/global.js HTTP/1.1" 200 0
::1 - guest [29/Aug/2018:10:07:42 -0480] "GET /content/notosansscsliced.css HTTP/1.1" 200 251196
::1 - guest [29/Aug/2018:10:07:42 -0480] "GET / HTTP/1.1" 200 890
::1 - guest [29/Aug/2018:10:07:42 -0480] "GET /content/global.css HTTP/1.1" 200 1639
::1 - guest [29/Aug/2018:10:07:42 -0480] "GET /content/brands.css HTTP/1.1" 200 648
::1 - guest [29/Aug/2018:10:07:42 -0480] "GET /content/fontawesome.css HTTP/1.1" 200 45557
::1 - guest [29/Aug/2018:10:07:42 -0480] "GET /script/global.js HTTP/1.1" 200 0
::1 - guest [29/Aug/2018:10:07:42 -0480] "GET / HTTP/1.1" 200 890
::1 - guest [29/Aug/2018:10:07:42 -0480] "GET /font/NotoSansSCSliced-Medium.100.woff2 HTTP/1.1" 200 636696
::1 - guest [29/Aug/2018:10:07:42 -0480] "GET /font/NotoSansSCSliced-Regular.100.woff2 HTTP/1.1" 200 631612
::1 - guest [29/Aug/2018:10:07:42 -0480] "GET /content/global.css HTTP/1.1" 200 1639
::1 - guest [29/Aug/2018:10:07:42 -0480] "GET /content/brands.css HTTP/1.1" 200 648
::1 - guest [29/Aug/2018:10:07:42 -0480] "GET /content/fontawesome.css HTTP/1.1" 200 45557
::1 - guest [29/Aug/2018:10:07:42 -0480] "GET /script/global.js HTTP/1.1" 200 0
::1 - guest [29/Aug/2018:10:07:42 -0480] "GET /content/notosansscsliced.css HTTP/1.1" 200 251196
::1 - guest [29/Aug/2018:10:07:42 -0480] "GET /font/NotoSansSCSliced-Medium.100.woff2 HTTP/1.1" 200 636696
::1 - guest [29/Aug/2018:10:07:42 -0480] "GET /font/NotoSansSCSliced-Regular.100.woff2 HTTP/1.1" 200 631612
::1 - guest [29/Aug/2018:10:07:42 -0480] "GET /font/fa-brands-400.woff2 HTTP/1.1" 200 64144
::1 - guest [29/Aug/2018:10:07:42 -0480] "GET /font/NotoSansSCSliced-Regular.86.woff2 HTTP/1.1" 200 70092
::1 - guest [29/Aug/2018:10:07:54 -0480] "GET / HTTP/1.1" 200 890
::1 - guest [29/Aug/2018:10:07:54 -0480] "GET /content/global.css HTTP/1.1" 200 1639
::1 - guest [29/Aug/2018:10:07:54 -0480] "GET /content/brands.css HTTP/1.1" 200 648
::1 - guest [29/Aug/2018:10:07:54 -0480] "GET /content/fontawesome.css HTTP/1.1" 200 45557
::1 - guest [29/Aug/2018:10:07:54 -0480] "GET /script/global.js HTTP/1.1" 200 0
::1 - guest [29/Aug/2018:10:07:54 -0480] "GET /content/notosansscsliced.css HTTP/1.1" 200 251196
::1 - guest [29/Aug/2018:10:07:54 -0480] "GET / HTTP/1.1" 200 890
::1 - guest [29/Aug/2018:10:07:54 -0480] "GET /font/NotoSansSCSliced-Medium.100.woff2 HTTP/1.1" 200 636696
::1 - guest [29/Aug/2018:10:07:54 -0480] "GET /font/NotoSansSCSliced-Regular.100.woff2 HTTP/1.1" 200 631612
::1 - guest [29/Aug/2018:10:07:54 -0480] "GET /font/fa-brands-400.woff2 HTTP/1.1" 200 64144
::1 - guest [29/Aug/2018:10:07:54 -0480] "GET /content/global.css HTTP/1.1" 200 1507
::1 - guest [29/Aug/2018:10:07:54 -0480] "GET /content/brands.css HTTP/1.1" 200 648
::1 - guest [29/Aug/2018:10:07:54 -0480] "GET /content/fontawesome.css HTTP/1.1" 200 45557
::1 - guest [29/Aug/2018:10:07:54 -0480] "GET /script/global.js HTTP/1.1" 200 0
::1 - guest [29/Aug/2018:10:07:54 -0480] "GET /content/notosansscsliced.css HTTP/1.1" 200 251196
::1 - guest [29/Aug/2018:10:07:54 -0480] "GET / HTTP/1.1" 200 890
::1 - guest [29/Aug/2018:10:07:54 -0480] "GET /font/NotoSansSCSliced-Medium.100.woff2 HTTP/1.1" 200 636696
::1 - guest [29/Aug/2018:10:07:54 -0480] "GET /font/NotoSansSCSliced-Regular.100.woff2 HTTP/1.1" 200 631612
::1 - guest [29/Aug/2018:10:07:54 -0480] "GET /font/fa-brands-400.woff2 HTTP/1.1" 200 64144
::1 - guest [29/Aug/2018:10:07:54 -0480] "GET /content/global.css HTTP/1.1" 200 1507
::1 - guest [29/Aug/2018:10:07:54 -0480] "GET /content/brands.css HTTP/1.1" 200 648
::1 - guest [29/Aug/2018:10:07:54 -0480] "GET /content/fontawesome.css HTTP/1.1" 200 45557
::1 - guest [29/Aug/2018:10:07:54 -0480] "GET /script/global.js HTTP/1.1" 200 0
::1 - guest [29/Aug/2018:10:07:54 -0480] "GET /content/notosansscsliced.css HTTP/1.1" 200 251196
::1 - guest [29/Aug/2018:10:07:55 -0480] "GET /font/NotoSansSCSliced-Medium.100.woff2 HTTP/1.1" 200 636696
::1 - guest [29/Aug/2018:10:07:55 -0480] "GET /font/NotoSansSCSliced-Regular.100.woff2 HTTP/1.1" 200 631612
::1 - guest [29/Aug/2018:10:07:55 -0480] "GET /font/fa-brands-400.woff2 HTTP/1.1" 200 64144
::1 - guest [29/Aug/2018:10:07:55 -0480] "GET /font/NotoSansSCSliced-Regular.86.woff2 HTTP/1.1" 200 70092
::1 - guest [29/Aug/2018:10:39:32 -0480] "GET /robots.txt HTTP/1.1" 404 3458
