::1 - guest [30/Aug/2018:16:22:35 -0480] "GET /chat HTTP/1.1" 200 1392
::1 - guest [30/Aug/2018:16:23:10 -0480] "GET /chat HTTP/1.1" 200 1392
::1 - guest [30/Aug/2018:16:23:10 -0480] "GET /content/chat.css HTTP/1.1" 200 3556
::1 - guest [30/Aug/2018:16:23:10 -0480] "GET /content/brands.css HTTP/1.1" 200 648
::1 - guest [30/Aug/2018:16:23:10 -0480] "GET /content/fontawesome.css HTTP/1.1" 200 45557
::1 - guest [30/Aug/2018:16:23:10 -0480] "GET /script/chat.js HTTP/1.1" 200 1097
::1 - guest [30/Aug/2018:16:23:11 -0480] "GET /asset/home.png HTTP/1.1" 200 1237588
::1 - guest [30/Aug/2018:16:23:16 -0480] "GET /chat HTTP/1.1" 200 1392
::1 - guest [30/Aug/2018:16:23:16 -0480] "GET /content/chat.css HTTP/1.1" 200 3556
::1 - guest [30/Aug/2018:16:23:16 -0480] "GET /content/brands.css HTTP/1.1" 200 648
::1 - guest [30/Aug/2018:16:23:16 -0480] "GET /content/fontawesome.css HTTP/1.1" 200 45557
::1 - guest [30/Aug/2018:16:23:16 -0480] "GET /script/chat.js HTTP/1.1" 200 1097
::1 - guest [30/Aug/2018:16:23:17 -0480] "GET /content/notosansscsliced.css HTTP/1.1" 200 251196
::1 - guest [30/Aug/2018:16:23:17 -0480] "GET /asset/home.png HTTP/1.1" 200 1237588
::1 - guest [30/Aug/2018:16:23:17 -0480] "GET /font/fa-brands-400.woff2 HTTP/1.1" 200 64144
::1 - guest [30/Aug/2018:16:25:17 -0480] "GET /font/NotoSansSCSliced-Regular.100.woff2 HTTP/1.1" 200 631612
::1 - guest [30/Aug/2018:16:25:17 -0480] "GET /font/NotoSansSCSliced-Regular.86.woff2 HTTP/1.1" 200 70092
::1 - guest [30/Aug/2018:16:27:55 -0480] "GET /chat HTTP/1.1" 200 1392
::1 - guest [30/Aug/2018:16:28:34 -0480] "GET /chat HTTP/1.1" 200 1392
::1 - guest [30/Aug/2018:16:28:34 -0480] "GET /content/chat.css HTTP/1.1" 200 3556
::1 - guest [30/Aug/2018:16:28:34 -0480] "GET /content/brands.css HTTP/1.1" 200 648
::1 - guest [30/Aug/2018:16:28:34 -0480] "GET /content/fontawesome.css HTTP/1.1" 200 45557
::1 - guest [30/Aug/2018:16:28:34 -0480] "GET /script/chat.js HTTP/1.1" 200 1097
::1 - guest [30/Aug/2018:16:28:35 -0480] "GET /asset/home.png HTTP/1.1" 200 1237588
::1 - guest [30/Aug/2018:16:28:46 -0480] "GET /chat HTTP/1.1" 200 1392
::1 - guest [30/Aug/2018:16:28:46 -0480] "GET /content/chat.css HTTP/1.1" 200 3556
::1 - guest [30/Aug/2018:16:28:46 -0480] "GET /content/brands.css HTTP/1.1" 200 648
::1 - guest [30/Aug/2018:16:28:46 -0480] "GET /content/fontawesome.css HTTP/1.1" 200 45557
::1 - guest [30/Aug/2018:16:28:46 -0480] "GET /script/chat.js HTTP/1.1" 200 1097
::1 - guest [30/Aug/2018:16:28:47 -0480] "GET /content/notosansscsliced.css HTTP/1.1" 200 251196
::1 - guest [30/Aug/2018:16:28:47 -0480] "GET /asset/home.png HTTP/1.1" 200 1237588
::1 - guest [30/Aug/2018:16:28:47 -0480] "GET /font/fa-brands-400.woff2 HTTP/1.1" 200 64144
::1 - guest [30/Aug/2018:16:28:58 -0480] "GET /chat HTTP/1.1" 200 1392
::1 - guest [30/Aug/2018:16:28:58 -0480] "GET /content/chat.css HTTP/1.1" 200 3556
::1 - guest [30/Aug/2018:16:28:58 -0480] "GET /content/brands.css HTTP/1.1" 200 648
::1 - guest [30/Aug/2018:16:28:58 -0480] "GET /content/fontawesome.css HTTP/1.1" 200 45557
::1 - guest [30/Aug/2018:16:28:58 -0480] "GET /script/chat.js HTTP/1.1" 200 1097
::1 - guest [30/Aug/2018:16:28:59 -0480] "GET /asset/home.png HTTP/1.1" 200 1237588
::1 - guest [30/Aug/2018:16:28:59 -0480] "GET /content/notosansscsliced.css HTTP/1.1" 200 251196
::1 - guest [30/Aug/2018:16:28:59 -0480] "GET /font/NotoSansSCSliced-Regular.100.woff2 HTTP/1.1" 200 631612
::1 - guest [30/Aug/2018:16:28:59 -0480] "GET /font/fa-brands-400.woff2 HTTP/1.1" 200 64144
::1 - guest [30/Aug/2018:16:28:59 -0480] "GET /font/NotoSansSCSliced-Regular.86.woff2 HTTP/1.1" 200 70092
::1 - guest [30/Aug/2018:16:56:56 -0480] "GET /robots.txt HTTP/1.1" 404 3458
::1 - guest [30/Aug/2018:16:56:56 -0480] "GET /chat HTTP/1.1" 200 1392
::1 - guest [30/Aug/2018:16:58:07 -0480] "GET /chat HTTP/1.1" 200 1392
::1 - guest [30/Aug/2018:16:58:07 -0480] "GET /content/chat.css HTTP/1.1" 200 3556
::1 - guest [30/Aug/2018:16:58:07 -0480] "GET /content/brands.css HTTP/1.1" 200 648
::1 - guest [30/Aug/2018:16:58:07 -0480] "GET /content/fontawesome.css HTTP/1.1" 200 45557
::1 - guest [30/Aug/2018:16:58:07 -0480] "GET /script/chat.js HTTP/1.1" 200 1489
::1 - guest [30/Aug/2018:16:58:08 -0480] "GET /asset/home.png HTTP/1.1" 200 1237588
::1 - guest [30/Aug/2018:16:58:08 -0480] "GET /font/fa-brands-400.woff2 HTTP/1.1" 200 64144
::1 - guest [30/Aug/2018:16:58:09 -0480] "GET /chat HTTP/1.1" 200 1392
::1 - guest [30/Aug/2018:16:58:09 -0480] "GET /content/chat.css HTTP/1.1" 200 3556
::1 - guest [30/Aug/2018:16:58:09 -0480] "GET /content/brands.css HTTP/1.1" 200 648
::1 - guest [30/Aug/2018:16:58:09 -0480] "GET /content/fontawesome.css HTTP/1.1" 200 45557
::1 - guest [30/Aug/2018:16:58:09 -0480] "GET /script/chat.js HTTP/1.1" 200 1489
::1 - guest [30/Aug/2018:16:58:09 -0480] "GET /content/notosansscsliced.css HTTP/1.1" 200 251196
::1 - guest [30/Aug/2018:16:58:09 -0480] "GET /asset/home.png HTTP/1.1" 200 1237588
::1 - guest [30/Aug/2018:16:58:10 -0480] "GET /font/fa-brands-400.woff2 HTTP/1.1" 200 64144
::1 - guest [30/Aug/2018:16:58:17 -0480] "GET /asset/home.png HTTP/1.1" 200 1237588
::1 - guest [30/Aug/2018:16:58:49 -0480] "GET /chat HTTP/1.1" 200 1392
::1 - guest [30/Aug/2018:16:59:12 -0480] "GET /chat HTTP/1.1" 200 1392
::1 - guest [30/Aug/2018:17:00:03 -0480] "GET /chat HTTP/1.1" 200 1392
::1 - guest [30/Aug/2018:17:00:03 -0480] "GET /content/chat.css HTTP/1.1" 200 3556
::1 - guest [30/Aug/2018:17:00:03 -0480] "GET /content/brands.css HTTP/1.1" 200 648
::1 - guest [30/Aug/2018:17:00:03 -0480] "GET /content/fontawesome.css HTTP/1.1" 200 45557
::1 - guest [30/Aug/2018:17:00:03 -0480] "GET /script/chat.js HTTP/1.1" 200 1489
::1 - guest [30/Aug/2018:17:00:04 -0480] "GET /asset/home.png HTTP/1.1" 200 1237588
::1 - guest [30/Aug/2018:17:00:26 -0480] "GET /chat HTTP/1.1" 200 1392
::1 - guest [30/Aug/2018:17:00:26 -0480] "GET /content/chat.css HTTP/1.1" 200 3556
::1 - guest [30/Aug/2018:17:00:26 -0480] "GET /content/brands.css HTTP/1.1" 200 648
::1 - guest [30/Aug/2018:17:00:26 -0480] "GET /content/fontawesome.css HTTP/1.1" 200 45557
::1 - guest [30/Aug/2018:17:00:26 -0480] "GET /script/chat.js HTTP/1.1" 200 1489
::1 - guest [30/Aug/2018:17:00:27 -0480] "GET /content/notosansscsliced.css HTTP/1.1" 200 251196
::1 - guest [30/Aug/2018:17:00:27 -0480] "GET /asset/home.png HTTP/1.1" 200 1237588
::1 - guest [30/Aug/2018:17:00:27 -0480] "GET /font/NotoSansSCSliced-Regular.100.woff2 HTTP/1.1" 200 631612
::1 - guest [30/Aug/2018:17:00:27 -0480] "GET /font/fa-brands-400.woff2 HTTP/1.1" 200 64144
::1 - guest [30/Aug/2018:17:00:27 -0480] "GET /font/NotoSansSCSliced-Regular.86.woff2 HTTP/1.1" 200 70092
::1 - guest [30/Aug/2018:17:01:02 -0480] "GET /chat HTTP/1.1" 200 1392
::1 - guest [30/Aug/2018:17:01:22 -0480] "GET /chat HTTP/1.1" 200 1392
